19.4s 1 Number of threads: 745
24.0s 2 Thread 1: getting 4013 links ...
24.0s 3 Thread 2: getting 4008 links ...
24.0s 4 Thread 3: getting 3995 links ...
24.0s 5 Thread 4: getting 3935 links ...
24.0s 6 Thread 5: getting 3926 links ...
24.0s 7 Thread 6: getting 3793 links ...
24.0s 8 Thread 7: getting 3792 links ...
24.0s 9 Thread 8: getting 3744 links ...
325.4s 10 There is an invalid link: https://propertyhub.in.th/en/condo-for-rent/tawanna
601.7s 11 There is an invalid link: https://propertyhub.in.th/en/condo-for-rent/ramkhamhaeng-university
607.5s 12 Thread 6: finished !!!
607.5s 13 Thread 9: getting 3703 links ...
730.5s 14 Thread 5: finished !!!
730.5s 15 Thread 10: getting 3641 links ...
889.1s 16 Thread 7: finished !!!
889.1s 17 Thread 11: getting 3636 links ...
969.4s 18 Thread 4: finished !!!
969.4s 19 Thread 12: getting 3632 links ...
1018.7s 20 Thread 3: finished !!!
1018.7s 21 Thread 13: getting 3625 links ...
1033.9s 22 Thread 8: finished !!!
1033.9s 23 Thread 14: getting 3545 links ...
1062.6s 24 Thread 2: finished !!!
1062.6s 25 Thread 15: getting 3539 links ...
1119.8s 26 Thread 1: finished !!!
1119.8s 27 Thread 16: getting 3515 links ...
1245.2s 28 Thread 9: finished !!!
1245.2s 29 Thread 17: getting 3481 links ...
1523.4s 30 Thread 10: finished !!!
1523.4s 31 Thread 18: getting 3403 links ...
1526.6s 32 Thread 11: finished !!!
1526.6s 33 Thread 19: getting 3384 links ...
1588.1s 34 Thread 15: finished !!!
1588.1s 35 Thread 20: getting 3367 links ...
1605.2s 36 Thread 14: finished !!!
1605.2s 37 Thread 21: getting 3341 links ...
1609.2s 38 Thread 16: finished !!!
1609.2s 39 Thread 22: getting 3275 links ...
1620.2s 40 Thread 13: finished !!!
1620.2s 41 Thread 23: getting 3208 links ...
1838.6s 42 Thread 12: finished !!!
1838.6s 43 Thread 24: getting 3147 links ...
1981.9s 44 There is an invalid link: https://propertyhub.in.th/en/condo-for-rent/rattana-bandit-university-rbac
1986.1s 45 Thread 17: finished !!!
1986.1s 46 Thread 25: getting 3133 links ...
2126.3s 47 Thread 19: finished !!!
2126.3s 48 Thread 26: getting 3114 links ...
2173.3s 49 Thread 21: finished !!!
2173.3s 50 Thread 27: getting 3087 links ...
2213.0s 51 Thread 18: finished !!!
2213.0s 52 Thread 28: getting 3076 links ...
2245.7s 53 Thread 22: finished !!!
2245.7s 54 Thread 29: getting 3046 links ...
2266.9s 55 There is an invalid link: https://propertyhub.in.th/en/condo-for-rent/suan-plu-station--2
2295.4s 56 There is an invalid link: https://propertyhub.in.th/en/condo-for-rent/sukhothai-thammathirat-open-university
2310.2s 57 There is an invalid link: https://propertyhub.in.th/en/condo-for-rent/pak-kret-nonthaburi
2350.9s 58 Thread 20: finished !!!
2350.9s 59 Thread 30: getting 3011 links ...
2352.0s 60 Thread 24: finished !!!
2352.0s 61 Thread 31: getting 2999 links ...
2357.9s 62 Thread 25: finished !!!
2357.9s 63 Thread 32: getting 2999 links ...
2396.8s 64 Thread 23: finished !!!
2396.8s 65 Thread 33: getting 2959 links ...
2406.6s 66 Thread 26: finished !!!
2406.6s 67 Thread 34: getting 2890 links ...
2417.8s 68 Thread 27: finished !!!
2417.8s 69 Thread 35: getting 2872 links ...
2693.7s 70 Thread 35: finished !!!
2693.7s 71 Thread 36: getting 2862 links ...
2701.1s 72 Thread 31: finished !!!
2701.1s 73 Thread 37: getting 2746 links ...
2742.7s 74 Thread 34: finished !!!
2742.7s 75 Thread 38: getting 2726 links ...
2832.3s 76 Thread 29: finished !!!
2832.3s 77 Thread 39: getting 2720 links ...
2896.9s 78 There is an invalid link: https://propertyhub.in.th/en/condo-for-sale/national-institute-of-development-administration-nida
2896.9s 79 Thread 28: finished !!!
2896.9s 80 Thread 40: getting 2703 links ...
2904.9s 81 Thread 32: finished !!!
2904.9s 82 Thread 41: getting 2700 links ...
2944.8s 83 Thread 33: finished !!!
2944.8s 84 Thread 42: getting 2686 links ...
3011.5s 85 Thread 38: finished !!!
3011.5s 86 Thread 43: getting 2656 links ...
3033.5s 87 Thread 30: finished !!!
3033.5s 88 Thread 44: getting 2641 links ...
3123.6s 89 Thread 36: finished !!!
3123.6s 90 Thread 45: getting 2635 links ...
3152.8s 91 Thread 39: finished !!!
3152.8s 92 Thread 46: getting 2620 links ...
3228.7s 93 Thread 37: finished !!!
3228.7s 94 Thread 47: getting 2581 links ...
3295.9s 95 Thread 41: finished !!!
3295.9s 96 Thread 48: getting 2563 links ...
3442.0s 97 Thread 42: finished !!!
3442.0s 98 Thread 49: getting 2546 links ...
3485.0s 99 Thread 40: finished !!!
3485.0s 100 Thread 50: getting 2531 links ...
3558.0s 101 Thread 44: finished !!!
3558.0s 102 Thread 51: getting 2525 links ...
3606.8s 103 Thread 47: finished !!!
3606.8s 104 Thread 52: getting 2509 links ...
3631.7s 105 Thread 46: finished !!!
3631.7s 106 Thread 53: getting 2428 links ...
3720.4s 107 Thread 45: finished !!!
3720.4s 108 Thread 54: getting 2398 links ...
3726.1s 109 Thread 43: finished !!!
3726.1s 110 Thread 55: getting 2386 links ...
3740.0s 111 Thread 48: finished !!!
3740.0s 112 Thread 56: getting 2380 links ...
3803.1s 113 Thread 49: finished !!!
3803.1s 114 Thread 57: getting 2346 links ...
3997.0s 115 Thread 55: finished !!!
3997.0s 116 Thread 58: getting 2303 links ...
3997.8s 117 Thread 52: finished !!!
3997.8s 118 Thread 59: getting 2266 links ...
4027.5s 119 Thread 50: finished !!!
4027.5s 120 Thread 60: getting 2265 links ...
4092.0s 121 Thread 51: finished !!!
4092.0s 122 Thread 61: getting 2261 links ...
4115.6s 123 Thread 56: finished !!!
4115.6s 124 Thread 62: getting 2219 links ...
4145.8s 125 Thread 54: finished !!!
4145.8s 126 Thread 63: getting 2197 links ...
4263.1s 127 Thread 59: finished !!!
4263.1s 128 Thread 64: getting 2194 links ...
4296.1s 129 Thread 53: finished !!!
4296.1s 130 Thread 65: getting 2176 links ...
4298.6s 131 There is an invalid link: https://propertyhub.in.th/en/condo-for-sale/yothinburana-school
4298.6s 132 Thread 57: finished !!!
4298.6s 133 Thread 66: getting 2168 links ...
4369.4s 134 Thread 58: finished !!!
4369.4s 135 Thread 67: getting 2155 links ...
4395.6s 136 Thread 60: finished !!!
4395.6s 137 Thread 68: getting 2148 links ...
4476.1s 138 Thread 62: finished !!!
4476.1s 139 Thread 69: getting 2139 links ...
4482.3s 140 Thread 61: finished !!!
4482.3s 141 Thread 70: getting 2139 links ...
4578.3s 142 Thread 64: finished !!!
4578.3s 143 Thread 71: getting 2121 links ...
4645.6s 144 Thread 63: finished !!!
4645.6s 145 Thread 72: getting 2120 links ...
4704.4s 146 Thread 68: finished !!!
4704.4s 147 Thread 73: getting 2105 links ...
4704.8s 148 Thread 67: finished !!!
4704.8s 149 Thread 74: getting 2044 links ...
4734.4s 150 Thread 66: finished !!!
4734.4s 151 Thread 75: getting 2026 links ...
4769.1s 152 Thread 65: finished !!!
4769.1s 153 Thread 76: getting 2022 links ...
4886.9s 154 Thread 69: finished !!!
4886.9s 155 Thread 77: getting 2022 links ...
4983.3s 156 Thread 70: finished !!!
4983.3s 157 Thread 78: getting 2022 links ...
5021.3s 158 Thread 71: finished !!!
5021.3s 159 Thread 79: getting 2009 links ...
5049.5s 160 Thread 74: finished !!!
5049.5s 161 Thread 80: getting 1923 links ...
5090.1s 162 Thread 73: finished !!!
5090.1s 163 Thread 81: getting 1905 links ...
5127.8s 164 Thread 76: finished !!!
5127.8s 165 Thread 82: getting 1904 links ...
5211.6s 166 Thread 72: finished !!!
5211.6s 167 Thread 83: getting 1902 links ...
5215.0s 168 Thread 75: finished !!!
5215.0s 169 Thread 84: getting 1893 links ...
5305.0s 170 Thread 77: finished !!!
5305.0s 171 Thread 85: getting 1870 links ...
5337.8s 172 Thread 78: finished !!!
5337.8s 173 Thread 86: getting 1809 links ...
5349.5s 174 Thread 79: finished !!!
5349.5s 175 Thread 87: getting 1772 links ...
5453.3s 176 Thread 81: finished !!!
5453.3s 177 Thread 88: getting 1770 links ...
5460.4s 178 Thread 80: finished !!!
5460.4s 179 Thread 89: getting 1762 links ...
5573.6s 180 Thread 87: finished !!!
5573.6s 181 Thread 90: getting 1753 links ...
5604.5s 182 Thread 82: finished !!!
5604.5s 183 Thread 91: getting 1751 links ...
5611.4s 184 Thread 84: finished !!!
5611.4s 185 Thread 92: getting 1747 links ...
5639.2s 186 Thread 85: finished !!!
5639.2s 187 Thread 93: getting 1732 links ...
5662.4s 188 Thread 83: finished !!!
5662.4s 189 Thread 94: getting 1715 links ...
5736.3s 190 Thread 86: finished !!!
5736.3s 191 Thread 95: getting 1676 links ...
5744.2s 192 Thread 89: finished !!!
5744.2s 193 Thread 96: getting 1672 links ...
5815.6s 194 Thread 92: finished !!!
5815.6s 195 Thread 97: getting 1660 links ...
5823.1s 196 Thread 88: finished !!!
5823.1s 197 Thread 98: getting 1653 links ...
5884.1s 198 There is an invalid link: https://propertyhub.in.th/en/condo-for-rent/mrt-wat-phra-ram-9
5895.4s 199 Thread 90: finished !!!
5895.4s 200 Thread 99: getting 1617 links ...
5912.2s 201 Thread 94: finished !!!
5912.2s 202 Thread 100: getting 1608 links ...
5932.9s 203 Thread 91: finished !!!
5932.9s 204 Thread 101: getting 1585 links ...
5949.1s 205 Thread 93: finished !!!
5949.1s 206 Thread 102: getting 1572 links ...
5967.1s 207 Thread 95: finished !!!
5967.1s 208 Thread 103: getting 1572 links ...
6023.1s 209 Thread 96: finished !!!
6023.1s 210 Thread 104: getting 1571 links ...
6037.3s 211 Thread 98: finished !!!
6037.3s 212 Thread 105: getting 1540 links ...
6060.7s 213 Thread 101: finished !!!
6060.7s 214 Thread 106: getting 1535 links ...
6077.4s 215 Thread 100: finished !!!
6077.4s 216 Thread 107: getting 1509 links ...
6098.6s 217 Thread 102: finished !!!
6098.6s 218 Thread 108: getting 1507 links ...
6107.9s 219 Thread 103: finished !!!
6107.9s 220 Thread 109: getting 1500 links ...
6133.1s 221 Thread 99: finished !!!
6133.1s 222 Thread 110: getting 1496 links ...
6138.3s 223 Thread 97: finished !!!
6138.3s 224 Thread 111: getting 1491 links ...
6227.1s 225 Thread 105: finished !!!
6227.1s 226 Thread 112: getting 1472 links ...
6275.5s 227 Thread 107: finished !!!
6275.5s 228 Thread 113: getting 1464 links ...
6299.4s 229 Thread 110: finished !!!
6299.4s 230 Thread 114: getting 1459 links ...
6323.5s 231 Thread 111: finished !!!
6323.5s 232 Thread 115: getting 1456 links ...
6338.2s 233 Thread 104: finished !!!
6338.2s 234 Thread 116: getting 1443 links ...
6381.0s 235 Thread 108: finished !!!
6381.0s 236 Thread 117: getting 1432 links ...
6383.3s 237 Thread 106: finished !!!
6383.3s 238 Thread 118: getting 1426 links ...
6398.5s 239 Thread 109: finished !!!
6398.5s 240 Thread 119: getting 1426 links ...
6426.0s 241 Thread 113: finished !!!
6426.0s 242 Thread 120: getting 1423 links ...
6461.2s 243 Thread 117: finished !!!
6461.2s 244 Thread 121: getting 1421 links ...
6477.1s 245 Thread 112: finished !!!
6477.1s 246 Thread 122: getting 1400 links ...
6518.4s 247 Thread 116: finished !!!
6518.4s 248 Thread 123: getting 1398 links ...
6520.9s 249 Thread 114: finished !!!
6520.9s 250 Thread 124: getting 1373 links ...
6544.4s 251 Thread 120: finished !!!
6544.4s 252 Thread 125: getting 1366 links ...
6548.7s 253 Thread 115: finished !!!
6548.7s 254 Thread 126: getting 1342 links ...
6556.6s 255 Thread 118: finished !!!
6556.6s 256 Thread 127: getting 1323 links ...
6609.4s 257 Thread 121: finished !!!
6609.4s 258 Thread 128: getting 1321 links ...
6628.2s 259 Thread 124: finished !!!
6628.2s 260 Thread 129: getting 1310 links ...
6634.7s 261 Thread 122: finished !!!
6634.7s 262 Thread 130: getting 1306 links ...
6669.4s 263 Thread 125: finished !!!
6669.4s 264 Thread 131: getting 1303 links ...
6671.8s 265 Thread 119: finished !!!
6671.8s 266 Thread 132: getting 1301 links ...
6716.6s 267 Thread 123: finished !!!
6716.6s 268 Thread 133: getting 1294 links ...
6727.8s 269 Thread 127: finished !!!
6727.8s 270 Thread 134: getting 1277 links ...
6748.2s 271 Thread 126: finished !!!
6748.2s 272 Thread 135: getting 1258 links ...
6771.8s 273 Thread 130: finished !!!
6771.8s 274 Thread 136: getting 1228 links ...
6780.1s 275 Thread 128: finished !!!
6780.1s 276 Thread 137: getting 1225 links ...
6789.4s 277 Thread 129: finished !!!
6789.4s 278 Thread 138: getting 1224 links ...
6801.5s 279 Thread 132: finished !!!
6801.5s 280 Thread 139: getting 1223 links ...
6862.7s 281 Thread 133: finished !!!
6862.7s 282 Thread 140: getting 1206 links ...
6884.2s 283 Thread 138: finished !!!
6884.2s 284 Thread 141: getting 1202 links ...
6913.6s 285 Thread 131: finished !!!
6913.6s 286 Thread 142: getting 1173 links ...
6915.1s 287 Thread 135: finished !!!
6915.1s 288 Thread 143: getting 1168 links ...
6915.7s 289 Thread 137: finished !!!
6915.7s 290 Thread 144: getting 1162 links ...
6925.1s 291 Thread 136: finished !!!
6925.1s 292 Thread 145: getting 1157 links ...
6947.0s 293 Thread 139: finished !!!
6947.0s 294 Thread 146: getting 1144 links ...
6956.1s 295 Thread 134: finished !!!
6956.1s 296 Thread 147: getting 1144 links ...
6960.3s 297 Thread 140: finished !!!
6960.3s 298 Thread 148: getting 1126 links ...
7018.9s 299 Thread 145: finished !!!
7018.9s 300 Thread 149: getting 1117 links ...
7029.2s 301 Thread 141: finished !!!
7029.2s 302 Thread 150: getting 1114 links ...
7042.0s 303 Thread 142: finished !!!
7042.0s 304 Thread 151: getting 1110 links ...
7064.7s 305 Thread 144: finished !!!
7064.7s 306 Thread 152: getting 1105 links ...
7105.2s 307 Thread 146: finished !!!
7105.2s 308 Thread 153: getting 1090 links ...
7119.0s 309 Thread 149: finished !!!
7119.0s 310 Thread 154: getting 1087 links ...
7134.7s 311 Thread 143: finished !!!
7134.7s 312 Thread 155: getting 1081 links ...
7144.1s 313 Thread 148: finished !!!
7144.1s 314 Thread 156: getting 1047 links ...
7152.6s 315 Thread 151: finished !!!
7152.6s 316 Thread 157: getting 1042 links ...
7156.2s 317 Thread 150: finished !!!
7156.2s 318 Thread 158: getting 1041 links ...
7168.1s 319 Thread 152: finished !!!
7168.1s 320 Thread 159: getting 1032 links ...
7193.4s 321 Thread 147: finished !!!
7193.4s 322 Thread 160: getting 1019 links ...
7214.1s 323 Thread 155: finished !!!
7214.1s 324 Thread 161: getting 1017 links ...
7223.3s 325 Thread 157: finished !!!
7223.3s 326 Thread 162: getting 1012 links ...
7237.1s 327 Thread 154: finished !!!
7237.1s 328 Thread 163: getting 1010 links ...
7248.5s 329 Thread 153: finished !!!
7248.5s 330 Thread 164: getting 1008 links ...
7248.9s 331 Thread 156: finished !!!
7248.9s 332 Thread 165: getting 1006 links ...
7258.0s 333 Thread 159: finished !!!
7258.0s 334 Thread 166: getting 1006 links ...
7277.9s 335 Thread 162: finished !!!
7277.9s 336 Thread 167: getting 1004 links ...
7299.0s 337 Thread 160: finished !!!
7299.0s 338 Thread 168: getting 1003 links ...
7303.4s 339 Thread 158: finished !!!
7303.4s 340 Thread 169: getting 993 links ...
7317.7s 341 Thread 165: finished !!!
7317.7s 342 Thread 170: getting 991 links ...
7328.0s 343 Thread 167: finished !!!
7328.0s 344 Thread 171: getting 971 links ...
7337.6s 345 Thread 164: finished !!!
7337.6s 346 Thread 172: getting 946 links ...
7363.8s 347 Thread 161: finished !!!
7363.8s 348 Thread 173: getting 946 links ...
7370.6s 349 Thread 163: finished !!!
7370.6s 350 Thread 174: getting 942 links ...
7382.1s 351 Thread 166: finished !!!
7382.1s 352 Thread 175: getting 939 links ...
7392.5s 353 Thread 168: finished !!!
7392.5s 354 Thread 176: getting 934 links ...
7395.8s 355 Thread 169: finished !!!
7395.8s 356 Thread 177: getting 934 links ...
7412.3s 357 Thread 171: finished !!!
7412.3s 358 Thread 178: getting 916 links ...
7439.1s 359 Thread 170: finished !!!
7439.1s 360 Thread 179: getting 897 links ...
7442.1s 361 Thread 173: finished !!!
7442.1s 362 Thread 180: getting 891 links ...
7444.9s 363 Thread 172: finished !!!
7444.9s 364 Thread 181: getting 888 links ...
7468.0s 365 Thread 175: finished !!!
7468.0s 366 Thread 182: getting 880 links ...
7481.1s 367 Thread 174: finished !!!
7481.1s 368 Thread 183: getting 860 links ...
7498.8s 369 Thread 176: finished !!!
7498.8s 370 Thread 184: getting 857 links ...
7502.7s 371 Thread 180: finished !!!
7502.7s 372 Thread 185: getting 848 links ...
7504.2s 373 Thread 177: finished !!!
7504.2s 374 Thread 186: getting 845 links ...
7511.7s 375 Thread 181: finished !!!
7511.7s 376 Thread 187: getting 842 links ...
7547.9s 377 Thread 179: finished !!!
7547.9s 378 Thread 188: getting 801 links ...
7579.3s 379 Thread 182: finished !!!
7579.3s 380 Thread 189: getting 801 links ...
7582.2s 381 Thread 185: finished !!!
7582.2s 382 Thread 190: getting 790 links ...
7587.2s 383 Thread 186: finished !!!
7587.2s 384 Thread 191: getting 780 links ...
7589.6s 385 Thread 187: finished !!!
7589.6s 386 Thread 192: getting 780 links ...
7609.1s 387 Thread 188: finished !!!
7609.1s 388 Thread 193: getting 776 links ...
7611.6s 389 Thread 184: finished !!!
7611.6s 390 Thread 194: getting 766 links ...
7627.2s 391 Thread 178: finished !!!
7627.2s 392 Thread 195: getting 762 links ...
7638.5s 393 Thread 183: finished !!!
7638.5s 394 Thread 196: getting 757 links ...
7668.7s 395 Thread 195: finished !!!
7668.7s 396 Thread 197: getting 753 links ...
7672.3s 397 Thread 189: finished !!!
7672.3s 398 Thread 198: getting 751 links ...
7672.3s 399 Thread 193: finished !!!
7672.3s 400 Thread 199: getting 744 links ...
7673.1s 401 Thread 191: finished !!!
7673.1s 402 Thread 200: getting 723 links ...
7693.0s 403 Thread 192: finished !!!
7693.0s 404 Thread 201: getting 720 links ...
7710.4s 405 Thread 190: finished !!!
7710.4s 406 Thread 202: getting 702 links ...
7721.0s 407 Thread 198: finished !!!
7721.0s 408 Thread 203: getting 696 links ...
7722.4s 409 Thread 199: finished !!!
7722.4s 410 Thread 204: getting 693 links ...
7729.3s 411 Thread 194: finished !!!
7729.3s 412 Thread 205: getting 690 links ...
7732.4s 413 Thread 197: finished !!!
7732.4s 414 Thread 206: getting 689 links ...
7751.2s 415 Thread 200: finished !!!
7751.2s 416 Thread 207: getting 672 links ...
7760.4s 417 Thread 196: finished !!!
7760.4s 418 Thread 208: getting 671 links ...
7766.1s 419 Thread 202: finished !!!
7766.1s 420 Thread 209: getting 663 links ...
7767.3s 421 Thread 201: finished !!!
7767.3s 422 Thread 210: getting 659 links ...
7781.0s 423 Thread 204: finished !!!
7781.0s 424 Thread 211: getting 646 links ...
7797.5s 425 Thread 210: finished !!!
7797.5s 426 Thread 212: getting 639 links ...
7798.2s 427 Thread 205: finished !!!
7798.2s 428 Thread 213: getting 633 links ...
7803.6s 429 Thread 203: finished !!!
7803.6s 430 Thread 214: getting 630 links ...
7805.9s 431 Thread 207: finished !!!
7805.9s 432 Thread 215: getting 623 links ...
7813.6s 433 Thread 206: finished !!!
7813.6s 434 Thread 216: getting 623 links ...
7818.3s 435 Thread 211: finished !!!
7818.3s 436 Thread 217: getting 622 links ...
7825.8s 437 Thread 208: finished !!!
7825.8s 438 Thread 218: getting 620 links ...
7832.6s 439 Thread 209: finished !!!
7832.6s 440 Thread 219: getting 617 links ...
7835.5s 441 Thread 217: finished !!!
7835.5s 442 Thread 220: getting 615 links ...
7835.5s 443 Thread 213: finished !!!
7835.5s 444 Thread 221: getting 613 links ...
7847.6s 445 Thread 212: finished !!!
7847.6s 446 Thread 222: getting 608 links ...
7854.7s 447 Thread 215: finished !!!
7854.7s 448 Thread 223: getting 604 links ...
7868.9s 449 Thread 214: finished !!!
7868.9s 450 Thread 224: getting 603 links ...
7871.8s 451 Thread 219: finished !!!
7871.8s 452 Thread 225: getting 601 links ...
7876.7s 453 Thread 220: finished !!!
7876.7s 454 Thread 226: getting 595 links ...
7877.8s 455 Thread 221: finished !!!
7877.8s 456 Thread 227: getting 589 links ...
7886.4s 457 Thread 218: finished !!!
7886.4s 458 Thread 228: getting 587 links ...
7890.6s 459 Thread 222: finished !!!
7890.6s 460 Thread 229: getting 586 links ...
7891.4s 461 Thread 224: finished !!!
7891.4s 462 Thread 230: getting 583 links ...
7891.9s 463 Thread 216: finished !!!
7891.9s 464 Thread 231: getting 577 links ...
7917.8s 465 Thread 225: finished !!!
7917.8s 466 Thread 232: getting 571 links ...
7919.5s 467 Thread 230: finished !!!
7919.5s 468 Thread 233: getting 565 links ...
7925.1s 469 Thread 226: finished !!!
7925.1s 470 Thread 234: getting 565 links ...
7931.1s 471 Thread 227: finished !!!
7931.1s 472 Thread 235: getting 564 links ...
7945.4s 473 Thread 223: finished !!!
7945.4s 474 Thread 236: getting 564 links ...
7950.1s 475 Thread 231: finished !!!
7950.1s 476 Thread 237: getting 561 links ...
7952.4s 477 Thread 232: finished !!!
7952.4s 478 Thread 238: getting 560 links ...
7965.1s 479 Thread 228: finished !!!
7965.1s 480 Thread 239: getting 557 links ...
7970.4s 481 Thread 233: finished !!!
7970.4s 482 Thread 240: getting 553 links ...
7971.4s 483 Thread 229: finished !!!
7971.4s 484 Thread 241: getting 553 links ...
7995.5s 485 Thread 237: finished !!!
7995.5s 486 Thread 242: getting 552 links ...
8002.1s 487 Thread 238: finished !!!
8002.1s 488 Thread 243: getting 548 links ...
8012.1s 489 Thread 234: finished !!!
8012.1s 490 Thread 244: getting 545 links ...
8015.3s 491 Thread 235: finished !!!
8015.3s 492 Thread 245: getting 542 links ...
8015.3s 493 Thread 236: finished !!!
8015.3s 494 Thread 246: getting 540 links ...
8020.8s 495 Thread 240: finished !!!
8020.8s 496 Thread 247: getting 537 links ...
8026.3s 497 Thread 239: finished !!!
8026.3s 498 Thread 248: getting 535 links ...
8042.4s 499 Thread 241: finished !!!
8042.4s 500 Thread 249: getting 530 links ...
8047.2s 501 Thread 247: finished !!!
8047.2s 502 Thread 250: getting 522 links ...
8051.5s 503 Thread 242: finished !!!
8051.5s 504 Thread 251: getting 508 links ...
8055.4s 505 Thread 245: finished !!!
8055.4s 506 Thread 252: getting 506 links ...
8059.5s 507 Thread 243: finished !!!
8059.5s 508 Thread 253: getting 502 links ...
8066.7s 509 Thread 246: finished !!!
8066.7s 510 Thread 254: getting 502 links ...
8068.4s 511 Thread 250: finished !!!
8068.4s 512 Thread 255: getting 501 links ...
8069.6s 513 Thread 249: finished !!!
8069.6s 514 Thread 256: getting 499 links ...
8072.7s 515 Thread 248: finished !!!
8072.7s 516 Thread 257: getting 495 links ...
8078.6s 517 Thread 251: finished !!!
8078.6s 518 Thread 258: getting 493 links ...
8082.3s 519 Thread 254: finished !!!
8082.3s 520 Thread 259: getting 493 links ...
8099.1s 521 Thread 258: finished !!!
8099.1s 522 Thread 260: getting 492 links ...
8099.1s 523 Thread 257: finished !!!
8099.1s 524 Thread 261: getting 490 links ...
8099.1s 525 Thread 252: finished !!!
8099.1s 526 Thread 262: getting 490 links ...
8104.0s 527 Thread 244: finished !!!
8104.0s 528 Thread 263: getting 489 links ...
8111.4s 529 Thread 259: finished !!!
8111.4s 530 Thread 264: getting 482 links ...
8126.4s 531 Thread 256: finished !!!
8126.4s 532 Thread 265: getting 481 links ...
8128.1s 533 Thread 262: finished !!!
8128.1s 534 Thread 266: getting 474 links ...
8130.4s 535 Thread 261: finished !!!
8130.4s 536 Thread 267: getting 471 links ...
8136.4s 537 Thread 264: finished !!!
8136.4s 538 Thread 268: getting 469 links ...
8138.8s 539 Thread 253: finished !!!
8138.8s 540 Thread 269: getting 468 links ...
8139.2s 541 Thread 255: finished !!!
8139.2s 542 Thread 270: getting 466 links ...
8139.8s 543 Thread 260: finished !!!
8139.8s 544 Thread 271: getting 462 links ...
8143.5s 545 Thread 263: finished !!!
8143.5s 546 Thread 272: getting 459 links ...
8162.8s 547 Thread 268: finished !!!
8162.8s 548 Thread 273: getting 459 links ...
8166.7s 549 Thread 269: finished !!!
8166.7s 550 Thread 274: getting 459 links ...
8175.7s 551 Thread 270: finished !!!
8175.7s 552 Thread 275: getting 459 links ...
8178.4s 553 Thread 266: finished !!!
8178.4s 554 Thread 276: getting 459 links ...
8181.4s 555 Thread 265: finished !!!
8181.4s 556 Thread 277: getting 459 links ...
8184.3s 557 Thread 271: finished !!!
8184.3s 558 Thread 278: getting 457 links ...
8184.3s 559 Thread 274: finished !!!
8184.3s 560 Thread 279: getting 453 links ...
8190.7s 561 Thread 267: finished !!!
8190.7s 562 Thread 280: getting 451 links ...
8192.6s 563 Thread 273: finished !!!
8192.6s 564 Thread 281: getting 449 links ...
8194.6s 565 Thread 272: finished !!!
8194.6s 566 Thread 282: getting 449 links ...
8197.6s 567 Thread 275: finished !!!
8197.6s 568 Thread 283: getting 448 links ...
8204.3s 569 Thread 277: finished !!!
8204.3s 570 Thread 284: getting 445 links ...
8210.3s 571 Thread 276: finished !!!
8210.3s 572 Thread 285: getting 441 links ...
8212.3s 573 Thread 278: finished !!!
8212.3s 574 Thread 286: getting 439 links ...
8217.2s 575 Thread 282: finished !!!
8217.2s 576 Thread 287: getting 438 links ...
8219.5s 577 Thread 281: finished !!!
8219.5s 578 Thread 288: getting 432 links ...
8223.1s 579 Thread 280: finished !!!
8223.1s 580 Thread 289: getting 429 links ...
8226.7s 581 Thread 284: finished !!!
8226.7s 582 Thread 290: getting 427 links ...
8230.6s 583 Thread 279: finished !!!
8230.6s 584 Thread 291: getting 427 links ...
8232.6s 585 Thread 288: finished !!!
8232.6s 586 Thread 292: getting 423 links ...
8235.6s 587 Thread 283: finished !!!
8235.6s 588 Thread 293: getting 421 links ...
8245.7s 589 Thread 291: finished !!!
8245.7s 590 Thread 294: getting 418 links ...
8249.0s 591 Thread 287: finished !!!
8249.0s 592 Thread 295: getting 416 links ...
8250.8s 593 Thread 290: finished !!!
8250.8s 594 Thread 296: getting 413 links ...
8253.7s 595 Thread 286: finished !!!
8253.7s 596 Thread 297: getting 413 links ...
8253.7s 597 Thread 289: finished !!!
8253.7s 598 Thread 298: getting 413 links ...
8260.4s 599 Thread 285: finished !!!
8260.4s 600 Thread 299: getting 413 links ...
8269.4s 601 Thread 297: finished !!!
8269.4s 602 Thread 300: getting 407 links ...
8274.5s 603 Thread 294: finished !!!
8274.5s 604 Thread 301: getting 404 links ...
8278.1s 605 Thread 292: finished !!!
8278.1s 606 Thread 302: getting 403 links ...
8282.7s 607 Thread 295: finished !!!
8282.7s 608 Thread 303: getting 402 links ...
8283.0s 609 Thread 293: finished !!!
8283.0s 610 Thread 304: getting 392 links ...
8289.7s 611 Thread 296: finished !!!
8289.7s 612 Thread 305: getting 391 links ...
8294.2s 613 Thread 301: finished !!!
8294.2s 614 Thread 306: getting 391 links ...
8297.6s 615 Thread 298: finished !!!
8297.6s 616 Thread 307: getting 389 links ...
8297.6s 617 Thread 299: finished !!!
8297.6s 618 Thread 308: getting 386 links ...
8307.6s 619 Thread 300: finished !!!
8307.6s 620 Thread 309: getting 382 links ...
8308.0s 621 Thread 304: finished !!!
8308.0s 622 Thread 310: getting 379 links ...
8315.6s 623 Thread 308: finished !!!
8315.6s 624 Thread 311: getting 373 links ...
8322.2s 625 Thread 307: finished !!!
8322.2s 626 Thread 312: getting 371 links ...
8324.7s 627 Thread 303: finished !!!
8324.7s 628 Thread 313: getting 368 links ...
8324.7s 629 Thread 306: finished !!!
8324.7s 630 Thread 314: getting 359 links ...
8328.2s 631 Thread 305: finished !!!
8328.2s 632 Thread 315: getting 358 links ...
8329.3s 633 Thread 309: finished !!!
8329.3s 634 Thread 316: getting 355 links ...
8335.1s 635 Thread 302: finished !!!
8335.1s 636 Thread 317: getting 349 links ...
8339.9s 637 Thread 310: finished !!!
8339.9s 638 Thread 318: getting 343 links ...
8347.0s 639 Thread 314: finished !!!
8347.0s 640 Thread 319: getting 343 links ...
8352.9s 641 Thread 311: finished !!!
8352.9s 642 Thread 320: getting 341 links ...
8353.5s 643 Thread 312: finished !!!
8353.5s 644 Thread 321: getting 341 links ...
8357.4s 645 Thread 317: finished !!!
8357.4s 646 Thread 322: getting 337 links ...
8360.9s 647 Thread 313: finished !!!
8360.9s 648 Thread 323: getting 331 links ...
8362.9s 649 Thread 315: finished !!!
8362.9s 650 Thread 324: getting 328 links ...
8363.4s 651 Thread 321: finished !!!
8363.4s 652 Thread 325: getting 322 links ...
8363.6s 653 Thread 316: finished !!!
8363.6s 654 Thread 326: getting 306 links ...
8374.3s 655 Thread 320: finished !!!
8374.3s 656 Thread 327: getting 304 links ...
8374.3s 657 Thread 319: finished !!!
8374.3s 658 Thread 328: getting 302 links ...
8377.2s 659 Thread 318: finished !!!
8377.2s 660 Thread 329: getting 295 links ...
8379.0s 661 Thread 324: finished !!!
8379.0s 662 Thread 330: getting 293 links ...
8381.5s 663 Thread 326: finished !!!
8381.5s 664 Thread 331: getting 292 links ...
8387.0s 665 Thread 323: finished !!!
8387.0s 666 Thread 332: getting 292 links ...
8388.2s 667 Thread 331: finished !!!
8388.2s 668 Thread 333: getting 289 links ...
8390.2s 669 Thread 325: finished !!!
8390.2s 670 Thread 334: getting 286 links ...
8394.0s 671 Thread 322: finished !!!
8394.0s 672 Thread 335: getting 286 links ...
8399.4s 673 Thread 328: finished !!!
8399.4s 674 Thread 336: getting 277 links ...
8399.8s 675 Thread 329: finished !!!
8399.8s 676 Thread 337: getting 276 links ...
8399.8s 677 Thread 332: finished !!!
8399.8s 678 Thread 338: getting 274 links ...
8407.9s 679 Thread 327: finished !!!
8407.9s 680 Thread 339: getting 271 links ...
8409.4s 681 Thread 336: finished !!!
8409.4s 682 Thread 340: getting 270 links ...
8411.2s 683 Thread 330: finished !!!
8411.2s 684 Thread 341: getting 270 links ...
8412.8s 685 Thread 334: finished !!!
8412.8s 686 Thread 342: getting 269 links ...
8421.8s 687 Thread 341: finished !!!
8421.8s 688 Thread 343: getting 267 links ...
8422.6s 689 Thread 338: finished !!!
8422.6s 690 Thread 344: getting 266 links ...
8428.7s 691 Thread 339: finished !!!
8428.7s 692 Thread 345: getting 265 links ...
8437.2s 693 Thread 337: finished !!!
8437.2s 694 Thread 346: getting 265 links ...
8438.6s 695 Thread 333: finished !!!
8438.6s 696 Thread 347: getting 265 links ...
8446.2s 697 Thread 335: finished !!!
8446.2s 698 Thread 348: getting 262 links ...
8448.7s 699 Thread 347: finished !!!
8448.7s 700 Thread 349: getting 261 links ...
8449.1s 701 Thread 343: finished !!!
8449.1s 702 Thread 350: getting 257 links ...
8450.6s 703 Thread 340: finished !!!
8450.6s 704 Thread 351: getting 257 links ...
8451.9s 705 Thread 342: finished !!!
8451.9s 706 Thread 352: getting 254 links ...
8452.3s 707 Thread 345: finished !!!
8452.3s 708 Thread 353: getting 252 links ...
8459.9s 709 Thread 350: finished !!!
8459.9s 710 Thread 354: getting 252 links ...
8463.3s 711 Thread 344: finished !!!
8463.3s 712 Thread 355: getting 250 links ...
8463.3s 713 Thread 348: finished !!!
8463.3s 714 Thread 356: getting 240 links ...
8463.6s 715 Thread 349: finished !!!
8463.6s 716 Thread 357: getting 240 links ...
8464.1s 717 Thread 352: finished !!!
8464.1s 718 Thread 358: getting 239 links ...
8468.4s 719 Thread 351: finished !!!
8468.4s 720 Thread 359: getting 238 links ...
8471.2s 721 Thread 355: finished !!!
8471.2s 722 Thread 360: getting 232 links ...
8474.6s 723 Thread 359: finished !!!
8474.6s 724 Thread 361: getting 230 links ...
8475.6s 725 Thread 346: finished !!!
8475.6s 726 Thread 362: getting 225 links ...
8481.7s 727 Thread 356: finished !!!
8481.7s 728 Thread 363: getting 224 links ...
8482.7s 729 Thread 357: finished !!!
8482.7s 730 Thread 364: getting 217 links ...
8484.1s 731 Thread 353: finished !!!
8484.1s 732 Thread 365: getting 211 links ...
8491.7s 733 Thread 363: finished !!!
8491.7s 734 Thread 366: getting 207 links ...
8491.7s 735 Thread 360: finished !!!
8491.7s 736 Thread 367: getting 200 links ...
8503.1s 737 Thread 364: finished !!!
8503.1s 738 Thread 368: getting 197 links ...
8504.2s 739 Thread 361: finished !!!
8504.2s 740 Thread 369: getting 193 links ...
8505.5s 741 Thread 362: finished !!!
8505.5s 742 Thread 370: getting 191 links ...
8508.7s 743 Thread 367: finished !!!
8508.7s 744 Thread 371: getting 191 links ...
8509.2s 745 Thread 354: finished !!!
8509.2s 746 Thread 372: getting 191 links ...
8509.2s 747 Thread 368: finished !!!
8509.2s 748 Thread 373: getting 191 links ...
8514.0s 749 Thread 366: finished !!!
8514.0s 750 Thread 374: getting 189 links ...
8516.4s 751 Thread 369: finished !!!
8516.4s 752 Thread 375: getting 188 links ...
8517.5s 753 Thread 358: finished !!!
8517.5s 754 Thread 376: getting 187 links ...
8518.3s 755 Thread 370: finished !!!
8518.3s 756 Thread 377: getting 185 links ...
8519.2s 757 Thread 365: finished !!!
8519.2s 758 Thread 378: getting 185 links ...
8520.1s 759 Thread 371: finished !!!
8520.1s 760 Thread 379: getting 183 links ...
8520.4s 761 Thread 373: finished !!!
8520.4s 762 Thread 380: getting 182 links ...
8521.1s 763 Thread 372: finished !!!
8521.1s 764 Thread 381: getting 177 links ...
8522.3s 765 Thread 374: finished !!!
8522.3s 766 Thread 382: getting 176 links ...
8526.0s 767 Thread 376: finished !!!Thread 377: finished !!!
8526.0s 768 Thread 383: getting 175 links ...
8526.0s 769 
8526.0s 770 Thread 384: getting 174 links ...
8527.5s 771 Thread 375: finished !!!
8527.5s 772 Thread 385: getting 174 links ...
8527.5s 773 Thread 379: finished !!!
8527.5s 774 Thread 386: getting 164 links ...
8528.0s 775 Thread 381: finished !!!
8528.0s 776 Thread 387: getting 164 links ...
8528.9s 777 Thread 380: finished !!!
8528.9s 778 Thread 388: getting 162 links ...
8529.9s 779 Thread 378: finished !!!
8529.9s 780 Thread 389: getting 157 links ...
8534.1s 781 Thread 382: finished !!!
8534.1s 782 Thread 390: getting 155 links ...
8535.6s 783 Thread 383: finished !!!
8535.6s 784 Thread 391: getting 153 links ...
8536.3s 785 Thread 385: finished !!!
8536.3s 786 Thread 392: getting 153 links ...
8537.5s 787 Thread 387: finished !!!
8537.5s 788 Thread 393: getting 149 links ...
8538.1s 789 Thread 384: finished !!!
8538.1s 790 Thread 394: getting 149 links ...
8540.0s 791 Thread 386: finished !!!
8540.0s 792 Thread 395: getting 149 links ...
8544.6s 793 Thread 389: finished !!!
8544.6s 794 Thread 396: getting 148 links ...
8545.1s 795 Thread 388: finished !!!
8545.1s 796 Thread 397: getting 147 links ...
8546.4s 797 Thread 394: finished !!!
8546.4s 798 Thread 398: getting 145 links ...
8546.6s 799 Thread 392: finished !!!
8546.6s 800 Thread 399: getting 143 links ...
8547.5s 801 Thread 393: finished !!!
8547.5s 802 Thread 400: getting 137 links ...
8548.0s 803 Thread 391: finished !!!
8548.0s 804 Thread 401: getting 137 links ...
8548.0s 805 Thread 390: finished !!!
8548.0s 806 Thread 402: getting 135 links ...
8549.1s 807 Thread 395: finished !!!
8549.1s 808 Thread 403: getting 130 links ...
8549.3s 809 Thread 396: finished !!!
8549.3s 810 Thread 404: getting 129 links ...
8550.5s 811 Thread 399: finished !!!
8550.5s 812 Thread 405: getting 127 links ...
8552.9s 813 Thread 397: finished !!!
8552.9s 814 Thread 406: getting 127 links ...
8553.4s 815 Thread 402: finished !!!
8553.4s 816 Thread 407: getting 126 links ...
8554.9s 817 Thread 398: finished !!!
8554.9s 818 Thread 408: getting 126 links ...
8554.9s 819 Thread 405: finished !!!
8554.9s 820 Thread 409: getting 126 links ...
8555.6s 821 Thread 403: finished !!!
8555.6s 822 Thread 410: getting 121 links ...
8556.7s 823 Thread 401: finished !!!
8556.7s 824 Thread 411: getting 120 links ...
8558.2s 825 Thread 404: finished !!!
8558.2s 826 Thread 412: getting 119 links ...
8559.3s 827 Thread 407: finished !!!
8559.3s 828 Thread 413: getting 119 links ...
8559.3s 829 Thread 406: finished !!!
8559.3s 830 Thread 414: getting 117 links ...
8559.6s 831 Thread 400: finished !!!
8559.6s 832 Thread 415: getting 116 links ...
8560.6s 833 Thread 408: finished !!!
8560.6s 834 Thread 416: getting 110 links ...
8563.7s 835 Thread 409: finished !!!
8563.7s 836 Thread 417: getting 110 links ...
8563.7s 837 Thread 410: finished !!!
8563.7s 838 Thread 418: getting 109 links ...
8565.3s 839 Thread 414: finished !!!
8565.3s 840 Thread 419: getting 109 links ...
8566.1s 841 Thread 415: finished !!!
8566.1s 842 Thread 420: getting 107 links ...
8566.3s 843 Thread 416: finished !!!
8566.3s 844 Thread 421: getting 106 links ...
8566.3s 845 Thread 412: finished !!!
8566.3s 846 Thread 422: getting 100 links ...
8567.9s 847 Thread 411: finished !!!
8567.9s 848 Thread 423: getting 100 links ...
8569.2s 849 Thread 417: finished !!!
8569.2s 850 Thread 424: getting 99 links ...
8570.7s 851 Thread 422: finished !!!
8570.7s 852 Thread 425: getting 93 links ...
8571.0s 853 Thread 418: finished !!!
8571.0s 854 Thread 426: getting 91 links ...
8571.0s 855 Thread 413: finished !!!
8571.0s 856 Thread 427: getting 90 links ...
8573.5s 857 Thread 419: finished !!!
8573.5s 858 Thread 428: getting 89 links ...
8573.8s 859 Thread 421: finished !!!
8573.8s 860 Thread 429: getting 87 links ...
8577.7s 861 Thread 425: finished !!!
8577.7s 862 Thread 430: getting 84 links ...
8578.2s 863 Thread 428: finished !!!
8578.2s 864 Thread 431: getting 79 links ...
8578.2s 865 Thread 420: finished !!!
8578.2s 866 Thread 432: getting 79 links ...
8578.8s 867 Thread 424: finished !!!
8578.8s 868 Thread 433: getting 78 links ...
8578.8s 869 Thread 423: finished !!!
8578.8s 870 Thread 434: getting 77 links ...
8581.5s 871 Thread 426: finished !!!
8581.5s 872 Thread 435: getting 75 links ...
8581.5s 873 Thread 427: finished !!!
8581.5s 874 Thread 436: getting 70 links ...
8581.8s 875 Thread 429: finished !!!
8581.8s 876 Thread 437: getting 69 links ...
8582.7s 877 Thread 431: finished !!!
8582.7s 878 Thread 438: getting 69 links ...
8583.4s 879 Thread 434: finished !!!
8583.4s 880 Thread 439: getting 69 links ...
8583.7s 881 Thread 430: finished !!!
8583.7s 882 Thread 440: getting 67 links ...
8583.7s 883 Thread 432: finished !!!
8583.7s 884 Thread 441: getting 66 links ...
8585.4s 885 Thread 433: finished !!!
8585.4s 886 Thread 442: getting 66 links ...
8585.9s 887 Thread 435: finished !!!
8585.9s 888 Thread 443: getting 66 links ...
8585.9s 889 Thread 436: finished !!!
8585.9s 890 Thread 444: getting 66 links ...
8587.3s 891 Thread 437: finished !!!
8587.3s 892 Thread 445: getting 65 links ...
8587.6s 893 Thread 441: finished !!!
8587.6s 894 Thread 446: getting 65 links ...
8588.1s 895 Thread 440: finished !!!
8588.1s 896 Thread 447: getting 64 links ...
8588.4s 897 Thread 439: finished !!!
8588.4s 898 Thread 448: getting 63 links ...
8590.0s 899 Thread 442: finished !!!
8590.0s 900 Thread 449: getting 63 links ...
8590.5s 901 Thread 444: finished !!!
8590.5s 902 Thread 450: getting 63 links ...
8590.9s 903 Thread 443: finished !!!
8590.9s 904 Thread 451: getting 63 links ...
8591.7s 905 Thread 446: finished !!!
8591.7s 906 Thread 452: getting 62 links ...
8591.9s 907 Thread 445: finished !!!
8591.9s 908 Thread 453: getting 62 links ...
8592.5s 909 Thread 438: finished !!!
8592.5s 910 Thread 454: getting 60 links ...
8592.5s 911 Thread 447: finished !!!
8592.5s 912 Thread 455: getting 60 links ...
8594.5s 913 Thread 449: finished !!!
8594.5s 914 Thread 456: getting 60 links ...
8595.0s 915 Thread 450: finished !!!
8595.0s 916 Thread 457: getting 60 links ...
8595.5s 917 Thread 452: finished !!!
8595.5s 918 Thread 458: getting 60 links ...
8595.9s 919 Thread 453: finished !!!
8595.9s 920 Thread 459: getting 60 links ...
8595.9s 921 Thread 451: finished !!!
8595.9s 922 Thread 460: getting 60 links ...
8596.8s 923 Thread 455: finished !!!
8596.8s 924 Thread 461: getting 60 links ...
8599.0s 925 Thread 454: finished !!!
8599.0s 926 Thread 462: getting 60 links ...
8600.8s 927 Thread 459: finished !!!
8600.8s 928 Thread 463: getting 57 links ...
8601.1s 929 Thread 461: finished !!!
8601.1s 930 Thread 464: getting 55 links ...
8601.5s 931 Thread 456: finished !!!
8601.5s 932 Thread 465: getting 55 links ...
8602.0s 933 Thread 457: finished !!!
8602.0s 934 Thread 466: getting 55 links ...
8602.0s 935 Thread 460: finished !!!
8602.0s 936 Thread 467: getting 54 links ...
8603.4s 937 Thread 448: finished !!!
8603.4s 938 Thread 468: getting 54 links ...
8604.0s 939 Thread 462: finished !!!
8604.0s 940 Thread 469: getting 54 links ...
8605.0s 941 Thread 458: finished !!!
8605.0s 942 Thread 470: getting 54 links ...
8605.2s 943 Thread 463: finished !!!
8605.2s 944 Thread 471: getting 54 links ...
8605.9s 945 Thread 464: finished !!!
8605.9s 946 Thread 472: getting 53 links ...
8605.9s 947 Thread 466: finished !!!
8605.9s 948 Thread 473: getting 53 links ...
8606.2s 949 Thread 465: finished !!!
8606.2s 950 Thread 474: getting 49 links ...
8607.6s 951 Thread 469: finished !!!
8607.6s 952 Thread 475: getting 49 links ...
8608.2s 953 Thread 467: finished !!!
8608.2s 954 Thread 476: getting 49 links ...
8608.5s 955 Thread 470: finished !!!
8608.5s 956 Thread 477: getting 47 links ...
8608.8s 957 Thread 468: finished !!!
8608.8s 958 Thread 478: getting 47 links ...
8608.8s 959 Thread 471: finished !!!
8608.8s 960 Thread 479: getting 47 links ...
8609.3s 961 Thread 472: finished !!!
8609.3s 962 Thread 480: getting 46 links ...
8610.2s 963 Thread 473: finished !!!
8610.2s 964 Thread 481: getting 46 links ...
8612.4s 965 Thread 478: finished !!!
8612.4s 966 Thread 482: getting 46 links ...
8612.8s 967 Thread 476: finished !!!
8612.8s 968 Thread 483: getting 46 links ...
8613.3s 969 Thread 474: finished !!!
8613.3s 970 Thread 484: getting 46 links ...
8614.4s 971 Thread 477: finished !!!
8614.4s 972 Thread 485: getting 46 links ...
8615.3s 973 Thread 481: finished !!!
8615.3s 974 Thread 486: getting 46 links ...
8615.3s 975 Thread 479: finished !!!
8615.3s 976 Thread 487: getting 46 links ...
8615.6s 977 Thread 480: finished !!!
8615.6s 978 Thread 488: getting 46 links ...
8615.9s 979 Thread 482: finished !!!
8615.9s 980 Thread 489: getting 46 links ...
8615.9s 981 Thread 475: finished !!!
8615.9s 982 Thread 490: getting 46 links ...
8618.6s 983 Thread 487: finished !!!
8618.6s 984 Thread 491: getting 46 links ...
8618.6s 985 Thread 485: finished !!!
8618.6s 986 Thread 492: getting 45 links ...
8618.6s 987 Thread 484: finished !!!
8618.6s 988 Thread 493: getting 44 links ...
8619.1s 989 Thread 488: finished !!!
8619.1s 990 Thread 494: getting 44 links ...
8619.1s 991 Thread 483: finished !!!
8619.1s 992 Thread 495: getting 44 links ...
8620.4s 993 Thread 490: finished !!!
8620.4s 994 Thread 496: getting 43 links ...
8620.4s 995 Thread 486: finished !!!
8620.4s 996 Thread 497: getting 43 links ...
8621.2s 997 Thread 489: finished !!!
8621.2s 998 Thread 498: getting 43 links ...
8622.7s 999 Thread 493: finished !!!
8622.7s 1000 Thread 499: getting 43 links ...
8622.7s 1001 Thread 492: finished !!!
8622.7s 1002 Thread 500: getting 43 links ...
8623.0s 1003 Thread 495: finished !!!
8623.0s 1004 Thread 501: getting 41 links ...
8624.3s 1005 Thread 497: finished !!!
8624.3s 1006 Thread 502: getting 41 links ...
8624.7s 1007 Thread 494: finished !!!
8624.7s 1008 Thread 503: getting 41 links ...
8624.7s 1009 Thread 491: finished !!!
8624.7s 1010 Thread 504: getting 41 links ...
8624.7s 1011 Thread 498: finished !!!
8624.7s 1012 Thread 505: getting 40 links ...
8625.3s 1013 Thread 496: finished !!!
8625.3s 1014 Thread 506: getting 39 links ...
8627.1s 1015 Thread 500: finished !!!
8627.1s 1016 Thread 507: getting 39 links ...
8627.8s 1017 Thread 503: finished !!!
8627.8s 1018 Thread 508: getting 39 links ...
8628.1s 1019 Thread 504: finished !!!
8628.1s 1020 Thread 509: getting 38 links ...
8628.9s 1021 Thread 502: finished !!!
8628.9s 1022 Thread 510: getting 37 links ...
8631.0s 1023 Thread 506: finished !!!
8631.0s 1024 Thread 511: getting 37 links ...
8631.4s 1025 Thread 507: finished !!!
8631.4s 1026 Thread 512: getting 37 links ...
8632.5s 1027 Thread 510: finished !!!
8632.5s 1028 Thread 513: getting 37 links ...
8632.5s 1029 Thread 501: finished !!!
8632.5s 1030 Thread 514: getting 36 links ...
8632.5s 1031 Thread 509: finished !!!
8632.5s 1032 Thread 515: getting 36 links ...
8633.2s 1033 Thread 505: finished !!!
8633.2s 1034 Thread 516: getting 36 links ...
8633.2s 1035 Thread 508: finished !!!
8633.2s 1036 Thread 517: getting 35 links ...
8634.6s 1037 Thread 512: finished !!!
8634.6s 1038 Thread 518: getting 35 links ...
8636.8s 1039 Thread 499: finished !!!
8636.8s 1040 Thread 519: getting 35 links ...
8637.2s 1041 Thread 517: finished !!!
8637.2s 1042 Thread 520: getting 35 links ...
8637.8s 1043 Thread 514: finished !!!
8637.8s 1044 Thread 521: getting 35 links ...
8638.2s 1045 Thread 516: finished !!!
8638.2s 1046 Thread 522: getting 35 links ...
8639.9s 1047 Thread 513: finished !!!
8639.9s 1048 Thread 523: getting 35 links ...
8639.9s 1049 Thread 515: finished !!!
8639.9s 1050 Thread 524: getting 35 links ...
8640.3s 1051 Thread 519: finished !!!
8640.3s 1052 Thread 525: getting 35 links ...
8641.0s 1053 Thread 518: finished !!!
8641.0s 1054 Thread 526: getting 35 links ...
8641.0s 1055 Thread 511: finished !!!
8641.0s 1056 Thread 527: getting 34 links ...
8641.7s 1057 Thread 520: finished !!!
8641.7s 1058 Thread 528: getting 34 links ...
8642.6s 1059 Thread 522: finished !!!
8642.6s 1060 Thread 529: getting 34 links ...
8644.0s 1061 Thread 525: finished !!!
8644.0s 1062 Thread 530: getting 34 links ...
8644.3s 1063 Thread 527: finished !!!
8644.3s 1064 Thread 531: getting 33 links ...
8645.1s 1065 Thread 521: finished !!!
8645.1s 1066 Thread 532: getting 33 links ...
8646.2s 1067 Thread 526: finished !!!
8646.2s 1068 Thread 533: getting 33 links ...
8646.7s 1069 Thread 531: finished !!!
8646.7s 1070 Thread 534: getting 32 links ...
8647.6s 1071 Thread 524: finished !!!
8647.6s 1072 Thread 535: getting 32 links ...
8647.6s 1073 Thread 530: finished !!!
8647.6s 1074 Thread 536: getting 31 links ...
8648.6s 1075 Thread 523: finished !!!
8648.6s 1076 Thread 537: getting 31 links ...
8648.6s 1077 Thread 532: finished !!!
8648.6s 1078 Thread 538: getting 29 links ...
8648.6s 1079 Thread 528: finished !!!
8648.6s 1080 Thread 539: getting 29 links ...
8649.0s 1081 Thread 529: finished !!!
8649.0s 1082 Thread 540: getting 29 links ...
8649.6s 1083 Thread 534: finished !!!
8649.6s 1084 Thread 541: getting 29 links ...
8650.6s 1085 Thread 533: finished !!!
8650.6s 1086 Thread 542: getting 29 links ...
8650.6s 1087 Thread 535: finished !!!
8650.6s 1088 Thread 543: getting 28 links ...
8651.4s 1089 Thread 536: finished !!!
8651.4s 1090 Thread 544: getting 27 links ...
8651.7s 1091 Thread 537: finished !!!
8651.7s 1092 Thread 545: getting 27 links ...
8651.7s 1093 Thread 538: finished !!!
8651.7s 1094 Thread 546: getting 27 links ...
8653.0s 1095 Thread 539: finished !!!
8653.0s 1096 Thread 547: getting 27 links ...
8653.0s 1097 Thread 540: finished !!!
8653.0s 1098 Thread 548: getting 27 links ...
8653.0s 1099 Thread 541: finished !!!
8653.0s 1100 Thread 549: getting 27 links ...
8654.2s 1101 Thread 542: finished !!!
8654.2s 1102 Thread 550: getting 27 links ...
8654.2s 1103 Thread 543: finished !!!
8654.2s 1104 Thread 551: getting 27 links ...
8655.7s 1105 Thread 546: finished !!!
8655.7s 1106 Thread 552: getting 27 links ...
8656.4s 1107 Thread 549: finished !!!
8656.4s 1108 Thread 553: getting 27 links ...
8656.4s 1109 Thread 545: finished !!!
8656.4s 1110 Thread 554: getting 27 links ...
8657.6s 1111 Thread 548: finished !!!
8657.6s 1112 Thread 555: getting 27 links ...
8657.6s 1113 Thread 544: finished !!!
8657.6s 1114 Thread 556: getting 25 links ...
8658.4s 1115 Thread 547: finished !!!
8658.4s 1116 Thread 557: getting 24 links ...
8659.5s 1117 Thread 551: finished !!!
8659.5s 1118 Thread 558: getting 23 links ...
8659.8s 1119 Thread 550: finished !!!
8659.8s 1120 Thread 559: getting 23 links ...
8660.4s 1121 Thread 554: finished !!!
8660.4s 1122 Thread 560: getting 22 links ...
8661.2s 1123 Thread 552: finished !!!
8661.2s 1124 Thread 561: getting 20 links ...
8661.2s 1125 Thread 553: finished !!!
8661.2s 1126 Thread 562: getting 20 links ...
8662.3s 1127 Thread 557: finished !!!
8662.3s 1128 Thread 563: getting 19 links ...
8662.3s 1129 Thread 558: finished !!!
8662.3s 1130 Thread 564: getting 17 links ...
8662.3s 1131 Thread 556: finished !!!
8662.3s 1132 Thread 565: getting 17 links ...
8663.2s 1133 Thread 560: finished !!!
8663.2s 1134 Thread 566: getting 17 links ...
8663.7s 1135 Thread 559: finished !!!
8663.7s 1136 Thread 567: getting 16 links ...
8664.3s 1137 Thread 562: finished !!!
8664.3s 1138 Thread 568: getting 16 links ...
8664.3s 1139 Thread 561: finished !!!
8664.3s 1140 Thread 569: getting 15 links ...
8664.3s 1141 Thread 555: finished !!!
8664.3s 1142 Thread 570: getting 15 links ...
8665.7s 1143 Thread 563: finished !!!
8665.7s 1144 Thread 571: getting 15 links ...
8666.2s 1145 Thread 566: finished !!!
8666.2s 1146 Thread 572: getting 14 links ...
8666.2s 1147 Thread 569: finished !!!
8666.2s 1148 Thread 573: getting 14 links ...
8666.2s 1149 Thread 564: finished !!!
8666.2s 1150 Thread 574: getting 13 links ...
8666.5s 1151 Thread 567: finished !!!
8666.5s 1152 Thread 575: getting 13 links ...
8667.1s 1153 Thread 570: finished !!!
8667.1s 1154 Thread 576: getting 13 links ...
8667.4s 1155 Thread 568: finished !!!
8667.4s 1156 Thread 577: getting 13 links ...
8668.3s 1157 Thread 574: finished !!!
8668.3s 1158 Thread 578: getting 13 links ...
8668.8s 1159 Thread 571: finished !!!
8668.8s 1160 Thread 579: getting 13 links ...
8669.2s 1161 Thread 572: finished !!!
8669.2s 1162 Thread 580: getting 13 links ...
8670.1s 1163 Thread 576: finished !!!
8670.1s 1164 Thread 581: getting 12 links ...
8670.4s 1165 Thread 577: finished !!!
8670.4s 1166 Thread 582: getting 12 links ...
8670.7s 1167 Thread 578: finished !!!
8670.7s 1168 Thread 583: getting 12 links ...
8671.7s 1169 Thread 573: finished !!!
8671.7s 1170 Thread 584: getting 12 links ...
8671.9s 1171 Thread 579: finished !!!
8671.9s 1172 Thread 585: getting 12 links ...
8672.8s 1173 Thread 575: finished !!!
8672.8s 1174 Thread 586: getting 12 links ...
8673.1s 1175 Thread 582: finished !!!
8673.1s 1176 Thread 587: getting 12 links ...
8673.1s 1177 Thread 580: finished !!!
8673.1s 1178 Thread 588: getting 12 links ...
8673.1s 1179 Thread 581: finished !!!
8673.1s 1180 Thread 589: getting 12 links ...
8674.1s 1181 Thread 583: finished !!!
8674.1s 1182 Thread 590: getting 11 links ...
8674.1s 1183 Thread 584: finished !!!
8674.1s 1184 Thread 591: getting 11 links ...
8675.0s 1185 Thread 585: finished !!!
8675.0s 1186 Thread 592: getting 11 links ...
8675.8s 1187 Thread 588: finished !!!
8675.8s 1188 Thread 593: getting 11 links ...
8676.7s 1189 Thread 589: finished !!!
8676.7s 1190 Thread 594: getting 10 links ...
8676.7s 1191 Thread 590: finished !!!
8676.7s 1192 Thread 595: getting 10 links ...
8677.2s 1193 Thread 591: finished !!!
8677.2s 1194 Thread 596: getting 10 links ...
8678.8s 1195 Thread 592: finished !!!
8678.8s 1196 Thread 597: getting 10 links ...
8678.8s 1197 Thread 587: finished !!!
8678.8s 1198 Thread 598: getting 10 links ...
8679.4s 1199 Thread 586: finished !!!
8679.4s 1200 Thread 599: getting 10 links ...
8679.7s 1201 Thread 565: finished !!!
8679.7s 1202 Thread 600: getting 10 links ...
8679.7s 1203 Thread 595: finished !!!
8679.7s 1204 Thread 601: getting 10 links ...
8680.0s 1205 Thread 593: finished !!!
8680.0s 1206 Thread 602: getting 10 links ...
8680.0s 1207 Thread 594: finished !!!
8680.0s 1208 Thread 603: getting 10 links ...
8682.2s 1209 Thread 598: finished !!!
8682.2s 1210 Thread 604: getting 10 links ...
8682.4s 1211 Thread 600: finished !!!
8682.4s 1212 Thread 605: getting 10 links ...
8684.4s 1213 Thread 596: finished !!!
8684.4s 1214 Thread 606: getting 10 links ...
8684.6s 1215 Thread 597: finished !!!
8684.6s 1216 Thread 607: getting 10 links ...
8684.6s 1217 Thread 605: finished !!!
8684.6s 1218 Thread 608: getting 10 links ...
8684.8s 1219 Thread 601: finished !!!
8684.8s 1220 Thread 609: getting 10 links ...
8685.4s 1221 Thread 603: finished !!!
8685.4s 1222 Thread 610: getting 10 links ...
8685.7s 1223 Thread 604: finished !!!
8685.7s 1224 Thread 611: getting 10 links ...
8686.1s 1225 Thread 602: finished !!!
8686.1s 1226 Thread 612: getting 10 links ...
8686.9s 1227 Thread 606: finished !!!
8686.9s 1228 Thread 613: getting 10 links ...
8687.7s 1229 Thread 608: finished !!!
8687.7s 1230 Thread 614: getting 10 links ...
8687.7s 1231 Thread 609: finished !!!
8687.7s 1232 Thread 615: getting 9 links ...
8688.5s 1233 Thread 599: finished !!!
8688.5s 1234 Thread 616: getting 9 links ...
8690.0s 1235 Thread 610: finished !!!
8690.0s 1236 Thread 617: getting 9 links ...
8690.0s 1237 Thread 613: finished !!!
8690.0s 1238 Thread 618: getting 9 links ...
8691.7s 1239 Thread 611: finished !!!
8691.7s 1240 Thread 619: getting 9 links ...
8692.0s 1241 Thread 614: finished !!!
8692.0s 1242 Thread 620: getting 9 links ...
8692.7s 1243 Thread 607: finished !!!
8692.7s 1244 Thread 621: getting 8 links ...
8692.7s 1245 Thread 617: finished !!!
8692.7s 1246 Thread 622: getting 8 links ...
8693.4s 1247 Thread 615: finished !!!
8693.4s 1248 Thread 623: getting 8 links ...
8693.7s 1249 Thread 612: finished !!!
8693.7s 1250 Thread 624: getting 8 links ...
8694.1s 1251 Thread 621: finished !!!
8694.1s 1252 Thread 625: getting 8 links ...
8695.4s 1253 Thread 619: finished !!!
8695.4s 1254 Thread 626: getting 8 links ...
8695.7s 1255 Thread 620: finished !!!
8695.7s 1256 Thread 627: getting 8 links ...
8696.3s 1257 Thread 625: finished !!!
8696.3s 1258 Thread 628: getting 7 links ...
8696.3s 1259 Thread 622: finished !!!
8696.3s 1260 Thread 629: getting 7 links ...
8696.3s 1261 Thread 623: finished !!!
8696.3s 1262 Thread 630: getting 7 links ...
8697.0s 1263 Thread 624: finished !!!
8697.0s 1264 Thread 631: getting 7 links ...
8698.0s 1265 Thread 626: finished !!!
8698.0s 1266 Thread 632: getting 6 links ...
8698.9s 1267 Thread 618: finished !!!
8698.9s 1268 Thread 633: getting 6 links ...
8699.2s 1269 Thread 627: finished !!!
8699.2s 1270 Thread 634: getting 6 links ...
8699.2s 1271 Thread 630: finished !!!
8699.2s 1272 Thread 635: getting 6 links ...
8699.9s 1273 Thread 631: finished !!!
8699.9s 1274 Thread 636: getting 6 links ...
8700.4s 1275 Thread 632: finished !!!
8700.4s 1276 Thread 637: getting 6 links ...
8700.8s 1277 Thread 628: finished !!!
8700.8s 1278 Thread 638: getting 6 links ...
8701.4s 1279 Thread 616: finished !!!
8701.4s 1280 Thread 639: getting 6 links ...
8702.1s 1281 Thread 634: finished !!!
8702.1s 1282 Thread 640: getting 6 links ...
8702.1s 1283 Thread 635: finished !!!
8702.1s 1284 Thread 641: getting 6 links ...
8702.4s 1285 Thread 633: finished !!!
8702.4s 1286 Thread 642: getting 5 links ...
8703.0s 1287 Thread 638: finished !!!
8703.0s 1288 Thread 643: getting 5 links ...
8704.0s 1289 Thread 637: finished !!!
8704.0s 1290 Thread 644: getting 5 links ...
8704.0s 1291 Thread 639: finished !!!
8704.0s 1292 Thread 645: getting 5 links ...
8704.3s 1293 Thread 636: finished !!!
8704.3s 1294 Thread 646: getting 5 links ...
8705.1s 1295 Thread 642: finished !!!
8705.1s 1296 Thread 647: getting 5 links ...
8705.7s 1297 Thread 640: finished !!!
8705.7s 1298 Thread 648: getting 5 links ...
8705.7s 1299 Thread 643: finished !!!
8705.7s 1300 Thread 649: getting 5 links ...
8706.3s 1301 Thread 645: finished !!!
8706.3s 1302 Thread 650: getting 5 links ...
8706.3s 1303 Thread 644: finished !!!
8706.3s 1304 Thread 651: getting 5 links ...
8708.0s 1305 Thread 641: finished !!!
8708.0s 1306 Thread 652: getting 4 links ...
8708.7s 1307 Thread 648: finished !!!
8708.7s 1308 Thread 653: getting 4 links ...
8708.7s 1309 Thread 646: finished !!!
8708.7s 1310 Thread 654: getting 4 links ...
8709.6s 1311 Thread 650: finished !!!
8709.6s 1312 Thread 655: getting 4 links ...
8709.6s 1313 Thread 651: finished !!!
8709.6s 1314 Thread 656: getting 4 links ...
8710.6s 1315 Thread 654: finished !!!
8710.6s 1316 Thread 657: getting 4 links ...
8710.9s 1317 Thread 652: finished !!!
8710.9s 1318 Thread 658: getting 4 links ...
8710.9s 1319 Thread 649: finished !!!
8710.9s 1320 Thread 659: getting 4 links ...
8712.4s 1321 Thread 658: finished !!!
8712.4s 1322 Thread 660: getting 4 links ...
8713.6s 1323 Thread 656: finished !!!
8713.6s 1324 Thread 661: getting 4 links ...
8713.6s 1325 Thread 629: finished !!!
8713.6s 1326 Thread 662: getting 4 links ...
8713.8s 1327 Thread 655: finished !!!
8713.8s 1328 Thread 663: getting 4 links ...
8714.8s 1329 Thread 660: finished !!!
8714.8s 1330 Thread 664: getting 4 links ...
8715.0s 1331 Thread 661: finished !!!
8715.0s 1332 Thread 665: getting 4 links ...
8715.0s 1333 Thread 663: finished !!!
8715.0s 1334 Thread 666: getting 4 links ...
8716.4s 1335 Thread 662: finished !!!
8716.4s 1336 Thread 667: getting 4 links ...
8716.4s 1337 Thread 664: finished !!!
8716.4s 1338 Thread 668: getting 4 links ...
8716.4s 1339 Thread 666: finished !!!
8716.4s 1340 Thread 669: getting 4 links ...
8716.7s 1341 Thread 665: finished !!!
8716.7s 1342 Thread 670: getting 4 links ...
8717.0s 1343 Thread 653: finished !!!
8717.0s 1344 Thread 671: getting 4 links ...
8718.0s 1345 Thread 667: finished !!!
8718.0s 1346 Thread 672: getting 4 links ...
8718.2s 1347 Thread 669: finished !!!
8718.2s 1348 Thread 673: getting 4 links ...
8718.8s 1349 Thread 670: finished !!!
8718.8s 1350 Thread 674: getting 4 links ...
8718.8s 1351 Thread 671: finished !!!
8718.8s 1352 Thread 675: getting 3 links ...
8719.8s 1353 Thread 673: finished !!!
8719.8s 1354 Thread 676: getting 3 links ...
8719.8s 1355 Thread 672: finished !!!
8719.8s 1356 Thread 677: getting 3 links ...
8720.5s 1357 Thread 647: finished !!!
8720.5s 1358 Thread 678: getting 3 links ...
8721.6s 1359 Thread 677: finished !!!
8721.6s 1360 Thread 679: getting 3 links ...
8721.8s 1361 Thread 675: finished !!!
8721.8s 1362 Thread 680: getting 3 links ...
8721.8s 1363 Thread 676: finished !!!
8721.8s 1364 Thread 681: getting 3 links ...
8723.1s 1365 Thread 674: finished !!!
8723.1s 1366 Thread 682: getting 3 links ...
8723.4s 1367 Thread 679: finished !!!
8723.4s 1368 Thread 683: getting 2 links ...
8724.5s 1369 Thread 680: finished !!!
8724.5s 1370 Thread 684: getting 2 links ...
8724.9s 1371 Thread 681: finished !!!
8724.9s 1372 Thread 685: getting 2 links ...
8724.9s 1373 Thread 678: finished !!!
8724.9s 1374 Thread 686: getting 2 links ...
8725.2s 1375 Thread 668: finished !!!
8725.2s 1376 Thread 687: getting 2 links ...
8725.2s 1377 Thread 683: finished !!!
8725.2s 1378 Thread 688: getting 2 links ...
8725.8s 1379 Thread 657: finished !!!
8725.8s 1380 Thread 689: getting 2 links ...
8726.6s 1381 Thread 685: finished !!!
8726.6s 1382 Thread 690: getting 2 links ...
8726.8s 1383 Thread 682: finished !!!
8726.8s 1384 Thread 691: getting 2 links ...
8727.1s 1385 Thread 686: finished !!!
8727.1s 1386 Thread 692: getting 2 links ...
8727.3s 1387 Thread 684: finished !!!
8727.3s 1388 Thread 693: getting 2 links ...
8727.3s 1389 Thread 689: finished !!!
8727.3s 1390 Thread 694: getting 2 links ...
8727.9s 1391 Thread 687: finished !!!
8727.9s 1392 Thread 695: getting 2 links ...
8727.9s 1393 Thread 690: finished !!!
8727.9s 1394 Thread 696: getting 2 links ...
8728.5s 1395 Thread 691: finished !!!
8728.5s 1396 Thread 697: getting 2 links ...
8728.9s 1397 Thread 688: finished !!!
8728.9s 1398 Thread 698: getting 2 links ...
8729.9s 1399 Thread 659: finished !!!
8729.9s 1400 Thread 699: getting 2 links ...
8730.7s 1401 Thread 698: finished !!!
8730.7s 1402 Thread 700: getting 2 links ...
8731.7s 1403 Thread 695: finished !!!
8731.7s 1404 Thread 701: getting 2 links ...
8733.1s 1405 Thread 699: finished !!!
8733.1s 1406 Thread 702: getting 2 links ...
8733.1s 1407 Thread 694: finished !!!
8733.1s 1408 Thread 703: getting 2 links ...
8733.6s 1409 Thread 693: finished !!!
8733.6s 1410 Thread 704: getting 2 links ...
8733.9s 1411 Thread 696: finished !!!
8733.9s 1412 Thread 705: getting 2 links ...
8733.9s 1413 Thread 697: finished !!!
8733.9s 1414 Thread 706: getting 2 links ...
8734.3s 1415 Thread 692: finished !!!
8734.3s 1416 Thread 707: getting 2 links ...
8734.8s 1417 Thread 704: finished !!!
8734.8s 1418 Thread 708: getting 2 links ...
8735.3s 1419 Thread 706: finished !!!
8735.3s 1420 Thread 709: getting 2 links ...
8736.1s 1421 Thread 702: finished !!!
8736.1s 1422 Thread 710: getting 2 links ...
8737.1s 1423 Thread 705: finished !!!
8737.1s 1424 Thread 711: getting 2 links ...
8737.1s 1425 Thread 709: finished !!!
8737.1s 1426 Thread 712: getting 2 links ...
8737.3s 1427 Thread 703: finished !!!
8737.3s 1428 Thread 713: getting 2 links ...
8737.3s 1429 Thread 708: finished !!!
8737.3s 1430 Thread 714: getting 1 links ...
8738.6s 1431 Thread 710: finished !!!
8738.6s 1432 Thread 715: getting 1 links ...
8738.9s 1433 Thread 714: finished !!!
8738.9s 1434 Thread 716: getting 1 links ...
8739.8s 1435 Thread 713: finished !!!
8739.8s 1436 Thread 717: getting 1 links ...
8740.1s 1437 Thread 711: finished !!!
8740.1s 1438 Thread 718: getting 1 links ...
8740.6s 1439 Thread 716: finished !!!
8740.6s 1440 Thread 719: getting 1 links ...
8741.6s 1441 Thread 717: finished !!!
8741.6s 1442 Thread 720: getting 1 links ...
8742.0s 1443 Thread 719: finished !!!
8742.0s 1444 Thread 721: getting 1 links ...
8743.1s 1445 Thread 720: finished !!!
8743.1s 1446 Thread 722: getting 1 links ...
8743.1s 1447 Thread 718: finished !!!
8743.1s 1448 Thread 723: getting 1 links ...
8743.7s 1449 Thread 721: finished !!!
8743.7s 1450 Thread 724: getting 1 links ...
8744.9s 1451 Thread 722: finished !!!
8744.9s 1452 Thread 725: getting 1 links ...
8744.9s 1453 Thread 723: finished !!!
8744.9s 1454 Thread 726: getting 1 links ...
8745.2s 1455 Thread 724: finished !!!
8745.2s 1456 Thread 727: getting 1 links ...
8746.6s 1457 Thread 725: finished !!!
8746.6s 1458 Thread 728: getting 1 links ...
8747.8s 1459 Thread 701: finished !!!
8747.8s 1460 Thread 729: getting 1 links ...
8749.7s 1461 Thread 707: finished !!!
8749.7s 1462 Thread 730: getting 1 links ...
8750.0s 1463 Thread 729: finished !!!
8750.0s 1464 Thread 731: getting 1 links ...
8750.3s 1465 Thread 712: finished !!!
8750.3s 1466 Thread 732: getting 1 links ...
8750.3s 1467 Thread 715: finished !!!
8750.3s 1468 Thread 733: getting 1 links ...
8751.6s 1469 Thread 732: finished !!!
8751.6s 1470 Thread 734: getting 1 links ...
8751.8s 1471 Thread 733: finished !!!
8751.8s 1472 Thread 735: getting 1 links ...
8756.8s 1473 Thread 727: finished !!!
8756.8s 1474 Thread 736: getting 1 links ...
8757.1s 1475 Thread 726: finished !!!
8757.1s 1476 Thread 737: getting 1 links ...
8757.8s 1477 Thread 700: finished !!!
8757.8s 1478 Thread 738: getting 1 links ...
8758.4s 1479 Thread 728: finished !!!
8758.4s 1480 Thread 739: getting 1 links ...
8758.7s 1481 Thread 736: finished !!!
8758.7s 1482 Thread 740: getting 1 links ...
8759.4s 1483 Thread 737: finished !!!
8759.4s 1484 Thread 741: getting 1 links ...
8759.4s 1485 Thread 734: finished !!!
8759.4s 1486 Thread 742: getting 1 links ...
8761.6s 1487 Thread 730: finished !!!
8761.6s 1488 Thread 743: getting 1 links ...
8761.7s 1489 Thread 731: finished !!!
8761.7s 1490 Thread 744: getting 1 links ...
8763.4s 1491 Thread 735: finished !!!
8763.4s 1492 Thread 745: getting 1 links ...
8765.5s 1493 Thread 745: finished !!!
8768.2s 1494 Thread 742: finished !!!
8768.2s 1495 Thread 739: finished !!!
8769.6s 1496 Thread 738: finished !!!
8771.6s 1497 Thread 740: finished !!!
8772.8s 1498 Thread 741: finished !!!
8773.3s 1499 Thread 743: finished !!!
8774.0s 1500 Thread 744: finished !!!
8787.5s 1501 !!!!!! Finished Scraping Links !!!!!!
8787.5s 1502 for-rent data len: 76105
8787.5s 1503 for-sale data len: 28969
8793.9s 1504 /opt/conda/lib/python3.10/site-packages/traitlets/traitlets.py:2930: FutureWarning: --Exporter.preprocessors=["remove_papermill_header.RemovePapermillHeader"] for containers is deprecated in traitlets 5.0. You can pass `--Exporter.preprocessors item` ... multiple times to add items to a list.
8793.9s 1505 warn(
8793.9s 1506 [NbConvertApp] WARNING | Config option `kernel_spec_manager_class` not recognized by `NbConvertApp`.
8793.9s 1507 [NbConvertApp] Converting notebook __notebook__.ipynb to notebook
8794.6s 1508 [NbConvertApp] Writing 74148 bytes to __notebook__.ipynb
8796.5s 1509 /opt/conda/lib/python3.10/site-packages/traitlets/traitlets.py:2930: FutureWarning: --Exporter.preprocessors=["nbconvert.preprocessors.ExtractOutputPreprocessor"] for containers is deprecated in traitlets 5.0. You can pass `--Exporter.preprocessors item` ... multiple times to add items to a list.
8796.5s 1510 warn(
8796.5s 1511 [NbConvertApp] WARNING | Config option `kernel_spec_manager_class` not recognized by `NbConvertApp`.
8796.6s 1512 [NbConvertApp] Converting notebook __notebook__.ipynb to html
8797.7s 1513 [NbConvertApp] Writing 357708 bytes to __results__.html