19.9s 1 Number of threads: 72
20.4s 2 Thread 1: getting 9945 links ...
20.4s 3 Thread 2: getting 9862 links ...
20.4s 4 Thread 3: getting 9827 links ...
20.4s 5 Thread 4: getting 9515 links ...
20.4s 6 Thread 5: getting 9270 links ...
20.4s 7 Thread 6: getting 9178 links ...
20.4s 8 Thread 7: getting 9094 links ...
20.4s 9 Thread 8: getting 9090 links ...
262.0s 10 There is an invalid link: https://propertyhub.in.th/en/condo-for-rent/royal-thai-army-nursing-college
470.6s 11 There is an invalid link: https://propertyhub.in.th/en/condo-for-sale/royal-thai-army-nursing-college
470.6s 12 Thread 7: finished !!!
470.6s 13 Thread 9: getting 9080 links ...
523.1s 14 There is an invalid link: https://propertyhub.in.th/en/condo-for-rent/chan-hun-bumpen-school
1010.1s 15 There is an invalid link: https://propertyhub.in.th/en/condo-for-rent/bangkok-patana-school
1145.0s 16 There is an invalid link: https://propertyhub.in.th/en/condo-for-rent/king-mongkut-s-university-of-technology-north-bangkok
1200.8s 17 Thread 4: finished !!!
1200.8s 18 Thread 10: getting 8907 links ...
1237.1s 19 There is an invalid link: https://propertyhub.in.th/en/condo-for-rent/thailand-nursing-and-midwifery-council
1304.4s 20 Thread 9: finished !!!
1304.4s 21 Thread 11: getting 8898 links ...
1576.7s 22 Thread 2: finished !!!
1576.7s 23 Thread 12: getting 8731 links ...
1601.9s 24 Thread 5: finished !!!
1601.9s 25 Thread 13: getting 8631 links ...
1743.6s 26 Thread 6: finished !!!
1743.6s 27 Thread 14: getting 8590 links ...
1838.3s 28 Thread 3: finished !!!
1838.3s 29 Thread 15: getting 8309 links ...
1969.8s 30 There is an invalid link: https://propertyhub.in.th/en/condo-for-rent/rajabhat-thonburi-university
2282.7s 31 Thread 1: finished !!!
2282.7s 32 Thread 16: getting 8132 links ...
2361.6s 33 Thread 13: finished !!!
2361.6s 34 Thread 17: getting 8065 links ...
2426.0s 35 Thread 8: finished !!!
2426.0s 36 Thread 18: getting 8038 links ...
2503.9s 37 Thread 10: finished !!!
2503.9s 38 Thread 19: getting 7954 links ...
2619.4s 39 Thread 11: finished !!!
2619.4s 40 Thread 20: getting 7590 links ...
2625.0s 41 There is an invalid link: https://propertyhub.in.th/en/condo-for-rent/pathum-wan
2945.0s 42 There is an invalid link: https://propertyhub.in.th/en/condo-for-rent/boromarajonani-college-of-nursing-bamrasnaradura
3086.0s 43 Thread 15: finished !!!
3086.0s 44 Thread 21: getting 7425 links ...
3186.1s 45 Thread 14: finished !!!
3186.1s 46 Thread 22: getting 7366 links ...
3202.7s 47 Thread 19: finished !!!
3202.7s 48 Thread 23: getting 7298 links ...
3322.3s 49 Thread 12: finished !!!
3322.3s 50 Thread 24: getting 7289 links ...
3357.3s 51 Thread 16: finished !!!
3357.3s 52 Thread 25: getting 7196 links ...
3419.0s 53 Thread 17: finished !!!
3419.0s 54 Thread 26: getting 7017 links ...
3619.1s 55 Thread 20: finished !!!
3619.1s 56 Thread 27: getting 6788 links ...
3885.1s 57 There is an invalid link: https://propertyhub.in.th/en/condo-for-rent/din-daeng
4107.0s 58 Thread 18: finished !!!
4107.0s 59 Thread 28: getting 6714 links ...
4194.0s 60 Thread 27: finished !!!
4194.0s 61 Thread 29: getting 6557 links ...
4302.2s 62 There is an invalid link: https://propertyhub.in.th/en/condo-for-rent/phet-kasem-road
4444.5s 63 Thread 23: finished !!!
4444.5s 64 Thread 30: getting 6485 links ...
4470.2s 65 Thread 25: finished !!!
4470.2s 66 Thread 31: getting 6460 links ...
4516.5s 67 There is an invalid link: https://propertyhub.in.th/en/condo-for-rent/ratchaphak-technology-and-management-college
4569.8s 68 Thread 26: finished !!!
4569.8s 69 Thread 32: getting 6419 links ...
4751.5s 70 Thread 22: finished !!!
4751.5s 71 Thread 33: getting 6339 links ...
5013.7s 72 Thread 21: finished !!!
5013.7s 73 Thread 34: getting 6305 links ...
5055.7s 74 Thread 24: finished !!!
5055.7s 75 Thread 35: getting 6301 links ...
5099.3s 76 Thread 28: finished !!!
5099.3s 77 Thread 36: getting 6226 links ...
5395.1s 78 There is an invalid link: https://propertyhub.in.th/en/condo-for-sale/rattanathibet-road--3
5395.1s 79 Thread 30: finished !!!
5395.1s 80 Thread 37: getting 6200 links ...
5440.0s 81 Thread 29: finished !!!
5440.0s 82 Thread 38: getting 5824 links ...
5520.0s 83 Thread 32: finished !!!
5520.0s 84 Thread 39: getting 5760 links ...
5907.9s 85 Thread 31: finished !!!
5907.9s 86 Thread 40: getting 5750 links ...
5920.8s 87 Thread 33: finished !!!
5920.8s 88 Thread 41: getting 5628 links ...
5998.5s 89 Thread 36: finished !!!
5998.5s 90 Thread 42: getting 5578 links ...
6080.7s 91 Thread 34: finished !!!
6080.7s 92 Thread 43: getting 5566 links ...
6236.8s 93 Thread 35: finished !!!
6236.8s 94 Thread 44: getting 5536 links ...
6275.8s 95 Thread 38: finished !!!
6275.8s 96 Thread 45: getting 5416 links ...
6395.3s 97 Thread 39: finished !!!
6395.3s 98 Thread 46: getting 5395 links ...
6500.2s 99 Thread 37: finished !!!
6500.2s 100 Thread 47: getting 5388 links ...
6591.7s 101 Thread 41: finished !!!
6591.7s 102 Thread 48: getting 5295 links ...
6787.8s 103 Thread 42: finished !!!
6787.8s 104 Thread 49: getting 5288 links ...
6896.0s 105 Thread 40: finished !!!
6896.0s 106 Thread 50: getting 5257 links ...
7056.8s 107 Thread 43: finished !!!
7056.8s 108 Thread 51: getting 5114 links ...
7062.1s 109 Thread 44: finished !!!
7062.1s 110 Thread 52: getting 5052 links ...
7185.8s 111 Thread 46: finished !!!
7185.8s 112 Thread 53: getting 4971 links ...
7250.9s 113 Thread 45: finished !!!
7250.9s 114 Thread 54: getting 4884 links ...
7277.6s 115 Thread 48: finished !!!
7277.6s 116 Thread 55: getting 4866 links ...
7285.8s 117 Thread 47: finished !!!
7285.8s 118 Thread 56: getting 4850 links ...
7531.6s 119 Thread 49: finished !!!
7531.6s 120 Thread 57: getting 4819 links ...
7595.3s 121 Thread 50: finished !!!
7595.3s 122 Thread 58: getting 4637 links ...
7659.1s 123 Thread 52: finished !!!
7659.1s 124 Thread 59: getting 4581 links ...
7659.1s 125 Thread 55: finished !!!
7659.1s 126 Thread 60: getting 4567 links ...
7664.8s 127 Thread 51: finished !!!
7664.8s 128 Thread 61: getting 4560 links ...
7771.8s 129 Thread 54: finished !!!
7771.8s 130 Thread 62: getting 4535 links ...
7798.2s 131 Thread 53: finished !!!
7798.2s 132 Thread 63: getting 4515 links ...
7861.3s 133 Thread 56: finished !!!
7861.3s 134 Thread 64: getting 4427 links ...
7979.0s 135 Thread 59: finished !!!
7979.0s 136 Thread 65: getting 4284 links ...
8074.8s 137 Thread 58: finished !!!
8074.8s 138 Thread 66: getting 4248 links ...
8115.8s 139 Thread 57: finished !!!
8115.8s 140 Thread 67: getting 4219 links ...
8131.2s 141 Thread 63: finished !!!
8131.2s 142 Thread 68: getting 4200 links ...
8140.7s 143 Thread 61: finished !!!
8140.7s 144 Thread 69: getting 4197 links ...
8160.2s 145 Thread 60: finished !!!
8160.2s 146 Thread 70: getting 4173 links ...
8196.4s 147 Thread 62: finished !!!
8196.4s 148 Thread 71: getting 4106 links ...
8305.7s 149 Thread 64: finished !!!
8305.7s 150 Thread 72: getting 4065 links ...
8364.9s 151 Thread 66: finished !!!
8434.1s 152 Thread 65: finished !!!
8453.0s 153 Thread 68: finished !!!
8469.6s 154 Thread 71: finished !!!
8480.7s 155 Thread 67: finished !!!
8480.7s 156 Thread 70: finished !!!
8499.4s 157 Thread 69: finished !!!
8583.9s 158 Thread 72: finished !!!
8586.7s 159 !!!!!! Finished Scraping Links !!!!!!
8586.7s 160 for-rent data len: 77581
8586.7s 161 for-sale data len: 24597
8591.6s 162 /opt/conda/lib/python3.10/site-packages/traitlets/traitlets.py:2930: FutureWarning: --Exporter.preprocessors=["remove_papermill_header.RemovePapermillHeader"] for containers is deprecated in traitlets 5.0. You can pass `--Exporter.preprocessors item` ... multiple times to add items to a list.
8591.6s 163 warn(
8591.6s 164 [NbConvertApp] WARNING | Config option `kernel_spec_manager_class` not recognized by `NbConvertApp`.
8591.6s 165 [NbConvertApp] Converting notebook __notebook__.ipynb to notebook
8592.2s 166 [NbConvertApp] Writing 20164 bytes to __notebook__.ipynb
8594.3s 167 /opt/conda/lib/python3.10/site-packages/traitlets/traitlets.py:2930: FutureWarning: --Exporter.preprocessors=["nbconvert.preprocessors.ExtractOutputPreprocessor"] for containers is deprecated in traitlets 5.0. You can pass `--Exporter.preprocessors item` ... multiple times to add items to a list.
8594.3s 168 warn(
8594.3s 169 [NbConvertApp] WARNING | Config option `kernel_spec_manager_class` not recognized by `NbConvertApp`.
8594.3s 170 [NbConvertApp] Converting notebook __notebook__.ipynb to html
8595.5s 171 [NbConvertApp] Writing 318510 bytes to __results__.html