16.6s 1 Number of threads: 35
16.6s 2 Thread 1: getting 15915 links ...
16.6s 3 Thread 2: getting 15881 links ...
16.6s 4 Thread 3: getting 15842 links ...
16.6s 5 Thread 4: getting 15803 links ...
16.6s 6 Thread 5: getting 15764 links ...
16.6s 7 Thread 6: getting 15714 links ...
16.6s 8 Thread 7: getting 15595 links ...
16.6s 9 Thread 8: getting 15235 links ...
183.6s 10 There is an invalid link: https://propertyhub.in.th/en/condo-for-rent/assumption-convent-silom-school
358.7s 11 There is an invalid link: https://propertyhub.in.th/en/condo-for-rent/satri-woranat-bang-khen-school
370.0s 12 There is an invalid link: https://propertyhub.in.th/en/condo-for-rent/santirat-institute-of-bussiness-adminstration
531.8s 13 There is an invalid link: https://propertyhub.in.th/en/condo-for-rent/bangkok-christian-college
559.6s 14 There is an invalid link: https://propertyhub.in.th/en/condo-for-rent/huai-khwang
1171.0s 15 Thread 5: finished !!!
1171.0s 16 Thread 9: getting 15018 links ...
1227.5s 17 Thread 1: finished !!!
1227.5s 18 Thread 10: getting 14892 links ...
1401.0s 19 Thread 7: finished !!!
1401.0s 20 Thread 11: getting 14800 links ...
1506.5s 21 Thread 4: finished !!!
1506.5s 22 Thread 12: getting 14401 links ...
1511.7s 23 Thread 3: finished !!!
1511.7s 24 Thread 13: getting 13924 links ...
2394.3s 25 There is an invalid link: https://propertyhub.in.th/en/condo-for-rent/thonburi-vocational-college
2663.8s 26 There is an invalid link: https://propertyhub.in.th/en/condo-for-rent/st-theresa-school
2907.1s 27 There is an invalid link: https://propertyhub.in.th/en/condo-for-rent/mrt-phetchaburi
2907.1s 28 Thread 13: finished !!!
2907.1s 29 Thread 14: getting 13525 links ...
2990.1s 30 There is an invalid link: https://propertyhub.in.th/en/condo-for-rent/samsen-wittayalai-school
3319.9s 31 There is an invalid link: https://propertyhub.in.th/en/condo-for-rent/assumption-commercial-college-a-c-c
3567.5s 32 Thread 12: finished !!!
3567.5s 33 Thread 15: getting 12863 links ...
3582.9s 34 Thread 6: finished !!!
3582.9s 35 Thread 16: getting 12801 links ...
3605.9s 36 Thread 8: finished !!!
3605.9s 37 Thread 17: getting 12322 links ...
3652.0s 38 There is an invalid link: https://propertyhub.in.th/en/condo-for-sale/assumption-commercial-college-a-c-c
3652.0s 39 Thread 11: finished !!!
3652.0s 40 Thread 18: getting 12317 links ...
3654.4s 41 Thread 2: finished !!!
3654.4s 42 Thread 19: getting 12283 links ...
4089.4s 43 There is an invalid link: https://propertyhub.in.th/en/condo-for-sale/siam-university
4089.4s 44 Thread 10: finished !!!
4089.4s 45 Thread 20: getting 12212 links ...
4315.1s 46 There is an invalid link: https://propertyhub.in.th/en/condo-for-rent/borom-ratchachonnani-bangkok-nursing-college
4509.3s 47 There is an invalid link: https://propertyhub.in.th/en/condo-for-sale/wattana-wittaya-academy
4509.3s 48 Thread 9: finished !!!
4509.3s 49 Thread 21: getting 11963 links ...
4533.1s 50 There is an invalid link: https://propertyhub.in.th/en/condo-for-rent/suan-dusit-rajabhat-university
4991.7s 51 Thread 15: finished !!!
4991.7s 52 Thread 22: getting 11868 links ...
5071.8s 53 Thread 18: finished !!!
5071.8s 54 Thread 23: getting 11763 links ...
5315.0s 55 There is an invalid link: https://propertyhub.in.th/en/condo-for-rent/mrt-sukhumvit
5433.5s 56 There is an invalid link: https://propertyhub.in.th/en/condo-for-rent/bts-on-nut
5518.1s 57 There is an invalid link: https://propertyhub.in.th/en/condo-for-sale/bts-phrom-phong
5518.4s 58 Thread 14: finished !!!
5518.4s 59 Thread 24: getting 11752 links ...
5868.1s 60 Thread 21: finished !!!
5868.1s 61 Thread 25: getting 11677 links ...
5886.6s 62 Thread 23: finished !!!
5886.6s 63 Thread 26: getting 11605 links ...
5936.4s 64 Thread 20: finished !!!
5936.4s 65 Thread 27: getting 11531 links ...
6008.1s 66 Thread 19: finished !!!
6008.1s 67 Thread 28: getting 11450 links ...
6117.4s 68 Thread 17: finished !!!
6117.4s 69 Thread 29: getting 11344 links ...
6185.8s 70 Thread 16: finished !!!
6185.8s 71 Thread 30: getting 11225 links ...
7034.9s 72 Thread 22: finished !!!
7034.9s 73 Thread 31: getting 11109 links ...
7315.8s 74 Thread 26: finished !!!
7315.8s 75 Thread 32: getting 10911 links ...
7452.2s 76 Thread 30: finished !!!
7452.2s 77 Thread 33: getting 10769 links ...
7478.3s 78 Thread 24: finished !!!
7478.3s 79 Thread 34: getting 10251 links ...
7658.9s 80 Thread 29: finished !!!
7658.9s 81 Thread 35: getting 10148 links ...
7700.3s 82 Thread 27: finished !!!
7795.4s 83 Thread 25: finished !!!
7954.0s 84 Thread 28: finished !!!
8233.2s 85 Thread 31: finished !!!
8386.7s 86 Thread 34: finished !!!
8442.2s 87 Thread 32: finished !!!
8467.4s 88 Thread 33: finished !!!
8479.5s 89 Thread 35: finished !!!
8481.2s 90 !!!!!! Finished Scraping Links !!!!!!
8481.2s 91 for-rent data len: 81639
8481.2s 92 for-sale data len: 27036
8484.8s 93 /opt/conda/lib/python3.10/site-packages/traitlets/traitlets.py:2930: FutureWarning: --Exporter.preprocessors=["remove_papermill_header.RemovePapermillHeader"] for containers is deprecated in traitlets 5.0. You can pass `--Exporter.preprocessors item` ... multiple times to add items to a list.
8484.8s 94 warn(
8484.8s 95 [NbConvertApp] WARNING | Config option `kernel_spec_manager_class` not recognized by `NbConvertApp`.
8484.9s 96 [NbConvertApp] Converting notebook __notebook__.ipynb to notebook
8485.3s 97 [NbConvertApp] Writing 18077 bytes to __notebook__.ipynb
8487.1s 98 /opt/conda/lib/python3.10/site-packages/traitlets/traitlets.py:2930: FutureWarning: --Exporter.preprocessors=["nbconvert.preprocessors.ExtractOutputPreprocessor"] for containers is deprecated in traitlets 5.0. You can pass `--Exporter.preprocessors item` ... multiple times to add items to a list.
8487.1s 99 warn(
8487.1s 100 [NbConvertApp] WARNING | Config option `kernel_spec_manager_class` not recognized by `NbConvertApp`.
8487.1s 101 [NbConvertApp] Converting notebook __notebook__.ipynb to html
8488.1s 102 [NbConvertApp] Writing 317158 bytes to __results__.html