19.4s 1 Number of threads: 72
20.0s 2 Thread 1: getting 9945 links ...
20.0s 3 Thread 2: getting 9862 links ...
20.0s 4 Thread 3: getting 9827 links ...
20.0s 5 Thread 4: getting 9515 links ...
20.0s 6 Thread 5: getting 9270 links ...
20.0s 7 Thread 6: getting 9178 links ...
20.0s 8 Thread 7: getting 9094 links ...
20.0s 9 Thread 8: getting 9090 links ...
483.1s 10 Thread 5: finished !!!
483.1s 11 Thread 9: getting 9080 links ...
492.0s 12 Thread 6: finished !!!
492.0s 13 Thread 10: getting 8907 links ...
559.2s 14 Thread 2: finished !!!
559.2s 15 Thread 11: getting 8898 links ...
573.7s 16 Thread 3: finished !!!
573.7s 17 Thread 12: getting 8731 links ...
640.0s 18 Thread 4: finished !!!
640.0s 19 Thread 13: getting 8631 links ...
716.8s 20 Thread 7: finished !!!
716.8s 21 Thread 14: getting 8590 links ...
724.2s 22 Thread 8: finished !!!
724.2s 23 Thread 15: getting 8309 links ...
756.2s 24 Thread 1: finished !!!
756.2s 25 Thread 16: getting 8132 links ...
932.2s 26 Thread 10: finished !!!
932.2s 27 Thread 17: getting 8065 links ...
977.4s 28 Thread 11: finished !!!
977.4s 29 Thread 18: getting 8038 links ...
1101.6s 30 Thread 9: finished !!!
1101.6s 31 Thread 19: getting 7954 links ...
1130.8s 32 Thread 13: finished !!!
1130.8s 33 Thread 20: getting 7590 links ...
1131.3s 34 Thread 14: finished !!!
1131.3s 35 Thread 21: getting 7425 links ...
1142.7s 36 Thread 16: finished !!!
1142.7s 37 Thread 22: getting 7366 links ...
1230.6s 38 Thread 12: finished !!!
1230.6s 39 Thread 23: getting 7298 links ...
1291.9s 40 Thread 17: finished !!!
1291.9s 41 Thread 24: getting 7289 links ...
1415.1s 42 Thread 15: finished !!!
1415.1s 43 Thread 25: getting 7196 links ...
1473.4s 44 Thread 19: finished !!!
1473.4s 45 Thread 26: getting 7017 links ...
1478.0s 46 Thread 20: finished !!!
1478.0s 47 Thread 27: getting 6788 links ...
1503.4s 48 Thread 18: finished !!!
1503.4s 49 Thread 28: getting 6714 links ...
1605.5s 50 Thread 23: finished !!!
1605.5s 51 Thread 29: getting 6557 links ...
1613.2s 52 Thread 21: finished !!!
1613.2s 53 Thread 30: getting 6485 links ...
1627.8s 54 Thread 22: finished !!!
1627.8s 55 Thread 31: getting 6460 links ...
1786.3s 56 Thread 24: finished !!!
1786.3s 57 Thread 32: getting 6419 links ...
1799.1s 58 Thread 25: finished !!!
1799.1s 59 Thread 33: getting 6339 links ...
1826.3s 60 Thread 28: finished !!!
1826.3s 61 Thread 34: getting 6305 links ...
1857.9s 62 Thread 26: finished !!!
1857.9s 63 Thread 35: getting 6301 links ...
1905.7s 64 Thread 27: finished !!!
1905.7s 65 Thread 36: getting 6226 links ...
1918.8s 66 Thread 30: finished !!!
1918.8s 67 Thread 37: getting 6200 links ...
2045.9s 68 Thread 31: finished !!!
2045.9s 69 Thread 38: getting 5824 links ...
2064.4s 70 Thread 29: finished !!!
2064.4s 71 Thread 39: getting 5760 links ...
2092.7s 72 Thread 32: finished !!!
2092.7s 73 Thread 40: getting 5750 links ...
2092.7s 74 Thread 34: finished !!!
2092.7s 75 Thread 41: getting 5628 links ...
2206.4s 76 Thread 36: finished !!!
2206.4s 77 Thread 42: getting 5578 links ...
2208.9s 78 Thread 35: finished !!!
2208.9s 79 Thread 43: getting 5566 links ...
2231.8s 80 Thread 33: finished !!!
2231.8s 81 Thread 44: getting 5536 links ...
2304.6s 82 Thread 38: finished !!!
2304.6s 83 Thread 45: getting 5416 links ...
2331.5s 84 Thread 37: finished !!!
2331.5s 85 Thread 46: getting 5395 links ...
2390.6s 86 Thread 39: finished !!!
2390.6s 87 Thread 47: getting 5388 links ...
2483.0s 88 Thread 41: finished !!!
2483.0s 89 Thread 48: getting 5295 links ...
2506.4s 90 Thread 40: finished !!!
2506.4s 91 Thread 49: getting 5288 links ...
2573.8s 92 Thread 42: finished !!!
2573.8s 93 Thread 50: getting 5257 links ...
2605.1s 94 Thread 44: finished !!!
2605.1s 95 Thread 51: getting 5114 links ...
2626.6s 96 Thread 43: finished !!!
2626.6s 97 Thread 52: getting 5052 links ...
2668.0s 98 Thread 45: finished !!!
2668.0s 99 Thread 53: getting 4971 links ...
2686.4s 100 Thread 46: finished !!!
2686.4s 101 Thread 54: getting 4884 links ...
2706.9s 102 Thread 47: finished !!!
2706.9s 103 Thread 55: getting 4866 links ...
2813.1s 104 Thread 48: finished !!!
2813.1s 105 Thread 56: getting 4850 links ...
2866.1s 106 Thread 49: finished !!!
2866.1s 107 Thread 57: getting 4819 links ...
2910.8s 108 Thread 50: finished !!!
2910.8s 109 Thread 58: getting 4637 links ...
2935.9s 110 Thread 52: finished !!!
2935.9s 111 Thread 59: getting 4581 links ...
2951.3s 112 Thread 55: finished !!!
2951.3s 113 Thread 60: getting 4567 links ...
2994.6s 114 Thread 54: finished !!!
2994.6s 115 Thread 61: getting 4560 links ...
2999.8s 116 Thread 51: finished !!!
2999.8s 117 Thread 62: getting 4535 links ...
3006.8s 118 Thread 53: finished !!!
3006.8s 119 Thread 63: getting 4515 links ...
3094.9s 120 Thread 56: finished !!!
3094.9s 121 Thread 64: getting 4427 links ...
3119.9s 122 Thread 59: finished !!!
3119.9s 123 Thread 65: getting 4284 links ...
3191.6s 124 Thread 57: finished !!!
3191.6s 125 Thread 66: getting 4248 links ...
3223.8s 126 Thread 58: finished !!!
3223.8s 127 Thread 67: getting 4219 links ...
3257.4s 128 Thread 60: finished !!!
3257.4s 129 Thread 68: getting 4200 links ...
3265.5s 130 Thread 62: finished !!!
3265.5s 131 Thread 69: getting 4197 links ...
3269.9s 132 Thread 63: finished !!!
3269.9s 133 Thread 70: getting 4173 links ...
3287.2s 134 Thread 61: finished !!!
3287.2s 135 Thread 71: getting 4106 links ...
3372.1s 136 Thread 64: finished !!!
3372.1s 137 Thread 72: getting 4065 links ...
3386.4s 138 Thread 65: finished !!!
3422.6s 139 Thread 66: finished !!!
3480.6s 140 Thread 67: finished !!!
3484.1s 141 Thread 70: finished !!!
3488.6s 142 Thread 69: finished !!!
3489.9s 143 Thread 71: finished !!!
3499.0s 144 Thread 68: finished !!!
3528.5s 145 Thread 72: finished !!!
3531.6s 146 !!!!!! Finished Scraping Links !!!!!!
3531.6s 147 for-rent data len: 76652
3531.6s 148 for-sale data len: 24944
3536.3s 149 /opt/conda/lib/python3.10/site-packages/traitlets/traitlets.py:2930: FutureWarning: --Exporter.preprocessors=["remove_papermill_header.RemovePapermillHeader"] for containers is deprecated in traitlets 5.0. You can pass `--Exporter.preprocessors item` ... multiple times to add items to a list.
3536.3s 150 warn(
3536.3s 151 [NbConvertApp] WARNING | Config option `kernel_spec_manager_class` not recognized by `NbConvertApp`.
3536.4s 152 [NbConvertApp] Converting notebook __notebook__.ipynb to notebook
3536.4s 153 [NbConvertApp] ERROR | Notebook JSON is invalid: Additional properties are not allowed ('kernelspec', 'language_info' were unexpected)
3536.4s 154 
3536.4s 155 Failed validating 'additionalProperties' in notebook:
3536.4s 156 
3536.4s 157 On instance:
3536.4s 158 {'cells': ['...4 cells...'],
3536.4s 159 'kernelspec': {'display_name': 'Python 3',
3536.4s 160 'language': 'python',
3536.4s 161 'name': 'python3'},
3536.4s 162 'language_info': {'codemirror_mode': {'name': 'ipython', 'version': 3},
3536.4s 163 'file_extension': '.py',
3536.4s 164 'mimetype': 'text/x-python',
3536.4s 165 'name': 'python',
3536.4s 166 'nbconvert_exporter': 'python',
3536.4s 167 'pygments_lexer': 'ipython3',
3536.4s 168 'version': '3.6.4'},
3536.4s 169 'metadata': {'kernelspec': {'display_name': 'Python 3',
3536.4s 170 'language': 'python',
3536.4s 171 'name': 'python3'},
3536.4s 172 'language_info': {'codemirror_mode': {'name': 'ipython',
3536.4s 173 'version': 3},
3536.4s 174 'file_extension': '.py',
3536.4s 175 'mimetype': 'text/x-python',
3536.4s 176 'name': 'python',
3536.4s 177 'nbconvert_exporter': 'python',
3536.4s 178 'pygments_lexer': 'ipython3',
3536.4s 179 'version': '3.10.10'},
3536.4s 180 'papermill': {'default_parameters': {},
3536.4s 181 'duration': 3529.099969,
3536.4s 182 'end_time': '2023-08-31T10:45:32.004880',
3536.4s 183 'environment_variables': {},
3536.4s 184 'exception': None,
3536.4s 185 'input_path': '__notebook__.ipynb',
3536.4s 186 'output_path': '__notebook__.ipynb',
3536.4s 187 'parameters': {},
3536.4s 188 'start_time': '2023-08-31T09:46:42.904911',
3536.4s 189 'version': '2.4.0'}},
3536.4s 190 'nbformat': 4,
3536.4s 191 'nbformat_minor': 5}
3536.9s 192 [NbConvertApp] Writing 19077 bytes to __notebook__.ipynb
3539.0s 193 /opt/conda/lib/python3.10/site-packages/traitlets/traitlets.py:2930: FutureWarning: --Exporter.preprocessors=["nbconvert.preprocessors.ExtractOutputPreprocessor"] for containers is deprecated in traitlets 5.0. You can pass `--Exporter.preprocessors item` ... multiple times to add items to a list.
3539.0s 194 warn(
3539.0s 195 [NbConvertApp] WARNING | Config option `kernel_spec_manager_class` not recognized by `NbConvertApp`.
3539.0s 196 [NbConvertApp] Converting notebook __notebook__.ipynb to html
3539.1s 197 [NbConvertApp] ERROR | Notebook JSON is invalid: Additional properties are not allowed ('kernelspec', 'language_info' were unexpected)
3539.1s 198 
3539.1s 199 Failed validating 'additionalProperties' in notebook:
3539.1s 200 
3539.1s 201 On instance:
3539.1s 202 {'cells': ['...4 cells...'],
3539.1s 203 'kernelspec': {'display_name': 'Python 3',
3539.1s 204 'language': 'python',
3539.1s 205 'name': 'python3'},
3539.1s 206 'language_info': {'codemirror_mode': {'name': 'ipython', 'version': 3},
3539.1s 207 'file_extension': '.py',
3539.1s 208 'mimetype': 'text/x-python',
3539.1s 209 'name': 'python',
3539.1s 210 'nbconvert_exporter': 'python',
3539.1s 211 'pygments_lexer': 'ipython3',
3539.1s 212 'version': '3.6.4'},
3539.1s 213 'metadata': {'kernelspec': {'display_name': 'Python 3',
3539.1s 214 'language': 'python',
3539.1s 215 'name': 'python3'},
3539.1s 216 'language_info': {'codemirror_mode': {'name': 'ipython',
3539.1s 217 'version': 3},
3539.1s 218 'file_extension': '.py',
3539.1s 219 'mimetype': 'text/x-python',
3539.1s 220 'name': 'python',
3539.1s 221 'nbconvert_exporter': 'python',
3539.1s 222 'pygments_lexer': 'ipython3',
3539.1s 223 'version': '3.10.10'},
3539.1s 224 'papermill': {'default_parameters': {},
3539.1s 225 'duration': 3529.099969,
3539.1s 226 'end_time': '2023-08-31T10:45:32.004880',
3539.1s 227 'environment_variables': {},
3539.1s 228 'exception': None,
3539.1s 229 'input_path': '__notebook__.ipynb',
3539.1s 230 'output_path': '__notebook__.ipynb',
3539.1s 231 'parameters': {},
3539.1s 232 'start_time': '2023-08-31T09:46:42.904911',
3539.1s 233 'version': '2.4.0'}},
3539.1s 234 'nbformat': 4,
3539.1s 235 'nbformat_minor': 5}
3540.2s 236 [NbConvertApp] Writing 317216 bytes to __results__.html