19.5s 1 4th batch: for-rent data len: 21560
19.7s 2 Thread 49: Scraping for 1347 links ...
19.7s 3 Thread 50: Scraping for 1348 links ...
19.7s 4 Thread 51: Scraping for 1347 links ...
19.7s 5 Thread 52: Scraping for 1348 links ...
19.7s 6 Thread 53: Scraping for 1347 links ...
19.7s 7 Thread 54: Scraping for 1348 links ...
19.7s 8 Thread 55: Scraping for 1347 links ...
19.7s 9 Thread 56: Scraping for 1348 links ...
335.9s 10 Error at https://propertyhub.in.th/en/listings/ownuy290623-metrosky-prachachuen--b4f809ce---3801628
524.2s 11 Error at https://propertyhub.in.th/en/listings/for-rent-u-delight-3-prachachuen-bangsue-30-sq-m-fully-furnished-8-500-baht---2984432
854.4s 12 Error at https://propertyhub.in.th/en/listings/pet-friendly-for-rent-m-jatujak-2bed-2bath-64sqm-10f-line-hac55---3031289
1160.2s 13 Error at https://propertyhub.in.th/en/listings/g-5719-中国客户，请加微信。-在联系方式的旁边-for-rent-kensington-pahol-kaset-line️-condopremium️---2671519
2366.9s 14 Error at https://propertyhub.in.th/en/listings/for-rent-the-saint-residences-1-bedroom-27th-floor-building-b-⭕line-id-972wwrmd---3862053
2667.3s 15 Error at https://propertyhub.in.th/en/listings/for-rent-life-ladprao-1-bedroom-16th-floor-building-a-near-bts-lad-phrao-intersection-line-id-931jkuys---3812868
2758.6s 16 Error at https://propertyhub.in.th/en/listings/ideo-mobi-sukhumvit-eastgate--ac6e0924---3855605
2914.2s 17 Error at https://propertyhub.in.th/en/listings/for-rent-ideo-mobi-sukhumvit-66-1-bedroom-plus-22nd-floor-near-bts-udom-suk-line-id-579gllfh---3812900
3704.5s 18 Error at https://propertyhub.in.th/en/listings/for-rent-ideo-sukhumvit-93-1-bedroom-14th-floor-building-a-near-bts-bang-chak--b7a70a27---3903549
3795.7s 19 Error at https://propertyhub.in.th/en/listings/for-rent-ideo-sukhumvit-93-1-bedroom-11th-floor-building-b-near-tesco-lotus-on-nut--bc830a61---3879377
3910.9s 20 Error at https://propertyhub.in.th/en/listings/for-rent-ideo-charan-70-river-view-duplex-35th-floor-near-lotus-charansanitwong--b2b209ec---3900300
4040.3s 21 Error at https://propertyhub.in.th/en/listings/for-rent-elio-del-moss-phaholyothin-34-1-bedroom-6th-floor-building-c-near-bang-khen-market--af35093f---3884450
4053.9s 22 Error at https://propertyhub.in.th/en/listings/for-rent-aspire-asoke-ratchada-1-bedroom-6th-floor-building-b-near-mrt-rama-9--b2ad097f---3891757
4606.0s 23 Error at https://propertyhub.in.th/en/listings/for-rent-ideo-charan-70-river-view-duplex-1-bedroom-33rd-floor-near-mrt-bang-phlat--b38509c3---3879782
4747.4s 24 Error at https://propertyhub.in.th/en/listings/for-rent-ideo-mobi-sukhumvit-eastpoint-1-bedroom-18th-floor-building-b-near-the-coast-village-⭕line-id-750ehxtn---3868494
4780.0s 25 Error at https://propertyhub.in.th/en/listings/for-rent-the-line-phahon-pradipat-1-bedroom-24th-floor-bts-saphan-khwai-line-id-263qmehk---3834560
4838.8s 26 Error at https://propertyhub.in.th/en/listings/super-special-for-rent-the-sky-sukhumvit-1-bedroom-4th-floor-building-c-near-bts-udom-suk--b79e09e7---3879200
4902.2s 27 Error at https://propertyhub.in.th/en/listings/for-rent-ideo-mobi-sukhumvit-east-point-studio-23rd-floor-building-b-near-bts-bangna--b88b0a72---3899414
5134.0s 28 Error at https://propertyhub.in.th/en/listings/for-rent-the-niche-mono-ratchavipha-2-bedrooms-19th-floor-building-a-near-kasemrat-hospital-line-id-535iehwm---3821247
5210.9s 29 Error at https://propertyhub.in.th/en/listings/for-rent-the-line-sukhumvit-101-1-bedroom-9th-floor-near-bts-punnawithi-⭕line-id-750ehxtn---3812684
5425.8s 30 Error at https://propertyhub.in.th/en/listings/for-rent-ideo-mobi-sukhumvit-east-point-1-bedroom-25th-floor-building-b-near-bts-bang-na--bef60a39---3887636
5554.9s 31 Error at https://propertyhub.in.th/en/listings/for-rent-ideo-sukhumvit-93-2-bedrooms-6th-floor-building-a-near-tesco-lotus-on-nut-⭕line-id-972wwrmd---3815196
5684.2s 32 Error at https://propertyhub.in.th/en/listings/super-special-for-rent-the-line-phaholyothin-park-1-bedroom-29th-floor-near-bts-lat-phrao-intersection--a29208e4---3879274
5693.4s 33 Error at https://propertyhub.in.th/en/listings/for-rent-ideo-sukhumvit-93-1-bedroom-19th-floor-building-b-⭕line-id-972wwrmd---3821043
6688.2s 34 Error at https://propertyhub.in.th/en/listings/for-rent-ideo-sukhumvit-93-1-bedroom-9th-floor-building-c-near-bts-bang-chak-line-id-950iqyse---3825352
7183.8s 35 Error at https://propertyhub.in.th/en/listings/for-rent-at-ideo-sukhumvit-93-negotiable-at-lovecondo-with-too--9431088a---3864025
7776.0s 36 Error at https://propertyhub.in.th/en/listings/for-rent-at-life-ladprao-negotiable-at-home123-with-too---3847425
7944.1s 37 Error at https://propertyhub.in.th/en/listings/for-rent-ideo-mobi-sukhumvit-eastpoint-1-bedroom-22nd-floor-a-coast-building-line-id-535iehwm---3826882
8124.2s 38 Error at https://propertyhub.in.th/en/listings/for-rent-ideo-mobi-sukhumvit-east-point-1-bedroom-25th-floor-building-b-near-bts-bang-na--b3c20946---3887790
8346.3s 39 Error at https://propertyhub.in.th/en/listings/centric-ratchayothin-rare-item-fully-furniture-ready-to-move-in-ask-more-infolineofficial-promptyou---3887298
8908.9s 40 Error at https://propertyhub.in.th/en/listings/for-rent-ideo-mobi-sukhumvit-eastpoint-1-bedroom-22nd-floor-a-coast-building-line-id-931jkuys---3826818
10578.9s 41 Thread 56: !!! Scraping completed
10578.9s 42 Thread 57: Scraping for 1347 links ...
10861.1s 43 Thread 52: !!! Scraping completed (2 errors, 23 invalid links)
10861.1s 44 Thread 58: Scraping for 1348 links ...
11287.9s 45 Thread 49: !!! Scraping completed (4 errors, 46 invalid links)
11287.9s 46 Thread 59: Scraping for 1347 links ...
11375.3s 47 Thread 55: !!! Scraping completed (2 errors, 24 invalid links)
11375.3s 48 Thread 60: Scraping for 1347 links ...
11604.6s 49 Thread 54: !!! Scraping completed (5 errors, 27 invalid links)
11604.6s 50 Thread 61: Scraping for 1348 links ...
11661.4s 51 Thread 51: !!! Scraping completed (1 errors, 16 invalid links)
11661.4s 52 Thread 62: Scraping for 1347 links ...
11895.1s 53 Error at https://propertyhub.in.th/en/listings/for-rent-the-parkland-charan-pinklao-1-bedroom-7th-floor-building-b-near-mrt-bang-yi-khan-line-id-330zzhdy---3853249
12574.6s 54 Thread 50: !!! Scraping completed (6 errors, 18 invalid links)
12574.6s 55 Thread 63: Scraping for 1348 links ...
12739.9s 56 Error at https://propertyhub.in.th/en/listings/for-rent-ideo-mobi-sukhumvit-east-point-1-bedroom-25th-floor-building-b-near-bts-bang-na--b6b809cf---3887637
13796.6s 57 Thread 53: !!! Scraping completed (12 errors, 19 invalid links)
13796.6s 58 Thread 64: Scraping for 1347 links ...
15755.8s 59 Error at https://propertyhub.in.th/en/listings/for-rent-ashton-asoke-rama-9-1-bedroom-25th-floor-omega-building-near-mrt-rama-9--b52309ed---3880266
16097.1s 60 Error at https://propertyhub.in.th/en/listings/condo-for-rent-supalai-city-resort-charan-91-1-bedroom-3rd-floor-near-mrt-bang-o--af29092d---3881995
16119.7s 61 Error at https://propertyhub.in.th/en/listings/for-rent-wynn-condo-ladprao-chokchai-4-1-bedroom-2nd-floor-building-c-near-the-shelter-chokchai-4-line-id-247sbpis---3862182
16409.5s 62 Error at https://propertyhub.in.th/en/listings/for-rent-unio-h-tiwanon-studio-16th-floor-near-mrt-tiwanon-intersection--a7c1093a---3891543
16459.2s 63 Error at https://propertyhub.in.th/en/listings/condo-for-rent-supalai-city-resort-charan-91-1-bedroom-3rd-floor-near-mrt-bang-o--bd110a99---3882079
16765.4s 64 Error at https://propertyhub.in.th/en/listings/for-rent-supalai-city-resort-charan-91-1-bedroom-4th-floor-building-3-near-mrt-bang-o-line-id-535iehwm---3862530
17125.5s 65 Thread 57: !!! Scraping completed
17490.9s 66 Error at https://propertyhub.in.th/en/listings/condo-for-rent-supalai-city-resort-charan-91-1-bedroom-3rd-floor-near-mrt-bang-o-line-id-247sbpis---3832493
17591.2s 67 Thread 59: !!! Scraping completed
17697.7s 68 Error at https://propertyhub.in.th/en/listings/condo-for-rent-supalai-city-resort-charan-91-1-bedroom-3rd-floor-near-mrt-bang-o--c77e0a3c---3881886
17857.1s 69 Thread 61: !!! Scraping completed
17947.8s 70 Thread 60: !!! Scraping completed
18341.9s 71 Thread 62: !!! Scraping completed (1 errors, 27 invalid links)
18418.7s 72 Error at https://propertyhub.in.th/en/listings/for-rent-unio-h-tiwanon-studio-16th-floor-near-mrt-tiwanon-intersection--b0c7097a---3891658
18575.2s 73 Thread 63: !!! Scraping completed (2 errors, 24 invalid links)
18809.2s 74 Thread 58: !!! Scraping completed (6 errors, 54 invalid links)
18879.6s 75 Thread 64: !!! Scraping completed (1 errors, 19 invalid links)
18883.4s 76 Total output length: 21113
18887.5s 77 /opt/conda/lib/python3.10/site-packages/traitlets/traitlets.py:2930: FutureWarning: --Exporter.preprocessors=["remove_papermill_header.RemovePapermillHeader"] for containers is deprecated in traitlets 5.0. You can pass `--Exporter.preprocessors item` ... multiple times to add items to a list.
18887.5s 78 warn(
18887.5s 79 [NbConvertApp] WARNING | Config option `kernel_spec_manager_class` not recognized by `NbConvertApp`.
18887.5s 80 [NbConvertApp] Converting notebook __notebook__.ipynb to notebook
18887.6s 81 [NbConvertApp] ERROR | Notebook JSON is invalid: Additional properties are not allowed ('kernelspec', 'language_info' were unexpected)
18887.6s 82 
18887.6s 83 Failed validating 'additionalProperties' in notebook:
18887.6s 84 
18887.6s 85 On instance:
18887.6s 86 {'cells': ['...6 cells...'],
18887.6s 87 'kernelspec': {'display_name': 'Python 3',
18887.6s 88 'language': 'python',
18887.6s 89 'name': 'python3'},
18887.6s 90 'language_info': {'codemirror_mode': {'name': 'ipython', 'version': 3},
18887.6s 91 'file_extension': '.py',
18887.6s 92 'mimetype': 'text/x-python',
18887.6s 93 'name': 'python',
18887.6s 94 'nbconvert_exporter': 'python',
18887.6s 95 'pygments_lexer': 'ipython3',
18887.6s 96 'version': '3.6.4'},
18887.6s 97 'metadata': {'kernelspec': {'display_name': 'Python 3',
18887.6s 98 'language': 'python',
18887.6s 99 'name': 'python3'},
18887.6s 100 'language_info': {'codemirror_mode': {'name': 'ipython',
18887.6s 101 'version': 3},
18887.6s 102 'file_extension': '.py',
18887.6s 103 'mimetype': 'text/x-python',
18887.6s 104 'name': 'python',
18887.6s 105 'nbconvert_exporter': 'python',
18887.6s 106 'pygments_lexer': 'ipython3',
18887.6s 107 'version': '3.10.10'},
18887.6s 108 'papermill': {'default_parameters': {},
18887.6s 109 'duration': 18881.011337,
18887.6s 110 'end_time': '2023-08-31T16:26:30.846934',
18887.6s 111 'environment_variables': {},
18887.6s 112 'exception': None,
18887.6s 113 'input_path': '__notebook__.ipynb',
18887.6s 114 'output_path': '__notebook__.ipynb',
18887.6s 115 'parameters': {},
18887.6s 116 'start_time': '2023-08-31T11:11:49.835597',
18887.6s 117 'version': '2.4.0'}},
18887.6s 118 'nbformat': 4,
18887.6s 119 'nbformat_minor': 5}
18888.0s 120 [NbConvertApp] Writing 30463 bytes to __notebook__.ipynb
18890.0s 121 /opt/conda/lib/python3.10/site-packages/traitlets/traitlets.py:2930: FutureWarning: --Exporter.preprocessors=["nbconvert.preprocessors.ExtractOutputPreprocessor"] for containers is deprecated in traitlets 5.0. You can pass `--Exporter.preprocessors item` ... multiple times to add items to a list.
18890.0s 122 warn(
18890.0s 123 [NbConvertApp] WARNING | Config option `kernel_spec_manager_class` not recognized by `NbConvertApp`.
18890.1s 124 [NbConvertApp] Converting notebook __notebook__.ipynb to html
18890.1s 125 [NbConvertApp] ERROR | Notebook JSON is invalid: Additional properties are not allowed ('kernelspec', 'language_info' were unexpected)
18890.1s 126 
18890.1s 127 Failed validating 'additionalProperties' in notebook:
18890.1s 128 
18890.1s 129 On instance:
18890.1s 130 {'cells': ['...6 cells...'],
18890.1s 131 'kernelspec': {'display_name': 'Python 3',
18890.1s 132 'language': 'python',
18890.1s 133 'name': 'python3'},
18890.1s 134 'language_info': {'codemirror_mode': {'name': 'ipython', 'version': 3},
18890.1s 135 'file_extension': '.py',
18890.1s 136 'mimetype': 'text/x-python',
18890.1s 137 'name': 'python',
18890.1s 138 'nbconvert_exporter': 'python',
18890.1s 139 'pygments_lexer': 'ipython3',
18890.1s 140 'version': '3.6.4'},
18890.1s 141 'metadata': {'kernelspec': {'display_name': 'Python 3',
18890.1s 142 'language': 'python',
18890.1s 143 'name': 'python3'},
18890.1s 144 'language_info': {'codemirror_mode': {'name': 'ipython',
18890.1s 145 'version': 3},
18890.1s 146 'file_extension': '.py',
18890.1s 147 'mimetype': 'text/x-python',
18890.1s 148 'name': 'python',
18890.1s 149 'nbconvert_exporter': 'python',
18890.1s 150 'pygments_lexer': 'ipython3',
18890.1s 151 'version': '3.10.10'},
18890.1s 152 'papermill': {'default_parameters': {},
18890.1s 153 'duration': 18881.011337,
18890.1s 154 'end_time': '2023-08-31T16:26:30.846934',
18890.1s 155 'environment_variables': {},
18890.1s 156 'exception': None,
18890.1s 157 'input_path': '__notebook__.ipynb',
18890.1s 158 'output_path': '__notebook__.ipynb',
18890.1s 159 'parameters': {},
18890.1s 160 'start_time': '2023-08-31T11:11:49.835597',
18890.1s 161 'version': '2.4.0'}},
18890.1s 162 'nbformat': 4,
18890.1s 163 'nbformat_minor': 5}
18891.3s 164 [NbConvertApp] Writing 343200 bytes to __results__.html