18.8s 1 2nd batch: for-sale data len: 19124
19.0s 2 Thread 17: Scraping for 1195 links ...
19.0s 3 Thread 18: Scraping for 1195 links ...
19.0s 4 Thread 19: Scraping for 1195 links ...
19.0s 5 Thread 20: Scraping for 1195 links ...
19.0s 6 Thread 21: Scraping for 1196 links ...
19.0s 7 Thread 22: Scraping for 1195 links ...
19.0s 8 Thread 23: Scraping for 1195 links ...
19.0s 9 Thread 24: Scraping for 1195 links ...
149.6s 10 Error at https://propertyhub.in.th/en/listings/condo-for-sale-ideo-sukhumvit-93-2-bedrooms-8th-floor-building-a-near-bts-bang-chak--c3c40a5a---3902094
242.3s 11 Error at https://propertyhub.in.th/en/listings/condo-for-sale-ideo-sukhumvit-93-2-bedrooms-8th-floor-building-a-near-tesco-lotus-on-nut--9a6208e7---3901950
339.9s 12 Error at https://propertyhub.in.th/en/listings/condo-for-sale-ideo-mobi-sukhumvit-eastpoint-studio-18th-floor-building-a-near-bts-bang-na--94210892---3901958
720.7s 13 Error at https://propertyhub.in.th/en/listings/condo-for-sale-ideo-sukhumvit-93-1-bedroom-6th-floor-building-c-near-bts-bang-chak-line-id-950iqyse---3838349
775.3s 14 Error at https://propertyhub.in.th/en/listings/condo-for-sale-knightsbridge-duplex-tiwanon-duplex-19th-floor-near-bigc-tiwanon-line-id-931jkuys--b052096b---3874273
915.5s 15 Error at https://propertyhub.in.th/en/listings/condo-for-sale-unio-h-tiwanon-1-bedroom-18th-floor-near-central-rattanathibet--bfec0a36---3891929
1008.2s 16 Error at https://propertyhub.in.th/en/listings/condo-for-sale-unio-h-tiwanon-studio-16th-floor-near-central-rattanathibet--b00c099f---3900408
1084.3s 17 Error at https://propertyhub.in.th/en/listings/condo-for-sale-ideo-blu-cove-sukhumvit-2-bedrooms-17th-floor-near-bts-udomsuk--9f560959---3898423
1179.6s 18 Error at https://propertyhub.in.th/en/listings/condo-for-sale-ideo-mobi-sukhumvit-eastpoint-studio-18th-floor-building-a-near-bts-bang-na--aaa3090e---3902058
1376.5s 19 Error at https://propertyhub.in.th/en/listings/for-sell-very-cheap-supalai-park-kaset-near-kasetsart-university---3848680
2089.5s 20 Error at https://propertyhub.in.th/en/listings/condo-for-sale-president-bangwa-new-renovate-room-phase-3-floor-11-pool-view-complete---3594633
2208.2s 21 Error at https://propertyhub.in.th/en/listings/condo-for-sale-the-parkland-charan-pinklao-1-bedroom-18th-floor-building-c-near-mrt-bang-yi-khan--a97f08ec---3895325
2325.3s 22 Error at https://propertyhub.in.th/en/listings/mazarine-ratchayothin-condo-s05-0562---3666298
2518.9s 23 Error at https://propertyhub.in.th/en/listings/condo-for-sale-unio-h-tiwanon-studio-16th-floor-near-central-rattanathibet--b1a509a8---3900411
2813.5s 24 Error at https://propertyhub.in.th/en/listings/condo-for-sale-unio-h-tiwanon-1-bedroom-18th-floor-near-central-rattanathibet--a4af08bd---3891928
3152.7s 25 Error at https://propertyhub.in.th/en/listings/the-gallery-bearing--9b370854---3863142
3767.5s 26 Error at https://propertyhub.in.th/en/listings/condo-for-sale-ideo-mobi-charan-interchange-1-bedroom-10th-floor-near-foodland-supermarket---3903632
3781.1s 27 Error at https://propertyhub.in.th/en/listings/condo-for-sale-333-riverside-1-bedroom-17th-floor-building-b-near-mrt-bang-pho-line-id-167hmxgo---3846524
4011.9s 28 Error at https://propertyhub.in.th/en/listings/for-sale-condo-knightsbridge-kaset-society-3890000-baht---3539171
4029.6s 29 Error at https://propertyhub.in.th/en/listings/supalai-park-yaek-fai-chai-station-for-sell---3441935
4047.9s 30 Error at https://propertyhub.in.th/en/listings/condo-for-sale-the-parkland-charan-pinklao-1-bedroom-18th-floor-building-c-near-mrt-bang-yi-khan--acf50949---3895266
4697.2s 31 Error at https://propertyhub.in.th/en/listings/condo-for-sale-the-parkland-charan-pinklao-1-bedroom-18th-floor-building-c-near-mrt-bang-yi-khan--acbb0978---3895300
6321.7s 32 Error at https://propertyhub.in.th/en/listings/condo-for-sale-ideo-sukhumvit-93-2-bedrooms-8th-floor-building-a-near-bts-bang-chak-line-id-247sbpis--b6d30a30---3836382
7503.7s 33 Error at https://propertyhub.in.th/en/listings/corner-spacious-condo-at-baan-prachaniwet-condominium-for-sale-58-05-sq-m-building-a-6th-floor-near-bts-mo-chit-near-mrt-phahon-yothin---3867458
7598.0s 34 Error at https://propertyhub.in.th/en/listings/condo-for-sale-wynn-condo-ladprao-chokchai-4-1-bedroom-2nd-floor-building-b-near-the-shelter-chokchai-4-line-id-330zzhdy---3867187
7962.9s 35 Error at https://propertyhub.in.th/en/listings/for-sell-1bedroom-at-supalai-city-resort-bts-bearing-rt-01---3121379
8098.3s 36 Error at https://propertyhub.in.th/en/listings/condo-for-sale-in-the-phatra-condominium-project-bang-khen-subdistrict-mueang-nonthaburi-district-nonthaburi-province---3818836
8145.0s 37 Error at https://propertyhub.in.th/en/listings/condo-for-sale-unio-h-tiwanon-1-bedroom-18th-floor-near-central-rattanathibet--b2420980---3891857
8283.9s 38 Error at https://propertyhub.in.th/en/listings/condo-for-sale-unio-h-tiwanon-studio-16th-floor-near-central-rattanathibet--a460091a---3900334
8647.2s 39 Error at https://propertyhub.in.th/en/listings/condo-for-sale-unio-h-tiwanon-1-bedroom-18th-floor-near-central-rattanathibet--9a6208b8---3891983
9791.8s 40 Error at https://propertyhub.in.th/en/listings/condo-for-sale-unio-h-tiwanon-1-bedroom-18th-floor-near-central-rattanathibet---3891856
9904.7s 41 Error at https://propertyhub.in.th/en/listings/condo-for-sale-unio-h-tiwanon-studio-16th-floor-near-central-rattanathibet---3900333
9948.4s 42 Thread 17: !!! Scraping completed (2 errors, 28 invalid links)
9948.4s 43 Thread 25: Scraping for 1195 links ...
10019.5s 44 Thread 21: !!! Scraping completed (1 errors, 39 invalid links)
10019.5s 45 Thread 26: Scraping for 1196 links ...
10355.7s 46 Thread 19: !!! Scraping completed (7 errors, 15 invalid links)
10355.7s 47 Thread 27: Scraping for 1195 links ...
10475.1s 48 Thread 24: !!! Scraping completed (6 errors, 18 invalid links)
10475.1s 49 Thread 28: Scraping for 1195 links ...
10666.4s 50 Thread 22: !!! Scraping completed (2 errors, 30 invalid links)
10666.4s 51 Thread 29: Scraping for 1195 links ...
10766.4s 52 Thread 23: !!! Scraping completed (4 errors, 44 invalid links)
10766.4s 53 Thread 30: Scraping for 1196 links ...
10817.7s 54 Thread 18: !!! Scraping completed (6 errors, 37 invalid links)
10817.7s 55 Thread 31: Scraping for 1195 links ...
11072.3s 56 Thread 20: !!! Scraping completed (4 errors, 26 invalid links)
11072.3s 57 Thread 32: Scraping for 1195 links ...
11379.9s 58 Error at https://propertyhub.in.th/en/listings/condo-for-sale-atmoz-ladprao-71-2-bedrooms-2nd-floor-building-d-near-centralfestival-eastville--b2e50a0a---3898405
11489.7s 59 Error at https://propertyhub.in.th/en/listings/condo-for-sale-atmoz-ladprao-71-2-bedrooms-2nd-floor-building-d-near-centralfestival-eastville--9921084e---3898292
11781.6s 60 Error at https://propertyhub.in.th/en/listings/condo-for-sale-atmoz-ladprao-71-2-bedrooms-2nd-floor-building-d-near-centralfestival-eastville--9df70879---3898406
11881.0s 61 Error at https://propertyhub.in.th/en/listings/condo-for-sale-atmoz-ladprao-71-1-bedroom-4th-floor-building-a-near-centralfestival-eastville--a68e0970---3886303
11980.8s 62 Error at https://propertyhub.in.th/en/listings/condo-for-sale-atmoz-ladprao-71-2-bedrooms-2nd-floor-building-d-near-centralfestival-eastville--b68009cd---3898500
12385.3s 63 Error at https://propertyhub.in.th/en/listings/condo-for-sale-plum-condo-saphan-mai-station-1-bedroom-7th-floor-building-b-near-bts-saphan-mai-⭕line-id-589peqai---3867049
12478.7s 64 Error at https://propertyhub.in.th/en/listings/condo-for-sale-plum-condo-saphan-mai-station-1-bedroom-7th-floor-building-b-near-bts-saphan-mai-line-id-197mqixl---3867246
12779.5s 65 Error at https://propertyhub.in.th/en/listings/condo-for-sale-unio-ramkhamhaeng-serithai-1-bedroom-4th-floor-building-b-near-nida-line-id-247sbpis---3849738
12872.7s 66 Error at https://propertyhub.in.th/en/listings/condo-for-sale-unio-ramkhamhaeng-serithai-studio-floor-2-building-b-near-nida--b6c909e1---3891824
13012.2s 67 Error at https://propertyhub.in.th/en/listings/condo-for-sale-plum-condo-saphan-mai-station-1-bedroom-7th-floor-building-b-near-bts-saphan-mai-line-id-179ehpai---3867050
13163.6s 68 Error at https://propertyhub.in.th/en/listings/condo-for-sale-plum-condo-saphan-mai-station-1-bedroom-7th-floor-building-b-near-bts-saphan-mai-line-id-316qhucz---3867164
13256.5s 69 Error at https://propertyhub.in.th/en/listings/exclusive-condo-for-sale-plum-condo-saphan-mai-station-1-bedrooms-plus-2nd-floor-building-c-near-bts-saphan-mai--b2310988---3880380
13372.2s 70 Error at https://propertyhub.in.th/en/listings/condo-for-sale-plum-condo-saphan-mai-station-1-bedroom-8th-floor-building-c-near-bts-saphan-mai-line-id-931jkuys---3839376
14238.9s 71 Error at https://propertyhub.in.th/en/listings/condo-for-sale-plum-condo-saphan-mai-station-1-bedroom-8th-floor-building-c-near-bts-saphan-mai-line-id-167hmxgo---3839290
14864.3s 72 Thread 30: !!! Scraping completed
15062.7s 73 Thread 32: !!! Scraping completed (1 errors, 6 invalid links)
15095.6s 74 Thread 28: !!! Scraping completed
15141.7s 75 Thread 25: !!! Scraping completed
15181.0s 76 Thread 26: !!! Scraping completed
15296.0s 77 Thread 29: !!! Scraping completed (5 errors, 7 invalid links)
16131.6s 78 Thread 27: !!! Scraping completed (6 errors, 10 invalid links)
16165.2s 79 Thread 31: !!! Scraping completed (2 errors, 15 invalid links)
16168.5s 80 Total output length: 18765
16172.7s 81 /opt/conda/lib/python3.10/site-packages/traitlets/traitlets.py:2930: FutureWarning: --Exporter.preprocessors=["remove_papermill_header.RemovePapermillHeader"] for containers is deprecated in traitlets 5.0. You can pass `--Exporter.preprocessors item` ... multiple times to add items to a list.
16172.7s 82 warn(
16172.7s 83 [NbConvertApp] WARNING | Config option `kernel_spec_manager_class` not recognized by `NbConvertApp`.
16172.7s 84 [NbConvertApp] Converting notebook __notebook__.ipynb to notebook
16172.8s 85 [NbConvertApp] ERROR | Notebook JSON is invalid: Additional properties are not allowed ('kernelspec', 'language_info' were unexpected)
16172.8s 86 
16172.8s 87 Failed validating 'additionalProperties' in notebook:
16172.8s 88 
16172.8s 89 On instance:
16172.8s 90 {'cells': ['...6 cells...'],
16172.8s 91 'kernelspec': {'display_name': 'Python 3',
16172.8s 92 'language': 'python',
16172.8s 93 'name': 'python3'},
16172.8s 94 'language_info': {'codemirror_mode': {'name': 'ipython', 'version': 3},
16172.8s 95 'file_extension': '.py',
16172.8s 96 'mimetype': 'text/x-python',
16172.8s 97 'name': 'python',
16172.8s 98 'nbconvert_exporter': 'python',
16172.8s 99 'pygments_lexer': 'ipython3',
16172.8s 100 'version': '3.6.4'},
16172.8s 101 'metadata': {'kernelspec': {'display_name': 'Python 3',
16172.8s 102 'language': 'python',
16172.8s 103 'name': 'python3'},
16172.8s 104 'language_info': {'codemirror_mode': {'name': 'ipython',
16172.8s 105 'version': 3},
16172.8s 106 'file_extension': '.py',
16172.8s 107 'mimetype': 'text/x-python',
16172.8s 108 'name': 'python',
16172.8s 109 'nbconvert_exporter': 'python',
16172.8s 110 'pygments_lexer': 'ipython3',
16172.8s 111 'version': '3.10.10'},
16172.8s 112 'papermill': {'default_parameters': {},
16172.8s 113 'duration': 16165.914069,
16172.8s 114 'end_time': '2023-08-31T15:42:57.059741',
16172.8s 115 'environment_variables': {},
16172.8s 116 'exception': None,
16172.8s 117 'input_path': '__notebook__.ipynb',
16172.8s 118 'output_path': '__notebook__.ipynb',
16172.8s 119 'parameters': {},
16172.8s 120 'start_time': '2023-08-31T11:13:31.145672',
16172.8s 121 'version': '2.4.0'}},
16172.8s 122 'nbformat': 4,
16172.8s 123 'nbformat_minor': 5}
16173.3s 124 [NbConvertApp] Writing 31320 bytes to __notebook__.ipynb
16175.4s 125 /opt/conda/lib/python3.10/site-packages/traitlets/traitlets.py:2930: FutureWarning: --Exporter.preprocessors=["nbconvert.preprocessors.ExtractOutputPreprocessor"] for containers is deprecated in traitlets 5.0. You can pass `--Exporter.preprocessors item` ... multiple times to add items to a list.
16175.4s 126 warn(
16175.4s 127 [NbConvertApp] WARNING | Config option `kernel_spec_manager_class` not recognized by `NbConvertApp`.
16175.4s 128 [NbConvertApp] Converting notebook __notebook__.ipynb to html
16175.5s 129 [NbConvertApp] ERROR | Notebook JSON is invalid: Additional properties are not allowed ('kernelspec', 'language_info' were unexpected)
16175.5s 130 
16175.5s 131 Failed validating 'additionalProperties' in notebook:
16175.5s 132 
16175.5s 133 On instance:
16175.5s 134 {'cells': ['...6 cells...'],
16175.5s 135 'kernelspec': {'display_name': 'Python 3',
16175.5s 136 'language': 'python',
16175.5s 137 'name': 'python3'},
16175.5s 138 'language_info': {'codemirror_mode': {'name': 'ipython', 'version': 3},
16175.5s 139 'file_extension': '.py',
16175.5s 140 'mimetype': 'text/x-python',
16175.5s 141 'name': 'python',
16175.5s 142 'nbconvert_exporter': 'python',
16175.5s 143 'pygments_lexer': 'ipython3',
16175.5s 144 'version': '3.6.4'},
16175.5s 145 'metadata': {'kernelspec': {'display_name': 'Python 3',
16175.5s 146 'language': 'python',
16175.5s 147 'name': 'python3'},
16175.5s 148 'language_info': {'codemirror_mode': {'name': 'ipython',
16175.5s 149 'version': 3},
16175.5s 150 'file_extension': '.py',
16175.5s 151 'mimetype': 'text/x-python',
16175.5s 152 'name': 'python',
16175.5s 153 'nbconvert_exporter': 'python',
16175.5s 154 'pygments_lexer': 'ipython3',
16175.5s 155 'version': '3.10.10'},
16175.5s 156 'papermill': {'default_parameters': {},
16175.5s 157 'duration': 16165.914069,
16175.5s 158 'end_time': '2023-08-31T15:42:57.059741',
16175.5s 159 'environment_variables': {},
16175.5s 160 'exception': None,
16175.5s 161 'input_path': '__notebook__.ipynb',
16175.5s 162 'output_path': '__notebook__.ipynb',
16175.5s 163 'parameters': {},
16175.5s 164 'start_time': '2023-08-31T11:13:31.145672',
16175.5s 165 'version': '2.4.0'}},
16175.5s 166 'nbformat': 4,
16175.5s 167 'nbformat_minor': 5}
16176.6s 168 [NbConvertApp] Writing 344011 bytes to __results__.html