15.8s 1 Number of threads: 70
16.2s 2 Thread 1: getting 11602 links ...
16.2s 3 Thread 2: getting 11463 links ...
16.2s 4 Thread 3: getting 11201 links ...
16.2s 5 Thread 4: getting 10778 links ...
16.2s 6 Thread 5: getting 10733 links ...
16.2s 7 Thread 6: getting 10018 links ...
16.2s 8 Thread 7: getting 9616 links ...
16.2s 9 Thread 8: getting 9610 links ...
1665.8s 10 Thread 3: finished !!!
1665.8s 11 Thread 9: getting 9505 links ...
1775.1s 12 Thread 6: finished !!!
1775.1s 13 Thread 10: getting 9245 links ...
1796.2s 14 Thread 7: finished !!!
1796.2s 15 Thread 11: getting 8997 links ...
1799.6s 16 Thread 5: finished !!!
1799.6s 17 Thread 12: getting 8953 links ...
1825.3s 18 Thread 4: finished !!!
1825.3s 19 Thread 13: getting 8953 links ...
1855.0s 20 Thread 8: finished !!!
1855.0s 21 Thread 14: getting 8944 links ...
2072.2s 22 Thread 2: finished !!!
2072.2s 23 Thread 15: getting 8837 links ...
2192.8s 24 Thread 1: finished !!!
2192.8s 25 Thread 16: getting 8607 links ...
2633.0s 26 Thread 9: finished !!!
2633.0s 27 Thread 17: getting 8571 links ...
3001.3s 28 Thread 12: finished !!!
3001.3s 29 Thread 18: getting 8551 links ...
3016.0s 30 Thread 16: finished !!!
3016.0s 31 Thread 19: getting 8232 links ...
3071.4s 32 Thread 15: finished !!!
3071.4s 33 Thread 20: getting 8114 links ...
3150.9s 34 Thread 11: finished !!!
3150.9s 35 Thread 21: getting 7991 links ...
3167.1s 36 Thread 14: finished !!!
3167.1s 37 Thread 22: getting 7838 links ...
3198.0s 38 Thread 10: finished !!!
3198.0s 39 Thread 23: getting 7744 links ...
3295.9s 40 Thread 13: finished !!!
3295.9s 41 Thread 24: getting 7623 links ...
3919.7s 42 Thread 18: finished !!!
3919.7s 43 Thread 25: getting 7587 links ...
3984.7s 44 Thread 22: finished !!!
3984.7s 45 Thread 26: getting 7230 links ...
4008.9s 46 Thread 17: finished !!!
4008.9s 47 Thread 27: getting 7191 links ...
4013.9s 48 Thread 23: finished !!!
4013.9s 49 Thread 28: getting 7164 links ...
4076.6s 50 Thread 19: finished !!!
4076.6s 51 Thread 29: getting 7142 links ...
4154.9s 52 Thread 24: finished !!!
4154.9s 53 Thread 30: getting 6867 links ...
4197.8s 54 Thread 20: finished !!!
4197.8s 55 Thread 31: getting 6814 links ...
4385.3s 56 Thread 21: finished !!!
4385.3s 57 Thread 32: getting 6753 links ...
4804.9s 58 Thread 27: finished !!!
4804.9s 59 Thread 33: getting 6703 links ...
4806.0s 60 Thread 29: finished !!!
4806.0s 61 Thread 34: getting 6615 links ...
4903.2s 62 Thread 26: finished !!!
4903.2s 63 Thread 35: getting 6322 links ...
4929.4s 64 Thread 28: finished !!!
4929.4s 65 Thread 36: getting 6304 links ...
4970.3s 66 Thread 25: finished !!!
4970.3s 67 Thread 37: getting 6187 links ...
5036.3s 68 Thread 31: finished !!!
5036.3s 69 Thread 38: getting 6143 links ...
5128.6s 70 Thread 30: finished !!!
5128.6s 71 Thread 39: getting 6079 links ...
5241.3s 72 Thread 32: finished !!!
5241.3s 73 Thread 40: getting 6057 links ...
5456.9s 74 Thread 35: finished !!!
5456.9s 75 Thread 41: getting 5997 links ...
5576.6s 76 Thread 34: finished !!!
5576.6s 77 Thread 42: getting 5935 links ...
5716.1s 78 Thread 36: finished !!!
5716.1s 79 Thread 43: getting 5909 links ...
5720.2s 80 Thread 33: finished !!!
5720.2s 81 Thread 44: getting 5885 links ...
5805.3s 82 Thread 39: finished !!!
5805.3s 83 Thread 45: getting 5777 links ...
5853.9s 84 Thread 38: finished !!!
5853.9s 85 Thread 46: getting 5738 links ...
5864.1s 86 Thread 37: finished !!!
5864.1s 87 Thread 47: getting 5733 links ...
5918.4s 88 Thread 40: finished !!!
5918.4s 89 Thread 48: getting 5713 links ...
6047.5s 90 Thread 42: finished !!!
6047.5s 91 Thread 49: getting 5710 links ...
6207.0s 92 Thread 41: finished !!!
6207.0s 93 Thread 50: getting 5695 links ...
6390.2s 94 Thread 43: finished !!!
6390.2s 95 Thread 51: getting 5618 links ...
6402.4s 96 Thread 46: finished !!!
6402.4s 97 Thread 52: getting 5608 links ...
6430.2s 98 Thread 44: finished !!!
6430.2s 99 Thread 53: getting 5563 links ...
6447.7s 100 Thread 45: finished !!!
6447.7s 101 Thread 54: getting 5423 links ...
6499.8s 102 Thread 47: finished !!!
6499.8s 103 Thread 55: getting 5268 links ...
6537.7s 104 Thread 50: finished !!!
6537.7s 105 Thread 56: getting 5173 links ...
6547.3s 106 Thread 48: finished !!!
6547.3s 107 Thread 57: getting 5156 links ...
6561.5s 108 Thread 49: finished !!!
6561.5s 109 Thread 58: getting 5117 links ...
6891.0s 110 Thread 53: finished !!!
6891.0s 111 Thread 59: getting 5037 links ...
6941.8s 112 Thread 55: finished !!!
6941.8s 113 Thread 60: getting 5028 links ...
6960.4s 114 Thread 52: finished !!!
6960.4s 115 Thread 61: getting 5013 links ...
6969.2s 116 Thread 54: finished !!!
6969.2s 117 Thread 62: getting 5008 links ...
7021.1s 118 Thread 51: finished !!!
7021.1s 119 Thread 63: getting 4967 links ...
7062.9s 120 Thread 58: finished !!!
7062.9s 121 Thread 64: getting 4836 links ...
7104.1s 122 Thread 57: finished !!!
7104.1s 123 Thread 65: getting 4830 links ...
7200.2s 124 Thread 56: finished !!!
7200.2s 125 Thread 66: getting 4775 links ...
7336.3s 126 Thread 59: finished !!!
7336.3s 127 Thread 67: getting 4769 links ...
7393.5s 128 Thread 62: finished !!!
7393.5s 129 Thread 68: getting 4628 links ...
7399.9s 130 Thread 60: finished !!!
7399.9s 131 Thread 69: getting 4596 links ...
7455.8s 132 Thread 63: finished !!!
7455.8s 133 Thread 70: getting 4548 links ...
7484.1s 134 Thread 65: finished !!!
7513.3s 135 Thread 64: finished !!!
7565.9s 136 Thread 66: finished !!!
7595.4s 137 Thread 61: finished !!!
7642.1s 138 Thread 67: finished !!!
7680.7s 139 Thread 68: finished !!!
7718.6s 140 Thread 69: finished !!!
7742.8s 141 Thread 70: finished !!!
7745.9s 142 !!!!!! Finished Scraping Links !!!!!!
7745.9s 143 for-rent data len: 76592
7745.9s 144 for-sale data len: 34367
7749.8s 145 /opt/conda/lib/python3.10/site-packages/traitlets/traitlets.py:2930: FutureWarning: --Exporter.preprocessors=["remove_papermill_header.RemovePapermillHeader"] for containers is deprecated in traitlets 5.0. You can pass `--Exporter.preprocessors item` ... multiple times to add items to a list.
7749.8s 146 warn(
7749.8s 147 [NbConvertApp] WARNING | Config option `kernel_spec_manager_class` not recognized by `NbConvertApp`.
7749.8s 148 [NbConvertApp] Converting notebook __notebook__.ipynb to notebook
7750.3s 149 [NbConvertApp] Writing 18571 bytes to __notebook__.ipynb
7752.1s 150 /opt/conda/lib/python3.10/site-packages/traitlets/traitlets.py:2930: FutureWarning: --Exporter.preprocessors=["nbconvert.preprocessors.ExtractOutputPreprocessor"] for containers is deprecated in traitlets 5.0. You can pass `--Exporter.preprocessors item` ... multiple times to add items to a list.
7752.1s 151 warn(
7752.1s 152 [NbConvertApp] WARNING | Config option `kernel_spec_manager_class` not recognized by `NbConvertApp`.
7752.1s 153 [NbConvertApp] Converting notebook __notebook__.ipynb to html
7753.1s 154 [NbConvertApp] Writing 317106 bytes to __results__.html