11.6s 1 Number of threads: 15
11.6s 2 Thread 1: getting 54362 links ...
11.6s 3 Thread 2: getting 52825 links ...
11.6s 4 Thread 3: getting 52565 links ...
11.6s 5 Thread 4: getting 50361 links ...
11.6s 6 Thread 5: getting 45332 links ...
11.6s 7 Thread 6: getting 38338 links ...
11.6s 8 Thread 7: getting 33768 links ...
11.6s 9 Thread 8: getting 27439 links ...
4785.0s 10 Thread 8: finished !!!
4785.0s 11 Thread 9: getting 25291 links ...
5520.6s 12 Thread 7: finished !!!
5520.6s 13 Thread 10: getting 23093 links ...
6912.5s 14 Thread 6: finished !!!
6912.5s 15 Thread 11: getting 21681 links ...
7387.8s 16 Thread 5: finished !!!
7387.8s 17 Thread 12: getting 19349 links ...
7802.8s 18 Thread 9: finished !!!
7802.8s 19 Thread 13: getting 18733 links ...
7910.2s 20 Thread 4: finished !!!
7910.2s 21 Thread 14: getting 18623 links ...
7924.6s 22 Thread 10: finished !!!
7924.6s 23 Thread 15: getting 18520 links ...
8059.6s 24 Thread 3: finished !!!
8096.5s 25 Thread 2: finished !!!
8099.3s 26 Thread 1: finished !!!
8335.1s 27 Thread 11: finished !!!
8453.7s 28 Thread 12: finished !!!
8635.5s 29 Thread 13: finished !!!
8704.8s 30 Thread 14: finished !!!
8733.7s 31 Thread 15: finished !!!
8735.1s 32 !!!!!! Finished Scraping Links !!!!!!
8735.1s 33 for-rent data len: 60935
8735.1s 34 for-sale data len: 33641
8738.8s 35 /opt/conda/lib/python3.10/site-packages/traitlets/traitlets.py:2930: FutureWarning: --Exporter.preprocessors=["remove_papermill_header.RemovePapermillHeader"] for containers is deprecated in traitlets 5.0. You can pass `--Exporter.preprocessors item` ... multiple times to add items to a list.
8738.8s 36 warn(
8738.8s 37 [NbConvertApp] WARNING | Config option `kernel_spec_manager_class` not recognized by `NbConvertApp`.
8738.8s 38 [NbConvertApp] Converting notebook __notebook__.ipynb to notebook
8739.2s 39 [NbConvertApp] Writing 14420 bytes to __notebook__.ipynb
8740.7s 40 /opt/conda/lib/python3.10/site-packages/traitlets/traitlets.py:2930: FutureWarning: --Exporter.preprocessors=["nbconvert.preprocessors.ExtractOutputPreprocessor"] for containers is deprecated in traitlets 5.0. You can pass `--Exporter.preprocessors item` ... multiple times to add items to a list.
8740.7s 41 warn(
8740.7s 42 [NbConvertApp] WARNING | Config option `kernel_spec_manager_class` not recognized by `NbConvertApp`.
8740.7s 43 [NbConvertApp] Converting notebook __notebook__.ipynb to html
8741.6s 44 [NbConvertApp] Writing 314255 bytes to __results__.html