12.1s 1 Number of threads: 774
16.2s 2 Thread 1: getting 4466 links ...
16.2s 3 Thread 2: getting 4406 links ...
16.2s 4 Thread 3: getting 4354 links ...
16.2s 5 Thread 4: getting 4328 links ...
16.2s 6 Thread 5: getting 4308 links ...
16.2s 7 Thread 6: getting 4235 links ...
16.2s 8 Thread 7: getting 4196 links ...
16.2s 9 Thread 8: getting 4009 links ...
542.2s 10 Thread 5: finished !!!
542.2s 11 Thread 9: getting 4001 links ...
688.4s 12 Thread 6: finished !!!
688.4s 13 Thread 10: getting 3929 links ...
716.7s 14 Thread 3: finished !!!
716.7s 15 Thread 11: getting 3876 links ...
735.1s 16 Thread 8: finished !!!
735.1s 17 Thread 12: getting 3868 links ...
756.3s 18 Thread 1: finished !!!
756.3s 19 Thread 13: getting 3848 links ...
786.8s 20 Thread 4: finished !!!
786.8s 21 Thread 14: getting 3819 links ...
807.2s 22 Thread 7: finished !!!
807.2s 23 Thread 15: getting 3780 links ...
813.4s 24 Thread 2: finished !!!
813.4s 25 Thread 16: getting 3742 links ...
1067.3s 26 Thread 9: finished !!!
1067.3s 27 Thread 17: getting 3733 links ...
1280.1s 28 Thread 11: finished !!!
1280.1s 29 Thread 18: getting 3664 links ...
1312.5s 30 Thread 10: finished !!!
1312.5s 31 Thread 19: getting 3577 links ...
1337.1s 32 Thread 16: finished !!!
1337.1s 33 Thread 20: getting 3537 links ...
1354.7s 34 Thread 12: finished !!!
1354.7s 35 Thread 21: getting 3534 links ...
1399.8s 36 Thread 14: finished !!!
1399.8s 37 Thread 22: getting 3524 links ...
1407.0s 38 Thread 15: finished !!!
1407.0s 39 Thread 23: getting 3501 links ...
1437.5s 40 Thread 13: finished !!!
1437.5s 41 Thread 24: getting 3459 links ...
1587.8s 42 There is an invalid link: https://propertyhub.in.th/en/condo-for-sale/tawanna
1587.8s 43 Thread 17: finished !!!
1587.8s 44 Thread 25: getting 3397 links ...
1746.7s 45 Thread 18: finished !!!
1746.7s 46 Thread 26: getting 3360 links ...
1796.2s 47 Thread 19: finished !!!
1796.2s 48 Thread 27: getting 3342 links ...
1877.9s 49 Thread 24: finished !!!
1877.9s 50 Thread 28: getting 3310 links ...
1891.7s 51 Thread 22: finished !!!
1891.7s 52 Thread 29: getting 3287 links ...
1939.8s 53 Thread 20: finished !!!
1939.8s 54 Thread 30: getting 3240 links ...
1961.0s 55 Thread 23: finished !!!
1961.0s 56 Thread 31: getting 3134 links ...
1961.9s 57 Thread 25: finished !!!
1961.9s 58 Thread 32: getting 3108 links ...
1982.8s 59 Thread 21: finished !!!
1982.8s 60 Thread 33: getting 3102 links ...
2102.2s 61 Thread 26: finished !!!
2102.2s 62 Thread 34: getting 3098 links ...
2191.3s 63 Thread 27: finished !!!
2191.3s 64 Thread 35: getting 3077 links ...
2255.9s 65 Thread 33: finished !!!
2255.9s 66 Thread 36: getting 3062 links ...
2305.8s 67 Thread 29: finished !!!
2305.8s 68 Thread 37: getting 3056 links ...
2342.7s 69 Thread 28: finished !!!
2342.7s 70 Thread 38: getting 3017 links ...
2342.7s 71 Thread 31: finished !!!
2342.7s 72 Thread 39: getting 2976 links ...
2422.5s 73 Thread 30: finished !!!
2422.5s 74 Thread 40: getting 2968 links ...
2446.0s 75 Thread 32: finished !!!
2446.0s 76 Thread 41: getting 2920 links ...
2543.0s 77 Thread 34: finished !!!
2543.0s 78 Thread 42: getting 2874 links ...
2620.3s 79 Thread 35: finished !!!
2620.3s 80 Thread 43: getting 2863 links ...
2655.5s 81 Thread 36: finished !!!
2655.5s 82 Thread 44: getting 2821 links ...
2770.9s 83 Thread 42: finished !!!
2770.9s 84 Thread 45: getting 2715 links ...
2781.3s 85 Thread 37: finished !!!
2781.3s 86 Thread 46: getting 2700 links ...
2787.2s 87 Thread 40: finished !!!
2787.2s 88 Thread 47: getting 2694 links ...
2823.7s 89 Thread 39: finished !!!
2823.7s 90 Thread 48: getting 2681 links ...
2836.6s 91 Thread 43: finished !!!
2836.6s 92 Thread 49: getting 2661 links ...
2842.9s 93 Thread 41: finished !!!
2842.9s 94 Thread 50: getting 2653 links ...
2851.2s 95 Thread 38: finished !!!
2851.2s 96 Thread 51: getting 2624 links ...
2978.7s 97 Thread 44: finished !!!
2978.7s 98 Thread 52: getting 2617 links ...
3034.7s 99 Thread 48: finished !!!
3034.7s 100 Thread 53: getting 2603 links ...
3040.3s 101 Thread 46: finished !!!
3040.3s 102 Thread 54: getting 2589 links ...
3123.9s 103 Thread 49: finished !!!
3123.9s 104 Thread 55: getting 2566 links ...
3143.9s 105 Thread 51: finished !!!
3143.9s 106 Thread 56: getting 2547 links ...
3170.8s 107 Thread 50: finished !!!
3170.8s 108 Thread 57: getting 2530 links ...
3181.8s 109 Thread 47: finished !!!
3181.8s 110 Thread 58: getting 2507 links ...
3210.0s 111 Thread 45: finished !!!
3210.0s 112 Thread 59: getting 2501 links ...
3218.8s 113 Thread 54: finished !!!
3218.8s 114 Thread 60: getting 2430 links ...
3311.5s 115 Thread 52: finished !!!
3311.5s 116 Thread 61: getting 2414 links ...
3315.5s 117 Thread 53: finished !!!
3315.5s 118 Thread 62: getting 2404 links ...
3402.4s 119 Thread 56: finished !!!
3402.4s 120 Thread 63: getting 2395 links ...
3531.8s 121 Thread 59: finished !!!
3531.8s 122 Thread 64: getting 2362 links ...
3541.8s 123 Thread 55: finished !!!
3541.8s 124 Thread 65: getting 2349 links ...
3548.3s 125 Thread 61: finished !!!
3548.3s 126 Thread 66: getting 2347 links ...
3551.3s 127 Thread 60: finished !!!
3551.3s 128 Thread 67: getting 2308 links ...
3620.2s 129 Thread 62: finished !!!
3620.2s 130 Thread 68: getting 2290 links ...
3621.1s 131 Thread 57: finished !!!
3621.1s 132 Thread 69: getting 2286 links ...
3622.3s 133 Thread 58: finished !!!
3622.3s 134 Thread 70: getting 2271 links ...
3712.5s 135 Thread 63: finished !!!
3712.5s 136 Thread 71: getting 2245 links ...
3800.6s 137 Thread 68: finished !!!
3800.6s 138 Thread 72: getting 2241 links ...
3820.3s 139 Thread 67: finished !!!
3820.3s 140 Thread 73: getting 2239 links ...
3827.2s 141 Thread 66: finished !!!
3827.2s 142 Thread 74: getting 2225 links ...
3847.9s 143 Thread 64: finished !!!
3847.9s 144 Thread 75: getting 2150 links ...
3856.7s 145 Thread 70: finished !!!
3856.7s 146 Thread 76: getting 2149 links ...
3939.9s 147 Thread 65: finished !!!
3939.9s 148 Thread 77: getting 2144 links ...
3945.5s 149 Thread 71: finished !!!
3945.5s 150 Thread 78: getting 2142 links ...
3986.2s 151 Thread 69: finished !!!
3986.2s 152 Thread 79: getting 2108 links ...
3990.3s 153 Thread 72: finished !!!
3990.3s 154 Thread 80: getting 2084 links ...
4066.3s 155 Thread 73: finished !!!
4066.3s 156 Thread 81: getting 2052 links ...
4078.3s 157 Thread 74: finished !!!
4078.3s 158 Thread 82: getting 2033 links ...
4083.9s 159 Thread 76: finished !!!
4083.9s 160 Thread 83: getting 2015 links ...
4087.0s 161 Thread 77: finished !!!
4087.0s 162 Thread 84: getting 2007 links ...
4134.8s 163 Thread 75: finished !!!
4134.8s 164 Thread 85: getting 2005 links ...
4220.5s 165 Thread 80: finished !!!
4220.5s 166 Thread 86: getting 1995 links ...
4229.7s 167 Thread 79: finished !!!
4229.7s 168 Thread 87: getting 1990 links ...
4263.8s 169 Thread 84: finished !!!
4263.8s 170 Thread 88: getting 1940 links ...
4287.9s 171 Thread 83: finished !!!
4287.9s 172 Thread 89: getting 1926 links ...
4295.6s 173 Thread 85: finished !!!
4295.6s 174 Thread 90: getting 1875 links ...
4296.4s 175 Thread 78: finished !!!
4296.4s 176 Thread 91: getting 1860 links ...
4321.4s 177 Thread 81: finished !!!
4321.4s 178 Thread 92: getting 1836 links ...
4336.7s 179 Thread 82: finished !!!
4336.7s 180 Thread 93: getting 1828 links ...
4424.4s 181 Thread 90: finished !!!
4424.4s 182 Thread 94: getting 1826 links ...
4424.4s 183 Thread 88: finished !!!
4424.4s 184 Thread 95: getting 1813 links ...
4434.2s 185 Thread 86: finished !!!
4434.2s 186 Thread 96: getting 1791 links ...
4457.2s 187 Thread 87: finished !!!
4457.2s 188 Thread 97: getting 1788 links ...
4484.2s 189 Thread 92: finished !!!
4484.2s 190 Thread 98: getting 1729 links ...
4520.6s 191 Thread 91: finished !!!
4520.6s 192 Thread 99: getting 1716 links ...
4552.4s 193 Thread 89: finished !!!
4552.4s 194 Thread 100: getting 1707 links ...
4628.5s 195 Thread 93: finished !!!
4628.5s 196 Thread 101: getting 1674 links ...
4631.4s 197 Thread 97: finished !!!
4631.4s 198 Thread 102: getting 1671 links ...
4645.0s 199 Thread 94: finished !!!
4645.0s 200 Thread 103: getting 1635 links ...
4659.5s 201 Thread 96: finished !!!
4659.5s 202 Thread 104: getting 1591 links ...
4662.1s 203 Thread 99: finished !!!
4662.1s 204 Thread 105: getting 1577 links ...
4710.9s 205 Thread 95: finished !!!
4710.9s 206 Thread 106: getting 1567 links ...
4741.0s 207 Thread 98: finished !!!
4741.0s 208 Thread 107: getting 1552 links ...
4761.2s 209 Thread 100: finished !!!
4761.2s 210 Thread 108: getting 1547 links ...
4777.4s 211 Thread 101: finished !!!
4777.4s 212 Thread 109: getting 1541 links ...
4787.7s 213 Thread 103: finished !!!
4787.7s 214 Thread 110: getting 1531 links ...
4799.4s 215 Thread 102: finished !!!
4799.4s 216 Thread 111: getting 1513 links ...
4818.0s 217 Thread 104: finished !!!
4818.0s 218 Thread 112: getting 1508 links ...
4835.1s 219 Thread 105: finished !!!
4835.1s 220 Thread 113: getting 1508 links ...
4920.1s 221 Thread 108: finished !!!
4920.1s 222 Thread 114: getting 1504 links ...
4922.2s 223 Thread 107: finished !!!
4922.2s 224 Thread 115: getting 1498 links ...
4938.5s 225 Thread 106: finished !!!
4938.5s 226 Thread 116: getting 1492 links ...
4958.7s 227 Thread 109: finished !!!
4958.7s 228 Thread 117: getting 1492 links ...
4997.5s 229 Thread 110: finished !!!
4997.5s 230 Thread 118: getting 1487 links ...
4998.2s 231 Thread 111: finished !!!
4998.2s 232 Thread 119: getting 1483 links ...
5025.7s 233 Thread 113: finished !!!
5025.7s 234 Thread 120: getting 1474 links ...
5037.9s 235 Thread 114: finished !!!
5037.9s 236 Thread 121: getting 1453 links ...
5041.7s 237 Thread 115: finished !!!
5041.7s 238 Thread 122: getting 1451 links ...
5056.2s 239 Thread 116: finished !!!
5056.2s 240 Thread 123: getting 1434 links ...
5089.0s 241 Thread 112: finished !!!
5089.0s 242 Thread 124: getting 1433 links ...
5105.6s 243 Thread 119: finished !!!
5105.6s 244 Thread 125: getting 1407 links ...
5133.6s 245 Thread 122: finished !!!
5133.6s 246 Thread 126: getting 1405 links ...
5144.5s 247 Thread 117: finished !!!
5144.5s 248 Thread 127: getting 1397 links ...
5144.7s 249 Thread 118: finished !!!
5144.7s 250 Thread 128: getting 1387 links ...
5181.6s 251 Thread 121: finished !!!
5181.6s 252 Thread 129: getting 1377 links ...
5198.6s 253 Thread 123: finished !!!
5198.6s 254 Thread 130: getting 1363 links ...
5214.5s 255 Thread 120: finished !!!
5214.5s 256 Thread 131: getting 1353 links ...
5269.6s 257 Thread 125: finished !!!
5269.6s 258 Thread 132: getting 1339 links ...
5277.8s 259 Thread 126: finished !!!
5277.8s 260 Thread 133: getting 1323 links ...
5289.7s 261 Thread 124: finished !!!
5289.7s 262 Thread 134: getting 1303 links ...
5313.8s 263 Thread 130: finished !!!
5313.8s 264 Thread 135: getting 1301 links ...
5314.5s 265 Thread 127: finished !!!
5314.5s 266 Thread 136: getting 1291 links ...
5324.8s 267 Thread 129: finished !!!
5324.8s 268 Thread 137: getting 1288 links ...
5360.5s 269 Thread 128: finished !!!
5360.5s 270 Thread 138: getting 1285 links ...
5380.3s 271 Thread 134: finished !!!
5380.3s 272 Thread 139: getting 1284 links ...
5392.4s 273 Thread 131: finished !!!
5392.4s 274 Thread 140: getting 1255 links ...
5453.8s 275 Thread 137: finished !!!
5453.8s 276 Thread 141: getting 1248 links ...
5453.8s 277 Thread 132: finished !!!
5453.8s 278 Thread 142: getting 1226 links ...
5461.7s 279 Thread 133: finished !!!
5461.7s 280 Thread 143: getting 1224 links ...
5478.5s 281 Thread 135: finished !!!
5478.5s 282 Thread 144: getting 1192 links ...
5522.5s 283 Thread 140: finished !!!
5522.5s 284 Thread 145: getting 1191 links ...
5532.2s 285 Thread 138: finished !!!
5532.2s 286 Thread 146: getting 1174 links ...
5536.4s 287 Thread 136: finished !!!
5536.4s 288 Thread 147: getting 1159 links ...
5563.3s 289 Thread 139: finished !!!
5563.3s 290 Thread 148: getting 1157 links ...
5608.5s 291 Thread 141: finished !!!
5608.5s 292 Thread 149: getting 1148 links ...
5610.1s 293 Thread 142: finished !!!
5610.1s 294 Thread 150: getting 1147 links ...
5616.1s 295 Thread 143: finished !!!
5616.1s 296 Thread 151: getting 1144 links ...
5628.1s 297 Thread 144: finished !!!
5628.1s 298 Thread 152: getting 1143 links ...
5678.1s 299 Thread 147: finished !!!
5678.1s 300 Thread 153: getting 1121 links ...
5708.2s 301 Thread 145: finished !!!
5708.2s 302 Thread 154: getting 1121 links ...
5723.5s 303 Thread 146: finished !!!
5723.5s 304 Thread 155: getting 1095 links ...
5733.7s 305 Thread 151: finished !!!
5733.7s 306 Thread 156: getting 1076 links ...
5754.2s 307 Thread 153: finished !!!
5754.2s 308 Thread 157: getting 1072 links ...
5758.8s 309 Thread 149: finished !!!
5758.8s 310 Thread 158: getting 1057 links ...
5799.9s 311 Thread 148: finished !!!
5799.9s 312 Thread 159: getting 1049 links ...
5805.7s 313 Thread 152: finished !!!
5805.7s 314 Thread 160: getting 1038 links ...
5807.0s 315 Thread 154: finished !!!
5807.0s 316 Thread 161: getting 1037 links ...
5807.6s 317 Thread 150: finished !!!
5807.6s 318 Thread 162: getting 1033 links ...
5822.6s 319 Thread 156: finished !!!
5822.6s 320 Thread 163: getting 1027 links ...
5866.6s 321 Thread 162: finished !!!
5866.6s 322 Thread 164: getting 1025 links ...
5870.2s 323 Thread 157: finished !!!
5870.2s 324 Thread 165: getting 1006 links ...
5873.3s 325 Thread 155: finished !!!
5873.3s 326 Thread 166: getting 1006 links ...
5875.5s 327 Thread 158: finished !!!
5875.5s 328 Thread 167: getting 1005 links ...
5911.3s 329 Thread 163: finished !!!
5911.3s 330 Thread 168: getting 999 links ...
5914.2s 331 Thread 161: finished !!!
5914.2s 332 Thread 169: getting 999 links ...
5921.8s 333 Thread 159: finished !!!
5921.8s 334 Thread 170: getting 992 links ...
5960.2s 335 Thread 160: finished !!!
5960.2s 336 Thread 171: getting 991 links ...
5966.6s 337 Thread 164: finished !!!
5966.6s 338 Thread 172: getting 977 links ...
5968.2s 339 Thread 165: finished !!!
5968.2s 340 Thread 173: getting 973 links ...
5973.8s 341 Thread 167: finished !!!
5973.8s 342 Thread 174: getting 964 links ...
5990.1s 343 Thread 169: finished !!!
5990.1s 344 Thread 175: getting 964 links ...
5993.3s 345 Thread 170: finished !!!
5993.3s 346 Thread 176: getting 962 links ...
6005.6s 347 Thread 166: finished !!!
6005.6s 348 Thread 177: getting 956 links ...
6007.7s 349 Thread 168: finished !!!
6007.7s 350 Thread 178: getting 956 links ...
6033.5s 351 Thread 172: finished !!!
6033.5s 352 Thread 179: getting 945 links ...
6060.0s 353 Thread 171: finished !!!
6060.0s 354 Thread 180: getting 944 links ...
6063.2s 355 Thread 173: finished !!!
6063.2s 356 Thread 181: getting 944 links ...
6065.6s 357 Thread 174: finished !!!
6065.6s 358 Thread 182: getting 931 links ...
6078.0s 359 Thread 175: finished !!!
6078.0s 360 Thread 183: getting 929 links ...
6088.8s 361 Thread 178: finished !!!
6088.8s 362 Thread 184: getting 923 links ...
6097.8s 363 Thread 177: finished !!!
6097.8s 364 Thread 185: getting 917 links ...
6107.9s 365 Thread 179: finished !!!
6107.9s 366 Thread 186: getting 902 links ...
6120.1s 367 Thread 181: finished !!!
6120.1s 368 Thread 187: getting 896 links ...
6120.7s 369 Thread 176: finished !!!
6120.7s 370 Thread 188: getting 878 links ...
6165.8s 371 Thread 182: finished !!!
6165.8s 372 Thread 189: getting 842 links ...
6167.1s 373 Thread 184: finished !!!
6167.1s 374 Thread 190: getting 842 links ...
6168.3s 375 Thread 180: finished !!!
6168.3s 376 Thread 191: getting 841 links ...
6171.6s 377 Thread 183: finished !!!
6171.6s 378 Thread 192: getting 816 links ...
6186.2s 379 Thread 186: finished !!!
6186.2s 380 Thread 193: getting 805 links ...
6194.2s 381 Thread 185: finished !!!
6194.2s 382 Thread 194: getting 799 links ...
6199.0s 383 Thread 187: finished !!!
6199.0s 384 Thread 195: getting 774 links ...
6222.6s 385 Thread 188: finished !!!
6222.6s 386 Thread 196: getting 770 links ...
6234.8s 387 Thread 190: finished !!!
6234.8s 388 Thread 197: getting 766 links ...
6254.0s 389 Thread 189: finished !!!
6254.0s 390 Thread 198: getting 765 links ...
6255.5s 391 Thread 191: finished !!!
6255.5s 392 Thread 199: getting 762 links ...
6256.0s 393 Thread 193: finished !!!
6256.0s 394 Thread 200: getting 761 links ...
6257.0s 395 Thread 194: finished !!!
6257.0s 396 Thread 201: getting 758 links ...
6257.3s 397 Thread 192: finished !!!
6257.3s 398 Thread 202: getting 752 links ...
6291.9s 399 Thread 197: finished !!!
6291.9s 400 Thread 203: getting 750 links ...
6292.8s 401 Thread 196: finished !!!
6292.8s 402 Thread 204: getting 746 links ...
6293.3s 403 Thread 195: finished !!!
6293.3s 404 Thread 205: getting 742 links ...
6303.3s 405 Thread 201: finished !!!
6303.3s 406 Thread 206: getting 738 links ...
6328.7s 407 Thread 199: finished !!!
6328.7s 408 Thread 207: getting 714 links ...
6330.0s 409 Thread 200: finished !!!
6330.0s 410 Thread 208: getting 706 links ...
6335.0s 411 Thread 204: finished !!!
6335.0s 412 Thread 209: getting 697 links ...
6336.9s 413 Thread 205: finished !!!
6336.9s 414 Thread 210: getting 691 links ...
6348.5s 415 Thread 203: finished !!!
6348.5s 416 Thread 211: getting 686 links ...
6349.6s 417 Thread 202: finished !!!
6349.6s 418 Thread 212: getting 660 links ...
6354.8s 419 Thread 198: finished !!!
6354.8s 420 Thread 213: getting 655 links ...
6369.2s 421 Thread 207: finished !!!
6369.2s 422 Thread 214: getting 652 links ...
6373.0s 423 Thread 208: finished !!!
6373.0s 424 Thread 215: getting 652 links ...
6373.9s 425 Thread 210: finished !!!
6373.9s 426 Thread 216: getting 639 links ...
6388.1s 427 Thread 213: finished !!!
6388.1s 428 Thread 217: getting 631 links ...
6401.5s 429 Thread 206: finished !!!
6401.5s 430 Thread 218: getting 628 links ...
6403.0s 431 Thread 211: finished !!!
6403.0s 432 Thread 219: getting 626 links ...
6410.8s 433 Thread 216: finished !!!
6410.8s 434 Thread 220: getting 624 links ...
6412.7s 435 Thread 209: finished !!!
6412.7s 436 Thread 221: getting 621 links ...
6415.6s 437 Thread 212: finished !!!
6415.6s 438 Thread 222: getting 620 links ...
6420.0s 439 Thread 214: finished !!!
6420.0s 440 Thread 223: getting 614 links ...
6436.4s 441 Thread 215: finished !!!
6436.4s 442 Thread 224: getting 614 links ...
6446.8s 443 Thread 217: finished !!!
6446.8s 444 Thread 225: getting 613 links ...
6447.7s 445 Thread 218: finished !!!
6447.7s 446 Thread 226: getting 612 links ...
6449.6s 447 Thread 222: finished !!!
6449.6s 448 Thread 227: getting 607 links ...
6454.2s 449 Thread 221: finished !!!
6454.2s 450 Thread 228: getting 601 links ...
6458.2s 451 Thread 220: finished !!!
6458.2s 452 Thread 229: getting 599 links ...
6460.9s 453 Thread 223: finished !!!
6460.9s 454 Thread 230: getting 599 links ...
6461.2s 455 Thread 219: finished !!!
6461.2s 456 Thread 231: getting 592 links ...
6480.9s 457 Thread 224: finished !!!
6480.9s 458 Thread 232: getting 590 links ...
6485.8s 459 Thread 225: finished !!!
6485.8s 460 Thread 233: getting 589 links ...
6495.9s 461 Thread 229: finished !!!
6495.9s 462 Thread 234: getting 588 links ...
6497.8s 463 Thread 226: finished !!!
6497.8s 464 Thread 235: getting 586 links ...
6514.3s 465 Thread 230: finished !!!
6514.3s 466 Thread 236: getting 585 links ...
6514.3s 467 Thread 227: finished !!!
6514.3s 468 Thread 237: getting 585 links ...
6517.2s 469 Thread 228: finished !!!
6517.2s 470 Thread 238: getting 585 links ...
6520.9s 471 Thread 231: finished !!!
6520.9s 472 Thread 239: getting 567 links ...
6523.4s 473 Thread 233: finished !!!
6523.4s 474 Thread 240: getting 564 links ...
6524.9s 475 Thread 234: finished !!!
6524.9s 476 Thread 241: getting 557 links ...
6526.5s 477 Thread 232: finished !!!
6526.5s 478 Thread 242: getting 557 links ...
6545.6s 479 Thread 235: finished !!!
6545.6s 480 Thread 243: getting 554 links ...
6553.2s 481 Thread 236: finished !!!
6553.2s 482 Thread 244: getting 552 links ...
6558.6s 483 Thread 241: finished !!!
6558.6s 484 Thread 245: getting 550 links ...
6560.3s 485 Thread 242: finished !!!
6560.3s 486 Thread 246: getting 543 links ...
6578.6s 487 Thread 238: finished !!!
6578.6s 488 Thread 247: getting 542 links ...
6583.6s 489 Thread 239: finished !!!
6583.6s 490 Thread 248: getting 539 links ...
6583.8s 491 Thread 240: finished !!!
6583.8s 492 Thread 249: getting 539 links ...
6588.7s 493 Thread 244: finished !!!
6588.7s 494 Thread 250: getting 538 links ...
6591.1s 495 Thread 237: finished !!!
6591.1s 496 Thread 251: getting 535 links ...
6594.5s 497 Thread 243: finished !!!
6594.5s 498 Thread 252: getting 531 links ...
6595.3s 499 Thread 246: finished !!!
6595.3s 500 Thread 253: getting 529 links ...
6612.2s 501 Thread 249: finished !!!
6612.2s 502 Thread 254: getting 526 links ...
6613.0s 503 Thread 248: finished !!!
6613.0s 504 Thread 255: getting 525 links ...
6616.1s 505 Thread 247: finished !!!
6616.1s 506 Thread 256: getting 525 links ...
6636.2s 507 Thread 251: finished !!!
6636.2s 508 Thread 257: getting 522 links ...
6636.2s 509 Thread 245: finished !!!
6636.2s 510 Thread 258: getting 521 links ...
6637.4s 511 Thread 256: finished !!!
6637.4s 512 Thread 259: getting 521 links ...
6648.8s 513 Thread 250: finished !!!
6648.8s 514 Thread 260: getting 514 links ...
6652.8s 515 Thread 255: finished !!!
6652.8s 516 Thread 261: getting 508 links ...
6660.4s 517 Thread 259: finished !!!
6660.4s 518 Thread 262: getting 498 links ...
6660.4s 519 Thread 253: finished !!!
6660.4s 520 Thread 263: getting 494 links ...
6669.6s 521 Thread 254: finished !!!
6669.6s 522 Thread 264: getting 493 links ...
6669.9s 523 Thread 252: finished !!!
6669.9s 524 Thread 265: getting 492 links ...
6670.6s 525 Thread 260: finished !!!
6670.6s 526 Thread 266: getting 490 links ...
6685.8s 527 Thread 257: finished !!!
6685.8s 528 Thread 267: getting 489 links ...
6694.3s 529 Thread 258: finished !!!
6694.3s 530 Thread 268: getting 482 links ...
6698.7s 531 Thread 264: finished !!!
6698.7s 532 Thread 269: getting 480 links ...
6701.0s 533 Thread 262: finished !!!
6701.0s 534 Thread 270: getting 479 links ...
6704.5s 535 Thread 265: finished !!!
6704.5s 536 Thread 271: getting 478 links ...
6707.0s 537 Thread 263: finished !!!
6707.0s 538 Thread 272: getting 478 links ...
6715.1s 539 Thread 266: finished !!!
6715.1s 540 Thread 273: getting 476 links ...
6718.2s 541 Thread 261: finished !!!
6718.2s 542 Thread 274: getting 476 links ...
6719.8s 543 Thread 268: finished !!!
6719.8s 544 Thread 275: getting 476 links ...
6722.8s 545 Thread 270: finished !!!
6722.8s 546 Thread 276: getting 476 links ...
6729.7s 547 Thread 267: finished !!!
6729.7s 548 Thread 277: getting 476 links ...
6735.6s 549 Thread 273: finished !!!
6735.6s 550 Thread 278: getting 465 links ...
6747.5s 551 Thread 269: finished !!!
6747.5s 552 Thread 279: getting 465 links ...
6747.5s 553 Thread 271: finished !!!
6747.5s 554 Thread 280: getting 462 links ...
6748.4s 555 Thread 276: finished !!!
6748.4s 556 Thread 281: getting 461 links ...
6753.0s 557 Thread 272: finished !!!
6753.0s 558 Thread 282: getting 454 links ...
6759.6s 559 Thread 277: finished !!!
6759.6s 560 Thread 283: getting 450 links ...
6770.5s 561 Thread 275: finished !!!
6770.5s 562 Thread 284: getting 450 links ...
6771.8s 563 Thread 274: finished !!!
6771.8s 564 Thread 285: getting 447 links ...
6784.0s 565 Thread 279: finished !!!
6784.0s 566 Thread 286: getting 445 links ...
6784.0s 567 Thread 283: finished !!!
6784.0s 568 Thread 287: getting 444 links ...
6785.6s 569 Thread 278: finished !!!
6785.6s 570 Thread 288: getting 444 links ...
6794.8s 571 Thread 282: finished !!!
6794.8s 572 Thread 289: getting 444 links ...
6796.3s 573 Thread 281: finished !!!
6796.3s 574 Thread 290: getting 441 links ...
6801.1s 575 Thread 280: finished !!!
6801.1s 576 Thread 291: getting 439 links ...
6806.3s 577 Thread 284: finished !!!
6806.3s 578 Thread 292: getting 432 links ...
6809.9s 579 Thread 286: finished !!!
6809.9s 580 Thread 293: getting 430 links ...
6815.2s 581 Thread 291: finished !!!
6815.2s 582 Thread 294: getting 430 links ...
6820.2s 583 Thread 288: finished !!!
6820.2s 584 Thread 295: getting 430 links ...
6822.7s 585 Thread 285: finished !!!
6822.7s 586 Thread 296: getting 430 links ...
6823.1s 587 Thread 290: finished !!!
6823.1s 588 Thread 297: getting 429 links ...
6829.4s 589 Thread 289: finished !!!
6829.4s 590 Thread 298: getting 425 links ...
6831.2s 591 Thread 287: finished !!!
6831.2s 592 Thread 299: getting 420 links ...
6844.1s 593 Thread 296: finished !!!
6844.1s 594 Thread 300: getting 418 links ...
6844.7s 595 Thread 297: finished !!!
6844.7s 596 Thread 301: getting 415 links ...
6850.8s 597 Thread 293: finished !!!
6850.8s 598 Thread 302: getting 410 links ...
6857.8s 599 Thread 299: finished !!!
6857.8s 600 Thread 303: getting 409 links ...
6867.1s 601 Thread 292: finished !!!
6867.1s 602 Thread 304: getting 409 links ...
6868.1s 603 Thread 298: finished !!!
6868.1s 604 Thread 305: getting 405 links ...
6870.5s 605 Thread 295: finished !!!
6870.5s 606 Thread 306: getting 405 links ...
6873.2s 607 Thread 294: finished !!!
6873.2s 608 Thread 307: getting 405 links ...
6877.6s 609 Thread 302: finished !!!
6877.6s 610 Thread 308: getting 400 links ...
6880.8s 611 Thread 303: finished !!!
6880.8s 612 Thread 309: getting 391 links ...
6881.3s 613 Thread 304: finished !!!
6881.3s 614 Thread 310: getting 384 links ...
6882.2s 615 Thread 301: finished !!!
6882.2s 616 Thread 311: getting 381 links ...
6890.8s 617 Thread 308: finished !!!
6890.8s 618 Thread 312: getting 378 links ...
6890.8s 619 Thread 300: finished !!!
6890.8s 620 Thread 313: getting 375 links ...
6892.7s 621 Thread 307: finished !!!
6892.7s 622 Thread 314: getting 374 links ...
6892.7s 623 Thread 310: finished !!!
6892.7s 624 Thread 315: getting 374 links ...
6899.8s 625 Thread 311: finished !!!
6899.8s 626 Thread 316: getting 369 links ...
6903.0s 627 Thread 305: finished !!!
6903.0s 628 Thread 317: getting 369 links ...
6907.0s 629 Thread 315: finished !!!
6907.0s 630 Thread 318: getting 368 links ...
6916.1s 631 Thread 309: finished !!!
6916.1s 632 Thread 319: getting 363 links ...
6918.8s 633 Thread 306: finished !!!
6918.8s 634 Thread 320: getting 360 links ...
6920.1s 635 Thread 314: finished !!!
6920.1s 636 Thread 321: getting 360 links ...
6923.7s 637 Thread 318: finished !!!
6923.7s 638 Thread 322: getting 359 links ...
6923.7s 639 Thread 316: finished !!!
6923.7s 640 Thread 323: getting 356 links ...
6929.4s 641 Thread 312: finished !!!
6929.4s 642 Thread 324: getting 349 links ...
6929.6s 643 Thread 313: finished !!!
6929.6s 644 Thread 325: getting 348 links ...
6933.0s 645 Thread 320: finished !!!
6933.0s 646 Thread 326: getting 334 links ...
6938.5s 647 Thread 325: finished !!!
6938.5s 648 Thread 327: getting 334 links ...
6941.3s 649 Thread 322: finished !!!
6941.3s 650 Thread 328: getting 333 links ...
6942.3s 651 Thread 317: finished !!!
6942.3s 652 Thread 329: getting 328 links ...
6942.9s 653 Thread 321: finished !!!
6942.9s 654 Thread 330: getting 326 links ...
6944.3s 655 Thread 324: finished !!!
6944.3s 656 Thread 331: getting 322 links ...
6952.4s 657 Thread 319: finished !!!
6952.4s 658 Thread 332: getting 321 links ...
6956.5s 659 Thread 323: finished !!!
6956.5s 660 Thread 333: getting 319 links ...
6957.6s 661 Thread 329: finished !!!
6957.6s 662 Thread 334: getting 319 links ...
6962.4s 663 Thread 331: finished !!!
6962.4s 664 Thread 335: getting 312 links ...
6973.3s 665 Thread 330: finished !!!
6973.3s 666 Thread 336: getting 309 links ...
6977.4s 667 Thread 327: finished !!!
6977.4s 668 Thread 337: getting 298 links ...
6982.6s 669 Thread 336: finished !!!
6982.6s 670 Thread 338: getting 297 links ...
6984.2s 671 Thread 333: finished !!!
6984.2s 672 Thread 339: getting 292 links ...
6984.5s 673 Thread 335: finished !!!
6984.5s 674 Thread 340: getting 288 links ...
6986.5s 675 Thread 328: finished !!!
6986.5s 676 Thread 341: getting 288 links ...
6987.9s 677 Thread 332: finished !!!
6987.9s 678 Thread 342: getting 285 links ...
6997.7s 679 Thread 326: finished !!!
6997.7s 680 Thread 343: getting 282 links ...
7000.1s 681 Thread 337: finished !!!
7000.1s 682 Thread 344: getting 276 links ...
7005.9s 683 Thread 334: finished !!!
7005.9s 684 Thread 345: getting 274 links ...
7008.8s 685 Thread 339: finished !!!
7008.8s 686 Thread 346: getting 274 links ...
7012.8s 687 Thread 344: finished !!!
7012.8s 688 Thread 347: getting 274 links ...
7013.5s 689 Thread 342: finished !!!
7013.5s 690 Thread 348: getting 273 links ...
7020.7s 691 Thread 341: finished !!!
7020.7s 692 Thread 349: getting 273 links ...
7023.5s 693 Thread 343: finished !!!
7023.5s 694 Thread 350: getting 273 links ...
7026.6s 695 Thread 347: finished !!!
7026.6s 696 Thread 351: getting 270 links ...
7027.1s 697 Thread 346: finished !!!
7027.1s 698 Thread 352: getting 270 links ...
7027.1s 699 Thread 338: finished !!!
7027.1s 700 Thread 353: getting 265 links ...
7028.4s 701 Thread 340: finished !!!
7028.4s 702 Thread 354: getting 263 links ...
7039.0s 703 Thread 349: finished !!!
7039.0s 704 Thread 355: getting 262 links ...
7039.0s 705 Thread 345: finished !!!
7039.0s 706 Thread 356: getting 260 links ...
7041.7s 707 Thread 348: finished !!!
7041.7s 708 Thread 357: getting 259 links ...
7042.6s 709 Thread 350: finished !!!
7042.6s 710 Thread 358: getting 259 links ...
7043.1s 711 Thread 354: finished !!!
7043.1s 712 Thread 359: getting 254 links ...
7043.8s 713 Thread 352: finished !!!
7043.8s 714 Thread 360: getting 253 links ...
7044.9s 715 Thread 351: finished !!!
7044.9s 716 Thread 361: getting 242 links ...
7051.0s 717 Thread 360: finished !!!
7051.0s 718 Thread 362: getting 237 links ...
7059.8s 719 Thread 359: finished !!!
7059.8s 720 Thread 363: getting 235 links ...
7061.2s 721 Thread 356: finished !!!
7061.2s 722 Thread 364: getting 226 links ...
7062.4s 723 Thread 358: finished !!!
7062.4s 724 Thread 365: getting 223 links ...
7066.2s 725 Thread 353: finished !!!
7066.2s 726 Thread 366: getting 218 links ...
7070.2s 727 Thread 364: finished !!!
7070.2s 728 Thread 367: getting 218 links ...
7072.6s 729 Thread 355: finished !!!
7072.6s 730 Thread 368: getting 217 links ...
7077.2s 731 Thread 366: finished !!!
7077.2s 732 Thread 369: getting 216 links ...
7077.9s 733 Thread 357: finished !!!
7077.9s 734 Thread 370: getting 215 links ...
7080.3s 735 Thread 361: finished !!!
7080.3s 736 Thread 371: getting 214 links ...
7085.0s 737 Thread 363: finished !!!
7085.0s 738 Thread 372: getting 212 links ...
7086.3s 739 Thread 362: finished !!!
7086.3s 740 Thread 373: getting 210 links ...
7087.9s 741 Thread 371: finished !!!
7087.9s 742 Thread 374: getting 202 links ...
7090.2s 743 Thread 365: finished !!!
7090.2s 744 Thread 375: getting 198 links ...
7092.9s 745 Thread 372: finished !!!
7092.9s 746 Thread 376: getting 194 links ...
7095.2s 747 Thread 368: finished !!!
7095.2s 748 Thread 377: getting 192 links ...
7096.9s 749 Thread 370: finished !!!
7096.9s 750 Thread 378: getting 192 links ...
7099.3s 751 Thread 367: finished !!!
7099.3s 752 Thread 379: getting 191 links ...
7103.8s 753 Thread 378: finished !!!
7103.8s 754 Thread 380: getting 189 links ...
7104.6s 755 Thread 374: finished !!!
7104.6s 756 Thread 381: getting 186 links ...
7109.4s 757 Thread 373: finished !!!
7109.4s 758 Thread 382: getting 184 links ...
7114.0s 759 Thread 369: finished !!!
7114.0s 760 Thread 383: getting 183 links ...
7114.8s 761 Thread 376: finished !!!
7114.8s 762 Thread 384: getting 183 links ...
7118.5s 763 Thread 375: finished !!!
7118.5s 764 Thread 385: getting 183 links ...
7122.5s 765 Thread 379: finished !!!
7122.5s 766 Thread 386: getting 179 links ...
7122.9s 767 Thread 381: finished !!!
7122.9s 768 Thread 387: getting 176 links ...
7123.2s 769 Thread 380: finished !!!
7123.2s 770 Thread 388: getting 168 links ...
7123.8s 771 Thread 382: finished !!!
7123.8s 772 Thread 389: getting 167 links ...
7125.1s 773 Thread 383: finished !!!
7125.1s 774 Thread 390: getting 164 links ...
7129.3s 775 Thread 384: finished !!!
7129.3s 776 Thread 391: getting 163 links ...
7130.8s 777 Thread 389: finished !!!
7130.8s 778 Thread 392: getting 161 links ...
7130.8s 779 Thread 386: finished !!!
7130.8s 780 Thread 393: getting 154 links ...
7133.7s 781 Thread 387: finished !!!
7133.7s 782 Thread 394: getting 154 links ...
7134.8s 783 Thread 390: finished !!!
7134.8s 784 Thread 395: getting 151 links ...
7139.5s 785 Thread 395: finished !!!
7139.5s 786 Thread 396: getting 149 links ...
7140.2s 787 Thread 391: finished !!!
7140.2s 788 Thread 397: getting 149 links ...
7142.6s 789 Thread 377: finished !!!
7142.6s 790 Thread 398: getting 144 links ...
7143.6s 791 Thread 388: finished !!!
7143.6s 792 Thread 399: getting 144 links ...
7143.8s 793 Thread 385: finished !!!
7143.8s 794 Thread 400: getting 142 links ...
7144.6s 795 Thread 394: finished !!!
7144.6s 796 Thread 401: getting 141 links ...
7148.3s 797 Thread 399: finished !!!
7148.3s 798 Thread 402: getting 139 links ...
7150.4s 799 Thread 392: finished !!!
7150.4s 800 Thread 403: getting 138 links ...
7160.2s 801 Thread 401: finished !!!
7160.2s 802 Thread 404: getting 134 links ...
7160.8s 803 Thread 403: finished !!!
7160.8s 804 Thread 405: getting 130 links ...
7163.1s 805 Thread 402: finished !!!
7163.1s 806 Thread 406: getting 124 links ...
7163.1s 807 Thread 393: finished !!!
7163.1s 808 Thread 407: getting 123 links ...
7165.9s 809 Thread 400: finished !!!
7165.9s 810 Thread 408: getting 122 links ...
7167.4s 811 Thread 405: finished !!!
7167.4s 812 Thread 409: getting 121 links ...
7168.9s 813 Thread 397: finished !!!
7168.9s 814 Thread 410: getting 119 links ...
7170.3s 815 Thread 406: finished !!!
7170.3s 816 Thread 411: getting 118 links ...
7170.5s 817 Thread 396: finished !!!
7170.5s 818 Thread 412: getting 114 links ...
7172.7s 819 Thread 408: finished !!!
7172.7s 820 Thread 413: getting 112 links ...
7172.7s 821 Thread 398: finished !!!
7172.7s 822 Thread 414: getting 112 links ...
7174.4s 823 Thread 404: finished !!!
7174.4s 824 Thread 415: getting 110 links ...
7178.3s 825 Thread 407: finished !!!
7178.3s 826 Thread 416: getting 109 links ...
7178.3s 827 Thread 412: finished !!!
7178.3s 828 Thread 417: getting 108 links ...
7183.5s 829 Thread 411: finished !!!
7183.5s 830 Thread 418: getting 106 links ...
7187.4s 831 Thread 414: finished !!!
7187.4s 832 Thread 419: getting 106 links ...
7187.9s 833 Thread 417: finished !!!
7187.9s 834 Thread 420: getting 104 links ...
7187.9s 835 Thread 415: finished !!!
7187.9s 836 Thread 421: getting 103 links ...
7188.6s 837 Thread 410: finished !!!
7188.6s 838 Thread 422: getting 102 links ...
7190.0s 839 Thread 416: finished !!!
7190.0s 840 Thread 423: getting 102 links ...
7190.0s 841 Thread 413: finished !!!
7190.0s 842 Thread 424: getting 102 links ...
7191.5s 843 Thread 418: finished !!!
7191.5s 844 Thread 425: getting 101 links ...
7193.1s 845 Thread 420: finished !!!
7193.1s 846 Thread 426: getting 100 links ...
7194.4s 847 Thread 422: finished !!!
7194.4s 848 Thread 427: getting 100 links ...
7194.8s 849 Thread 425: finished !!!
7194.8s 850 Thread 428: getting 99 links ...
7195.7s 851 Thread 409: finished !!!
7195.7s 852 Thread 429: getting 98 links ...
7196.3s 853 Thread 424: finished !!!
7196.3s 854 Thread 430: getting 97 links ...
7198.5s 855 Thread 428: finished !!!
7198.5s 856 Thread 431: getting 97 links ...
7202.7s 857 Thread 421: finished !!!
7202.7s 858 Thread 432: getting 95 links ...
7206.1s 859 Thread 419: finished !!!
7206.1s 860 Thread 433: getting 94 links ...
7209.6s 861 Thread 429: finished !!!
7209.6s 862 Thread 434: getting 93 links ...
7214.2s 863 Thread 423: finished !!!
7214.2s 864 Thread 435: getting 93 links ...
7216.3s 865 Thread 432: finished !!!
7216.3s 866 Thread 436: getting 92 links ...
7216.3s 867 Thread 433: finished !!!
7216.3s 868 Thread 437: getting 91 links ...
7218.7s 869 Thread 435: finished !!!
7218.7s 870 Thread 438: getting 90 links ...
7220.1s 871 Thread 431: finished !!!
7220.1s 872 Thread 439: getting 90 links ...
7222.6s 873 Thread 427: finished !!!
7222.6s 874 Thread 440: getting 90 links ...
7223.8s 875 Thread 436: finished !!!
7223.8s 876 Thread 441: getting 88 links ...
7225.3s 877 Thread 439: finished !!!
7225.3s 878 Thread 442: getting 86 links ...
7225.3s 879 Thread 430: finished !!!
7225.3s 880 Thread 443: getting 85 links ...
7227.9s 881 Thread 426: finished !!!
7227.9s 882 Thread 444: getting 82 links ...
7228.4s 883 Thread 437: finished !!!
7228.4s 884 Thread 445: getting 81 links ...
7229.2s 885 Thread 443: finished !!!
7229.2s 886 Thread 446: getting 81 links ...
7232.4s 887 Thread 434: finished !!!
7232.4s 888 Thread 447: getting 81 links ...
7233.3s 889 Thread 438: finished !!!
7233.3s 890 Thread 448: getting 76 links ...
7237.3s 891 Thread 444: finished !!!
7237.3s 892 Thread 449: getting 71 links ...
7237.8s 893 Thread 440: finished !!!
7237.8s 894 Thread 450: getting 71 links ...
7240.3s 895 Thread 442: finished !!!
7240.3s 896 Thread 451: getting 67 links ...
7240.7s 897 Thread 450: finished !!!
7240.7s 898 Thread 452: getting 66 links ...
7240.7s 899 Thread 446: finished !!!
7240.7s 900 Thread 453: getting 62 links ...
7245.6s 901 Thread 451: finished !!!
7245.6s 902 Thread 454: getting 62 links ...
7246.9s 903 Thread 449: finished !!!
7246.9s 904 Thread 455: getting 59 links ...
7247.2s 905 Thread 441: finished !!!
7247.2s 906 Thread 456: getting 59 links ...
7247.2s 907 Thread 448: finished !!!
7247.2s 908 Thread 457: getting 58 links ...
7248.6s 909 Thread 454: finished !!!
7248.6s 910 Thread 458: getting 57 links ...
7249.0s 911 Thread 453: finished !!!
7249.0s 912 Thread 459: getting 57 links ...
7249.0s 913 Thread 452: finished !!!
7249.0s 914 Thread 460: getting 57 links ...
7250.2s 915 Thread 457: finished !!!
7250.2s 916 Thread 461: getting 57 links ...
7252.0s 917 Thread 460: finished !!!
7252.0s 918 Thread 462: getting 57 links ...
7255.6s 919 Thread 461: finished !!!
7255.6s 920 Thread 463: getting 57 links ...
7256.3s 921 Thread 447: finished !!!
7256.3s 922 Thread 464: getting 57 links ...
7256.5s 923 Thread 458: finished !!!
7256.5s 924 Thread 465: getting 57 links ...
7260.9s 925 Thread 455: finished !!!
7260.9s 926 Thread 466: getting 56 links ...
7264.4s 927 Thread 463: finished !!!
7264.4s 928 Thread 467: getting 56 links ...
7265.6s 929 Thread 465: finished !!!
7265.6s 930 Thread 468: getting 56 links ...
7266.0s 931 Thread 462: finished !!!
7266.1s 932 Thread 469: getting 56 links ...
7266.7s 933 Thread 445: finished !!!
7266.7s 934 Thread 470: getting 56 links ...
7268.0s 935 Thread 464: finished !!!
7268.0s 936 Thread 471: getting 56 links ...
7268.2s 937 Thread 467: finished !!!
7268.2s 938 Thread 472: getting 56 links ...
7269.8s 939 Thread 468: finished !!!
7269.8s 940 Thread 473: getting 56 links ...
7270.6s 941 Thread 456: finished !!!
7270.6s 942 Thread 474: getting 56 links ...
7272.2s 943 Thread 466: finished !!!
7272.2s 944 Thread 475: getting 56 links ...
7274.1s 945 Thread 473: finished !!!
7274.1s 946 Thread 476: getting 55 links ...
7274.7s 947 Thread 470: finished !!!
7274.7s 948 Thread 477: getting 54 links ...
7275.1s 949 Thread 475: finished !!!
7275.1s 950 Thread 478: getting 54 links ...
7276.2s 951 Thread 474: finished !!!
7276.2s 952 Thread 479: getting 53 links ...
7276.5s 953 Thread 471: finished !!!
7276.5s 954 Thread 480: getting 53 links ...
7276.5s 955 Thread 459: finished !!!
7276.5s 956 Thread 481: getting 53 links ...
7278.6s 957 Thread 477: finished !!!
7278.6s 958 Thread 482: getting 53 links ...
7279.5s 959 Thread 476: finished !!!
7279.5s 960 Thread 483: getting 52 links ...
7279.5s 961 Thread 469: finished !!!
7279.5s 962 Thread 484: getting 52 links ...
7280.6s 963 Thread 480: finished !!!
7280.6s 964 Thread 485: getting 51 links ...
7281.4s 965 Thread 479: finished !!!
7281.4s 966 Thread 486: getting 51 links ...
7282.5s 967 Thread 481: finished !!!
7282.5s 968 Thread 487: getting 51 links ...
7284.0s 969 Thread 486: finished !!!
7284.0s 970 Thread 488: getting 51 links ...
7287.5s 971 Thread 472: finished !!!
7287.5s 972 Thread 489: getting 50 links ...
7287.5s 973 Thread 488: finished !!!
7287.5s 974 Thread 490: getting 50 links ...
7288.1s 975 Thread 487: finished !!!
7288.1s 976 Thread 491: getting 50 links ...
7288.1s 977 Thread 478: finished !!!
7288.1s 978 Thread 492: getting 50 links ...
7288.4s 979 Thread 484: finished !!!
7288.4s 980 Thread 493: getting 50 links ...
7289.0s 981 Thread 482: finished !!!
7289.0s 982 Thread 494: getting 50 links ...
7291.0s 983 Thread 492: finished !!!
7291.0s 984 Thread 495: getting 50 links ...
7293.0s 985 Thread 494: finished !!!
7293.0s 986 Thread 496: getting 50 links ...
7296.0s 987 Thread 485: finished !!!
7296.0s 988 Thread 497: getting 50 links ...
7297.0s 989 Thread 493: finished !!!
7297.0s 990 Thread 498: getting 49 links ...
7301.1s 991 Thread 496: finished !!!
7301.1s 992 Thread 499: getting 49 links ...
7301.3s 993 Thread 490: finished !!!
7301.3s 994 Thread 500: getting 48 links ...
7302.2s 995 Thread 489: finished !!!
7302.2s 996 Thread 501: getting 47 links ...
7303.6s 997 Thread 483: finished !!!
7303.6s 998 Thread 502: getting 46 links ...
7303.9s 999 Thread 498: finished !!!
7303.9s 1000 Thread 503: getting 46 links ...
7303.9s 1001 Thread 499: finished !!!
7303.9s 1002 Thread 504: getting 46 links ...
7306.5s 1003 Thread 500: finished !!!
7306.5s 1004 Thread 505: getting 45 links ...
7308.7s 1005 Thread 495: finished !!!
7308.7s 1006 Thread 506: getting 45 links ...
7308.7s 1007 Thread 501: finished !!!
7308.7s 1008 Thread 507: getting 45 links ...
7310.1s 1009 Thread 502: finished !!!
7310.1s 1010 Thread 508: getting 45 links ...
7310.1s 1011 Thread 505: finished !!!
7310.1s 1012 Thread 509: getting 45 links ...
7311.5s 1013 Thread 497: finished !!!
7311.5s 1014 Thread 510: getting 45 links ...
7311.5s 1015 Thread 491: finished !!!
7311.5s 1016 Thread 511: getting 45 links ...
7313.4s 1017 Thread 509: finished !!!
7313.4s 1018 Thread 512: getting 45 links ...
7315.2s 1019 Thread 510: finished !!!
7315.2s 1020 Thread 513: getting 45 links ...
7317.3s 1021 Thread 506: finished !!!
7317.3s 1022 Thread 514: getting 45 links ...
7319.4s 1023 Thread 507: finished !!!
7319.4s 1024 Thread 515: getting 45 links ...
7319.4s 1025 Thread 508: finished !!!
7319.4s 1026 Thread 516: getting 45 links ...
7325.0s 1027 Thread 514: finished !!!
7325.0s 1028 Thread 517: getting 45 links ...
7325.2s 1029 Thread 503: finished !!!
7325.2s 1030 Thread 518: getting 44 links ...
7325.7s 1031 Thread 515: finished !!!
7325.7s 1032 Thread 519: getting 43 links ...
7326.8s 1033 Thread 512: finished !!!
7326.8s 1034 Thread 520: getting 43 links ...
7326.8s 1035 Thread 511: finished !!!
7326.8s 1036 Thread 521: getting 43 links ...
7331.3s 1037 Thread 521: finished !!!
7331.3s 1038 Thread 522: getting 43 links ...
7331.8s 1039 Thread 517: finished !!!
7331.8s 1040 Thread 523: getting 42 links ...
7335.0s 1041 Thread 504: finished !!!
7335.0s 1042 Thread 524: getting 42 links ...
7335.0s 1043 Thread 516: finished !!!
7335.0s 1044 Thread 525: getting 42 links ...
7335.0s 1045 Thread 523: finished !!!
7335.0s 1046 Thread 526: getting 42 links ...
7336.8s 1047 Thread 518: finished !!!
7336.8s 1048 Thread 527: getting 42 links ...
7338.2s 1049 Thread 513: finished !!!
7338.2s 1050 Thread 528: getting 42 links ...
7339.4s 1051 Thread 526: finished !!!
7339.4s 1052 Thread 529: getting 41 links ...
7341.3s 1053 Thread 528: finished !!!
7341.3s 1054 Thread 530: getting 40 links ...
7341.3s 1055 Thread 522: finished !!!
7341.3s 1056 Thread 531: getting 40 links ...
7343.4s 1057 Thread 531: finished !!!
7343.4s 1058 Thread 532: getting 40 links ...
7345.1s 1059 Thread 527: finished !!!
7345.1s 1060 Thread 533: getting 39 links ...
7345.6s 1061 Thread 520: finished !!!
7345.6s 1062 Thread 534: getting 38 links ...
7345.9s 1063 Thread 524: finished !!!
7345.9s 1064 Thread 535: getting 38 links ...
7346.2s 1065 Thread 519: finished !!!
7346.2s 1066 Thread 536: getting 38 links ...
7348.5s 1067 Thread 525: finished !!!
7348.5s 1068 Thread 537: getting 38 links ...
7349.5s 1069 Thread 536: finished !!!
7349.5s 1070 Thread 538: getting 38 links ...
7350.1s 1071 Thread 535: finished !!!
7350.1s 1072 Thread 539: getting 37 links ...
7351.2s 1073 Thread 529: finished !!!
7351.2s 1074 Thread 540: getting 37 links ...
7353.3s 1075 Thread 534: finished !!!
7353.3s 1076 Thread 541: getting 37 links ...
7354.5s 1077 Thread 533: finished !!!
7354.5s 1078 Thread 542: getting 37 links ...
7355.5s 1079 Thread 540: finished !!!
7355.5s 1080 Thread 543: getting 37 links ...
7355.5s 1081 Thread 538: finished !!!
7355.5s 1082 Thread 544: getting 35 links ...
7356.3s 1083 Thread 537: finished !!!
7356.3s 1084 Thread 545: getting 35 links ...
7359.4s 1085 Thread 532: finished !!!
7359.4s 1086 Thread 546: getting 34 links ...
7359.8s 1087 Thread 543: finished !!!
7359.8s 1088 Thread 547: getting 34 links ...
7361.6s 1089 Thread 545: finished !!!
7361.6s 1090 Thread 548: getting 34 links ...
7361.6s 1091 Thread 541: finished !!!
7361.6s 1092 Thread 549: getting 33 links ...
7362.7s 1093 Thread 530: finished !!!
7362.7s 1094 Thread 550: getting 32 links ...
7362.7s 1095 Thread 539: finished !!!
7362.7s 1096 Thread 551: getting 31 links ...
7364.0s 1097 Thread 547: finished !!!
7364.0s 1098 Thread 552: getting 31 links ...
7365.1s 1099 Thread 551: finished !!!
7365.1s 1100 Thread 553: getting 31 links ...
7365.3s 1101 Thread 550: finished !!!
7365.3s 1102 Thread 554: getting 30 links ...
7367.5s 1103 Thread 552: finished !!!
7367.5s 1104 Thread 555: getting 30 links ...
7368.0s 1105 Thread 549: finished !!!
7368.0s 1106 Thread 556: getting 30 links ...
7368.0s 1107 Thread 554: finished !!!
7368.0s 1108 Thread 557: getting 29 links ...
7368.0s 1109 Thread 553: finished !!!
7368.0s 1110 Thread 558: getting 29 links ...
7370.3s 1111 Thread 542: finished !!!
7370.3s 1112 Thread 559: getting 29 links ...
7370.8s 1113 Thread 558: finished !!!
7370.8s 1114 Thread 560: getting 28 links ...
7370.8s 1115 Thread 544: finished !!!
7370.8s 1116 Thread 561: getting 28 links ...
7373.4s 1117 Thread 560: finished !!!
7373.4s 1118 Thread 562: getting 26 links ...
7373.7s 1119 Thread 559: finished !!!
7373.7s 1120 Thread 563: getting 26 links ...
7374.0s 1121 Thread 556: finished !!!
7374.0s 1122 Thread 564: getting 25 links ...
7375.8s 1123 Thread 563: finished !!!
7375.8s 1124 Thread 565: getting 23 links ...
7377.5s 1125 Thread 557: finished !!!
7377.5s 1126 Thread 566: getting 23 links ...
7377.9s 1127 Thread 562: finished !!!
7377.9s 1128 Thread 567: getting 23 links ...
7377.9s 1129 Thread 565: finished !!!
7377.9s 1130 Thread 568: getting 23 links ...
7378.2s 1131 Thread 555: finished !!!
7378.2s 1132 Thread 569: getting 23 links ...
7378.7s 1133 Thread 564: finished !!!
7378.7s 1134 Thread 570: getting 23 links ...
7379.6s 1135 Thread 566: finished !!!
7379.6s 1136 Thread 571: getting 23 links ...
7379.6s 1137 Thread 567: finished !!!
7379.6s 1138 Thread 572: getting 23 links ...
7379.6s 1139 Thread 561: finished !!!
7379.6s 1140 Thread 573: getting 22 links ...
7379.6s 1141 Thread 569: finished !!!
7379.6s 1142 Thread 574: getting 21 links ...
7379.9s 1143 Thread 546: finished !!!
7379.9s 1144 Thread 575: getting 21 links ...
7382.3s 1145 Thread 571: finished !!!
7382.3s 1146 Thread 576: getting 21 links ...
7383.4s 1147 Thread 575: finished !!!
7383.4s 1148 Thread 577: getting 20 links ...
7384.5s 1149 Thread 570: finished !!!
7384.5s 1150 Thread 578: getting 19 links ...
7385.1s 1151 Thread 568: finished !!!
7385.1s 1152 Thread 579: getting 17 links ...
7385.6s 1153 Thread 574: finished !!!
7385.6s 1154 Thread 580: getting 17 links ...
7387.0s 1155 Thread 580: finished !!!
7387.0s 1156 Thread 581: getting 17 links ...
7388.6s 1157 Thread 579: finished !!!
7388.6s 1158 Thread 582: getting 17 links ...
7388.9s 1159 Thread 573: finished !!!
7388.9s 1160 Thread 583: getting 16 links ...
7390.0s 1161 Thread 577: finished !!!
7390.0s 1162 Thread 584: getting 16 links ...
7391.2s 1163 Thread 583: finished !!!
7391.2s 1164 Thread 585: getting 16 links ...
7391.2s 1165 Thread 576: finished !!!
7391.2s 1166 Thread 586: getting 16 links ...
7392.2s 1167 Thread 548: finished !!!
7392.2s 1168 Thread 587: getting 16 links ...
7392.2s 1169 Thread 584: finished !!!
7392.2s 1170 Thread 588: getting 16 links ...
7393.7s 1171 Thread 582: finished !!!
7393.7s 1172 Thread 589: getting 15 links ...
7394.1s 1173 Thread 588: finished !!!
7394.1s 1174 Thread 590: getting 15 links ...
7394.9s 1175 Thread 585: finished !!!
7394.9s 1176 Thread 591: getting 13 links ...
7396.3s 1177 Thread 587: finished !!!
7396.3s 1178 Thread 592: getting 13 links ...
7397.0s 1179 Thread 578: finished !!!
7397.0s 1180 Thread 593: getting 13 links ...
7397.0s 1181 Thread 591: finished !!!
7397.0s 1182 Thread 594: getting 12 links ...
7397.3s 1183 Thread 572: finished !!!
7397.3s 1184 Thread 595: getting 12 links ...
7397.6s 1185 Thread 590: finished !!!
7397.6s 1186 Thread 596: getting 12 links ...
7398.3s 1187 Thread 589: finished !!!
7398.3s 1188 Thread 597: getting 12 links ...
7399.5s 1189 Thread 593: finished !!!
7399.5s 1190 Thread 598: getting 12 links ...
7399.5s 1191 Thread 595: finished !!!
7399.5s 1192 Thread 599: getting 12 links ...
7401.0s 1193 Thread 586: finished !!!
7401.0s 1194 Thread 600: getting 11 links ...
7401.0s 1195 Thread 581: finished !!!
7401.0s 1196 Thread 601: getting 11 links ...
7402.4s 1197 Thread 596: finished !!!
7402.4s 1198 Thread 602: getting 11 links ...
7403.1s 1199 Thread 599: finished !!!
7403.1s 1200 Thread 603: getting 10 links ...
7405.1s 1201 Thread 602: finished !!!
7405.1s 1202 Thread 604: getting 10 links ...
7407.4s 1203 Thread 594: finished !!!
7407.4s 1204 Thread 605: getting 10 links ...
7407.7s 1205 Thread 592: finished !!!
7407.7s 1206 Thread 606: getting 10 links ...
7407.7s 1207 Thread 598: finished !!!
7407.7s 1208 Thread 607: getting 10 links ...
7408.3s 1209 Thread 604: finished !!!
7408.3s 1210 Thread 608: getting 10 links ...
7409.0s 1211 Thread 601: finished !!!
7409.0s 1212 Thread 609: getting 10 links ...
7409.0s 1213 Thread 603: finished !!!
7409.0s 1214 Thread 610: getting 10 links ...
7410.3s 1215 Thread 597: finished !!!
7410.3s 1216 Thread 611: getting 10 links ...
7412.0s 1217 Thread 605: finished !!!
7412.0s 1218 Thread 612: getting 10 links ...
7412.8s 1219 Thread 608: finished !!!
7412.8s 1220 Thread 613: getting 10 links ...
7414.0s 1221 Thread 600: finished !!!
7414.0s 1222 Thread 614: getting 10 links ...
7414.2s 1223 Thread 609: finished !!!
7414.2s 1224 Thread 615: getting 10 links ...
7415.4s 1225 Thread 613: finished !!!
7415.4s 1226 Thread 616: getting 10 links ...
7416.0s 1227 Thread 614: finished !!!
7416.0s 1228 Thread 617: getting 10 links ...
7418.0s 1229 Thread 610: finished !!!
7418.0s 1230 Thread 618: getting 10 links ...
7418.3s 1231 Thread 615: finished !!!
7418.3s 1232 Thread 619: getting 10 links ...
7419.0s 1233 Thread 617: finished !!!
7419.0s 1234 Thread 620: getting 10 links ...
7419.0s 1235 Thread 611: finished !!!
7419.0s 1236 Thread 621: getting 10 links ...
7419.6s 1237 Thread 616: finished !!!
7419.6s 1238 Thread 622: getting 9 links ...
7419.9s 1239 Thread 619: finished !!!
7419.9s 1240 Thread 623: getting 9 links ...
7421.7s 1241 Thread 607: finished !!!
7421.7s 1242 Thread 624: getting 9 links ...
7422.1s 1243 Thread 621: finished !!!
7422.1s 1244 Thread 625: getting 9 links ...
7423.4s 1245 Thread 623: finished !!!
7423.4s 1246 Thread 626: getting 9 links ...
7424.0s 1247 Thread 612: finished !!!
7424.0s 1248 Thread 627: getting 9 links ...
7424.4s 1249 Thread 625: finished !!!
7424.4s 1250 Thread 628: getting 9 links ...
7425.3s 1251 Thread 606: finished !!!
7425.3s 1252 Thread 629: getting 9 links ...
7426.4s 1253 Thread 627: finished !!!
7426.4s 1254 Thread 630: getting 8 links ...
7426.4s 1255 Thread 628: finished !!!
7426.4s 1256 Thread 631: getting 8 links ...
7426.9s 1257 Thread 620: finished !!!
7426.9s 1258 Thread 632: getting 8 links ...
7426.9s 1259 Thread 624: finished !!!
7426.9s 1260 Thread 633: getting 8 links ...
7427.6s 1261 Thread 622: finished !!!
7427.6s 1262 Thread 634: getting 8 links ...
7427.8s 1263 Thread 626: finished !!!
7427.8s 1264 Thread 635: getting 8 links ...
7428.3s 1265 Thread 618: finished !!!
7428.3s 1266 Thread 636: getting 8 links ...
7430.1s 1267 Thread 629: finished !!!
7430.1s 1268 Thread 637: getting 8 links ...
7430.7s 1269 Thread 634: finished !!!
7430.7s 1270 Thread 638: getting 7 links ...
7430.7s 1271 Thread 630: finished !!!
7430.7s 1272 Thread 639: getting 6 links ...
7431.5s 1273 Thread 632: finished !!!
7431.5s 1274 Thread 640: getting 6 links ...
7432.5s 1275 Thread 637: finished !!!
7432.5s 1276 Thread 641: getting 6 links ...
7433.0s 1277 Thread 639: finished !!!
7433.0s 1278 Thread 642: getting 6 links ...
7434.7s 1279 Thread 642: finished !!!
7434.7s 1280 Thread 643: getting 6 links ...
7435.3s 1281 Thread 638: finished !!!
7435.3s 1282 Thread 644: getting 6 links ...
7437.7s 1283 Thread 644: finished !!!
7437.7s 1284 Thread 645: getting 6 links ...
7438.2s 1285 Thread 641: finished !!!
7438.2s 1286 Thread 646: getting 6 links ...
7438.7s 1287 Thread 633: finished !!!
7438.7s 1288 Thread 647: getting 6 links ...
7439.5s 1289 Thread 631: finished !!!
7439.5s 1290 Thread 648: getting 6 links ...
7440.6s 1291 Thread 645: finished !!!
7440.6s 1292 Thread 649: getting 6 links ...
7440.6s 1293 Thread 635: finished !!!
7440.6s 1294 Thread 650: getting 6 links ...
7442.8s 1295 Thread 640: finished !!!
7442.8s 1296 Thread 651: getting 6 links ...
7442.8s 1297 Thread 648: finished !!!
7442.8s 1298 Thread 652: getting 6 links ...
7443.7s 1299 Thread 651: finished !!!
7443.7s 1300 Thread 653: getting 6 links ...
7444.0s 1301 Thread 636: finished !!!
7444.0s 1302 Thread 654: getting 5 links ...
7444.0s 1303 Thread 647: finished !!!
7444.0s 1304 Thread 655: getting 5 links ...
7445.1s 1305 Thread 655: finished !!!
7445.1s 1306 Thread 656: getting 5 links ...
7445.6s 1307 Thread 653: finished !!!
7445.6s 1308 Thread 657: getting 5 links ...
7446.5s 1309 Thread 656: finished !!!
7446.5s 1310 Thread 658: getting 5 links ...
7446.8s 1311 Thread 650: finished !!!
7446.8s 1312 Thread 659: getting 5 links ...
7447.6s 1313 Thread 646: finished !!!
7447.6s 1314 Thread 660: getting 5 links ...
7447.8s 1315 Thread 643: finished !!!
7447.8s 1316 Thread 661: getting 5 links ...
7449.3s 1317 Thread 654: finished !!!
7449.3s 1318 Thread 662: getting 5 links ...
7450.3s 1319 Thread 659: finished !!!
7450.3s 1320 Thread 663: getting 5 links ...
7450.6s 1321 Thread 662: finished !!!
7450.6s 1322 Thread 664: getting 5 links ...
7451.4s 1323 Thread 652: finished !!!
7451.4s 1324 Thread 665: getting 4 links ...
7451.8s 1325 Thread 663: finished !!!
7451.8s 1326 Thread 666: getting 4 links ...
7452.1s 1327 Thread 661: finished !!!
7452.1s 1328 Thread 667: getting 4 links ...
7452.8s 1329 Thread 665: finished !!!
7452.8s 1330 Thread 668: getting 4 links ...
7453.8s 1331 Thread 658: finished !!!
7453.8s 1332 Thread 669: getting 4 links ...
7456.0s 1333 Thread 667: finished !!!
7456.0s 1334 Thread 670: getting 4 links ...
7456.2s 1335 Thread 669: finished !!!
7456.2s 1336 Thread 671: getting 4 links ...
7456.4s 1337 Thread 649: finished !!!
7456.4s 1338 Thread 672: getting 4 links ...
7456.4s 1339 Thread 668: finished !!!
7456.4s 1340 Thread 673: getting 4 links ...
7457.2s 1341 Thread 672: finished !!!
7457.2s 1342 Thread 674: getting 4 links ...
7457.7s 1343 Thread 657: finished !!!
7457.7s 1344 Thread 675: getting 4 links ...
7459.3s 1345 Thread 675: finished !!!
7459.3s 1346 Thread 676: getting 4 links ...
7459.6s 1347 Thread 670: finished !!!
7459.6s 1348 Thread 677: getting 4 links ...
7459.6s 1349 Thread 674: finished !!!
7459.6s 1350 Thread 678: getting 4 links ...
7460.6s 1351 Thread 677: finished !!!
7460.6s 1352 Thread 679: getting 4 links ...
7461.9s 1353 Thread 673: finished !!!
7461.9s 1354 Thread 680: getting 3 links ...
7461.9s 1355 Thread 666: finished !!!
7461.9s 1356 Thread 681: getting 3 links ...
7462.2s 1357 Thread 678: finished !!!
7462.2s 1358 Thread 682: getting 3 links ...
7462.2s 1359 Thread 664: finished !!!
7462.2s 1360 Thread 683: getting 3 links ...
7463.9s 1361 Thread 681: finished !!!
7463.9s 1362 Thread 684: getting 3 links ...
7463.9s 1363 Thread 680: finished !!!
7463.9s 1364 Thread 685: getting 3 links ...
7464.3s 1365 Thread 671: finished !!!
7464.3s 1366 Thread 686: getting 3 links ...
7465.2s 1367 Thread 685: finished !!!
7465.2s 1368 Thread 687: getting 3 links ...
7466.2s 1369 Thread 676: finished !!!
7466.2s 1370 Thread 688: getting 3 links ...
7468.3s 1371 Thread 682: finished !!!
7468.3s 1372 Thread 689: getting 3 links ...
7468.5s 1373 Thread 683: finished !!!
7468.5s 1374 Thread 690: getting 3 links ...
7468.9s 1375 Thread 679: finished !!!
7468.9s 1376 Thread 691: getting 3 links ...
7469.6s 1377 Thread 690: finished !!!
7469.6s 1378 Thread 692: getting 3 links ...
7469.6s 1379 Thread 684: finished !!!
7469.6s 1380 Thread 693: getting 3 links ...
7470.5s 1381 Thread 691: finished !!!
7470.5s 1382 Thread 694: getting 3 links ...
7470.5s 1383 Thread 687: finished !!!
7470.5s 1384 Thread 695: getting 3 links ...
7471.3s 1385 Thread 693: finished !!!
7471.3s 1386 Thread 696: getting 2 links ...
7472.3s 1387 Thread 660: finished !!!
7472.3s 1388 Thread 697: getting 2 links ...
7472.3s 1389 Thread 692: finished !!!
7472.3s 1390 Thread 698: getting 2 links ...
7472.3s 1391 Thread 696: finished !!!
7472.3s 1392 Thread 699: getting 2 links ...
7472.8s 1393 Thread 688: finished !!!
7472.8s 1394 Thread 700: getting 2 links ...
7472.8s 1395 Thread 695: finished !!!
7472.8s 1396 Thread 701: getting 2 links ...
7473.0s 1397 Thread 686: finished !!!
7473.0s 1398 Thread 702: getting 2 links ...
7474.2s 1399 Thread 701: finished !!!
7474.2s 1400 Thread 703: getting 2 links ...
7478.2s 1401 Thread 697: finished !!!
7478.2s 1402 Thread 704: getting 2 links ...
7478.2s 1403 Thread 703: finished !!!
7478.2s 1404 Thread 705: getting 2 links ...
7478.7s 1405 Thread 699: finished !!!
7478.7s 1406 Thread 706: getting 2 links ...
7479.0s 1407 Thread 705: finished !!!
7479.0s 1408 Thread 707: getting 2 links ...
7481.5s 1409 Thread 700: finished !!!
7481.5s 1410 Thread 708: getting 2 links ...
7481.7s 1411 Thread 694: finished !!!
7481.7s 1412 Thread 709: getting 2 links ...
7481.7s 1413 Thread 706: finished !!!
7481.7s 1414 Thread 710: getting 2 links ...
7482.3s 1415 Thread 704: finished !!!
7482.3s 1416 Thread 711: getting 2 links ...
7483.6s 1417 Thread 709: finished !!!
7483.6s 1418 Thread 712: getting 2 links ...
7483.8s 1419 Thread 698: finished !!!
7483.8s 1420 Thread 713: getting 2 links ...
7484.1s 1421 Thread 707: finished !!!
7484.1s 1422 Thread 714: getting 2 links ...
7485.9s 1423 Thread 708: finished !!!
7485.9s 1424 Thread 715: getting 2 links ...
7486.5s 1425 Thread 711: finished !!!
7486.5s 1426 Thread 716: getting 2 links ...
7488.3s 1427 Thread 712: finished !!!
7488.3s 1428 Thread 717: getting 2 links ...
7489.3s 1429 Thread 710: finished !!!
7489.3s 1430 Thread 718: getting 2 links ...
7489.7s 1431 Thread 702: finished !!!
7489.7s 1432 Thread 719: getting 2 links ...
7491.4s 1433 Thread 717: finished !!!
7491.4s 1434 Thread 720: getting 2 links ...
7491.4s 1435 Thread 719: finished !!!
7491.4s 1436 Thread 721: getting 2 links ...
7491.8s 1437 Thread 718: finished !!!
7491.8s 1438 Thread 722: getting 1 links ...
7492.7s 1439 Thread 722: finished !!!
7492.7s 1440 Thread 723: getting 1 links ...
7493.0s 1441 Thread 716: finished !!!
7493.0s 1442 Thread 724: getting 1 links ...
7493.6s 1443 Thread 714: finished !!!
7493.6s 1444 Thread 725: getting 1 links ...
7494.4s 1445 Thread 723: finished !!!
7494.4s 1446 Thread 726: getting 1 links ...
7494.4s 1447 Thread 689: finished !!!
7494.4s 1448 Thread 727: getting 1 links ...
7494.8s 1449 Thread 713: finished !!!
7494.8s 1450 Thread 728: getting 1 links ...
7494.8s 1451 Thread 720: finished !!!
7494.8s 1452 Thread 729: getting 1 links ...
7495.8s 1453 Thread 727: finished !!!
7495.8s 1454 Thread 730: getting 1 links ...
7496.2s 1455 Thread 728: finished !!!
7496.2s 1456 Thread 731: getting 1 links ...
7496.2s 1457 Thread 725: finished !!!
7496.2s 1458 Thread 732: getting 1 links ...
7496.5s 1459 Thread 721: finished !!!
7496.5s 1460 Thread 733: getting 1 links ...
7496.8s 1461 Thread 726: finished !!!
7496.8s 1462 Thread 734: getting 1 links ...
7497.5s 1463 Thread 731: finished !!!
7497.5s 1464 Thread 735: getting 1 links ...
7497.5s 1465 Thread 733: finished !!!
7497.5s 1466 Thread 736: getting 1 links ...
7497.8s 1467 Thread 730: finished !!!
7497.8s 1468 Thread 737: getting 1 links ...
7497.8s 1469 Thread 715: finished !!!
7497.8s 1470 Thread 738: getting 1 links ...
7498.3s 1471 Thread 732: finished !!!
7498.3s 1472 Thread 739: getting 1 links ...
7498.3s 1473 Thread 735: finished !!!
7498.3s 1474 Thread 740: getting 1 links ...
7499.0s 1475 Thread 737: finished !!!
7499.0s 1476 Thread 741: getting 1 links ...
7499.0s 1477 Thread 736: finished !!!
7499.0s 1478 Thread 742: getting 1 links ...
7499.0s 1479 Thread 729: finished !!!
7499.0s 1480 Thread 743: getting 1 links ...
7499.3s 1481 Thread 734: finished !!!
7499.3s 1482 Thread 744: getting 1 links ...
7499.6s 1483 Thread 739: finished !!!
7499.6s 1484 Thread 745: getting 1 links ...
7499.6s 1485 Thread 740: finished !!!
7499.6s 1486 Thread 746: getting 1 links ...
7499.8s 1487 Thread 742: finished !!!
7499.8s 1488 Thread 747: getting 1 links ...
7499.8s 1489 Thread 741: finished !!!
7499.8s 1490 Thread 748: getting 1 links ...
7500.4s 1491 Thread 744: finished !!!
7500.4s 1492 Thread 749: getting 1 links ...
7500.4s 1493 Thread 724: finished !!!
7500.4s 1494 Thread 750: getting 1 links ...
7500.7s 1495 Thread 748: finished !!!
7500.7s 1496 Thread 751: getting 1 links ...
7500.7s 1497 Thread 746: finished !!!
7500.7s 1498 Thread 752: getting 1 links ...
7501.2s 1499 Thread 743: finished !!!
7501.2s 1500 Thread 753: getting 1 links ...
7501.9s 1501 Thread 749: finished !!!
7501.9s 1502 Thread 754: getting 1 links ...
7501.9s 1503 Thread 745: finished !!!
7501.9s 1504 Thread 755: getting 1 links ...
7502.7s 1505 Thread 751: finished !!!
7502.7s 1506 Thread 756: getting 1 links ...
7503.0s 1507 Thread 753: finished !!!
7503.0s 1508 Thread 757: getting 1 links ...
7503.5s 1509 Thread 756: finished !!!
7503.5s 1510 Thread 758: getting 1 links ...
7504.1s 1511 Thread 754: finished !!!
7504.1s 1512 Thread 759: getting 1 links ...
7504.1s 1513 Thread 752: finished !!!
7504.1s 1514 Thread 760: getting 1 links ...
7504.1s 1515 Thread 758: finished !!!
7504.1s 1516 Thread 761: getting 1 links ...
7504.8s 1517 Thread 755: finished !!!
7504.8s 1518 Thread 762: getting 1 links ...
7505.4s 1519 Thread 760: finished !!!
7505.4s 1520 Thread 763: getting 1 links ...
7505.9s 1521 Thread 762: finished !!!
7505.9s 1522 Thread 764: getting 1 links ...
7506.1s 1523 Thread 759: finished !!!
7506.1s 1524 Thread 765: getting 1 links ...
7506.1s 1525 Thread 763: finished !!!
7506.1s 1526 Thread 766: getting 1 links ...
7506.6s 1527 Thread 764: finished !!!
7506.6s 1528 Thread 767: getting 1 links ...
7506.9s 1529 Thread 765: finished !!!
7506.9s 1530 Thread 768: getting 1 links ...
7507.7s 1531 Thread 766: finished !!!
7507.7s 1532 Thread 769: getting 1 links ...
7508.2s 1533 Thread 768: finished !!!
7508.2s 1534 Thread 770: getting 1 links ...
7508.7s 1535 Thread 767: finished !!!
7508.7s 1536 Thread 771: getting 1 links ...
7509.6s 1537 Thread 769: finished !!!
7509.6s 1538 Thread 772: getting 1 links ...
7510.7s 1539 Thread 747: finished !!!
7510.7s 1540 Thread 773: getting 1 links ...
7511.6s 1541 Thread 772: finished !!!
7511.6s 1542 Thread 774: getting 1 links ...
7511.6s 1543 Thread 773: finished !!!
7512.2s 1544 Thread 750: finished !!!
7513.4s 1545 Thread 774: finished !!!
7515.7s 1546 Thread 738: finished !!!
7517.4s 1547 Thread 761: finished !!!
7518.5s 1548 Thread 771: finished !!!
7519.9s 1549 Thread 770: finished !!!
7519.9s 1550 Thread 757: finished !!!
7533.9s 1551 !!!!!! Finished Scraping Links !!!!!!
7533.9s 1552 for-rent data len: 76306
7533.9s 1553 for-sale data len: 37092
7539.1s 1554 /opt/conda/lib/python3.10/site-packages/traitlets/traitlets.py:2930: FutureWarning: --Exporter.preprocessors=["remove_papermill_header.RemovePapermillHeader"] for containers is deprecated in traitlets 5.0. You can pass `--Exporter.preprocessors item` ... multiple times to add items to a list.
7539.1s 1555 warn(
7539.1s 1556 [NbConvertApp] WARNING | Config option `kernel_spec_manager_class` not recognized by `NbConvertApp`.
7539.1s 1557 [NbConvertApp] Converting notebook __notebook__.ipynb to notebook
7539.6s 1558 [NbConvertApp] Writing 75574 bytes to __notebook__.ipynb
7541.3s 1559 /opt/conda/lib/python3.10/site-packages/traitlets/traitlets.py:2930: FutureWarning: --Exporter.preprocessors=["nbconvert.preprocessors.ExtractOutputPreprocessor"] for containers is deprecated in traitlets 5.0. You can pass `--Exporter.preprocessors item` ... multiple times to add items to a list.
7541.3s 1560 warn(
7541.3s 1561 [NbConvertApp] WARNING | Config option `kernel_spec_manager_class` not recognized by `NbConvertApp`.
7541.3s 1562 [NbConvertApp] Converting notebook __notebook__.ipynb to html
7542.3s 1563 [NbConvertApp] Writing 358584 bytes to __results__.html