11.8s 1 Number of threads: 34
11.8s 2 Thread 1: getting 18252 links ...
11.8s 3 Thread 2: getting 17501 links ...
11.8s 4 Thread 3: getting 17363 links ...
11.8s 5 Thread 4: getting 17280 links ...
11.8s 6 Thread 5: getting 17149 links ...
11.8s 7 Thread 6: getting 17137 links ...
11.8s 8 Thread 7: getting 17136 links ...
11.8s 9 Thread 8: getting 16792 links ...
1029.8s 10 There is an invalid link: https://propertyhub.in.th/en/condo-for-rent/st-theresa-school
1342.9s 11 There is an invalid link: https://propertyhub.in.th/en/condo-for-sale/st-theresa-school
1342.9s 12 Thread 4: finished !!!
1342.9s 13 Thread 9: getting 16180 links ...
2846.5s 14 Thread 5: finished !!!
2846.5s 15 Thread 10: getting 16089 links ...
2890.4s 16 Thread 6: finished !!!
2890.4s 17 Thread 11: getting 16043 links ...
2986.6s 18 There is an invalid link: https://propertyhub.in.th/en/condo-for-sale/mrt-phetchaburi
2986.6s 19 Thread 8: finished !!!
2986.6s 20 Thread 12: getting 15983 links ...
3044.0s 21 Thread 2: finished !!!
3044.0s 22 Thread 13: getting 15609 links ...
3134.8s 23 Thread 7: finished !!!
3134.8s 24 Thread 14: getting 15070 links ...
3400.9s 25 Thread 1: finished !!!
3400.9s 26 Thread 15: getting 15057 links ...
3424.1s 27 Thread 3: finished !!!
3424.1s 28 Thread 16: getting 14071 links ...
3962.4s 29 Thread 9: finished !!!
3962.4s 30 Thread 17: getting 13761 links ...
4999.7s 31 Thread 10: finished !!!
4999.7s 32 Thread 18: getting 13740 links ...
5153.7s 33 Thread 13: finished !!!
5153.7s 34 Thread 19: getting 13241 links ...
5168.5s 35 Thread 11: finished !!!
5168.5s 36 Thread 20: getting 12913 links ...
5244.3s 37 Thread 14: finished !!!
5244.3s 38 Thread 21: getting 12737 links ...
5246.7s 39 Thread 12: finished !!!
5246.7s 40 Thread 22: getting 12647 links ...
5388.2s 41 Thread 16: finished !!!
5388.2s 42 Thread 23: getting 12633 links ...
5579.9s 43 Thread 15: finished !!!
5579.9s 44 Thread 24: getting 12632 links ...
6288.9s 45 Thread 17: finished !!!
6288.9s 46 Thread 25: getting 12602 links ...
6766.7s 47 Thread 19: finished !!!
6766.7s 48 Thread 26: getting 12569 links ...
6785.6s 49 Thread 20: finished !!!
6785.6s 50 Thread 27: getting 12421 links ...
6795.5s 51 Thread 22: finished !!!
6795.5s 52 Thread 28: getting 12418 links ...
6814.0s 53 Thread 18: finished !!!
6814.0s 54 Thread 29: getting 12383 links ...
6905.2s 55 Thread 23: finished !!!
6905.2s 56 Thread 30: getting 12252 links ...
6912.5s 57 Thread 21: finished !!!
6912.5s 58 Thread 31: getting 11868 links ...
7203.3s 59 Thread 24: finished !!!
7203.3s 60 Thread 32: getting 11761 links ...
7599.3s 61 Thread 25: finished !!!
7599.3s 62 Thread 33: getting 11696 links ...
7753.7s 63 Thread 26: finished !!!
7753.7s 64 Thread 34: getting 11616 links ...
7798.4s 65 Thread 31: finished !!!
7838.2s 66 Thread 32: finished !!!
7864.5s 67 Thread 27: finished !!!
7866.3s 68 Thread 28: finished !!!
7876.2s 69 Thread 30: finished !!!
7896.7s 70 Thread 29: finished !!!
8109.8s 71 Thread 33: finished !!!
8193.3s 72 Thread 34: finished !!!
8194.8s 73 !!!!!! Finished Scraping Links !!!!!!
8194.8s 74 for-rent data len: 86408
8194.8s 75 for-sale data len: 41533
8197.9s 76 /opt/conda/lib/python3.10/site-packages/traitlets/traitlets.py:2930: FutureWarning: --Exporter.preprocessors=["remove_papermill_header.RemovePapermillHeader"] for containers is deprecated in traitlets 5.0. You can pass `--Exporter.preprocessors item` ... multiple times to add items to a list.
8197.9s 77 warn(
8197.9s 78 [NbConvertApp] WARNING | Config option `kernel_spec_manager_class` not recognized by `NbConvertApp`.
8197.9s 79 [NbConvertApp] Converting notebook __notebook__.ipynb to notebook
8198.2s 80 [NbConvertApp] Writing 16371 bytes to __notebook__.ipynb
8199.7s 81 /opt/conda/lib/python3.10/site-packages/traitlets/traitlets.py:2930: FutureWarning: --Exporter.preprocessors=["nbconvert.preprocessors.ExtractOutputPreprocessor"] for containers is deprecated in traitlets 5.0. You can pass `--Exporter.preprocessors item` ... multiple times to add items to a list.
8199.7s 82 warn(
8199.7s 83 [NbConvertApp] WARNING | Config option `kernel_spec_manager_class` not recognized by `NbConvertApp`.
8199.7s 84 [NbConvertApp] Converting notebook __notebook__.ipynb to html
8200.5s 85 [NbConvertApp] Writing 315638 bytes to __results__.html