12.9s 1 1st batch: for-sale data len: 26253
13.1s 2 Thread 1: Scraping for 1641 links ...Thread 2: Scraping for 1641 links ...
13.1s 3 
13.1s 4 Thread 3: Scraping for 1640 links ...
13.1s 5 Thread 4: Scraping for 1641 links ...
13.1s 6 Thread 5: Scraping for 1641 links ...
13.1s 7 Thread 6: Scraping for 1641 links ...
13.1s 8 Thread 7: Scraping for 1641 links ...
13.1s 9 Thread 8: Scraping for 1640 links ...
2252.6s 10 Error at https://propertyhub.in.th/en/listings/1-br-condo-at-voque-sukhumvit-16-condominium-near-mrt-queen-sirikit-national-convention-centre-id-883887---3566476
2914.3s 11 Error at https://propertyhub.in.th/en/listings/bast-price-387k-sq-m-duplex-penthouse-2-beds-3-baths-with-bathtub-top-fl-bts-phloen-chit-at-noble-ploenchit-condo-for-sale---3452517
10140.2s 12 Thread 2: !!! Scraping completed
10140.2s 13 Thread 9: Scraping for 1641 links ...
10379.8s 14 Thread 3: !!! Scraping completed
10379.8s 15 Thread 10: Scraping for 1641 links ...
10424.6s 16 Thread 1: !!! Scraping completed
10424.6s 17 Thread 11: Scraping for 1641 links ...
10443.3s 18 Thread 4: !!! Scraping completed
10443.3s 19 Thread 12: Scraping for 1641 links ...
10820.2s 20 Thread 5: !!! Scraping completed
10820.2s 21 Thread 13: Scraping for 1641 links ...
10931.5s 22 Thread 6: !!! Scraping completed
10931.5s 23 Thread 14: Scraping for 1640 links ...
11184.3s 24 Thread 7: !!! Scraping completed (1 errors, 0 invalid links)
11184.3s 25 Thread 15: Scraping for 1641 links ...
11255.8s 26 Thread 8: !!! Scraping completed (1 errors, 1 invalid links)
11255.8s 27 Thread 16: Scraping for 1641 links ...
16642.5s 28 Thread 9: !!! Scraping completed
16658.2s 29 Thread 15: !!! Scraping completed
16659.6s 30 Thread 16: !!! Scraping completed
16835.6s 31 Thread 11: !!! Scraping completed
16867.1s 32 Thread 10: !!! Scraping completed
16949.5s 33 Thread 12: !!! Scraping completed
17009.4s 34 Thread 14: !!! Scraping completed
17123.8s 35 Thread 13: !!! Scraping completed
17128.9s 36 Total output length: 26243
17132.9s 37 /opt/conda/lib/python3.10/site-packages/traitlets/traitlets.py:2930: FutureWarning: --Exporter.preprocessors=["remove_papermill_header.RemovePapermillHeader"] for containers is deprecated in traitlets 5.0. You can pass `--Exporter.preprocessors item` ... multiple times to add items to a list.
17132.9s 38 warn(
17132.9s 39 [NbConvertApp] WARNING | Config option `kernel_spec_manager_class` not recognized by `NbConvertApp`.
17132.9s 40 [NbConvertApp] Converting notebook __notebook__.ipynb to notebook
17133.4s 41 [NbConvertApp] Writing 23559 bytes to __notebook__.ipynb
17135.1s 42 /opt/conda/lib/python3.10/site-packages/traitlets/traitlets.py:2930: FutureWarning: --Exporter.preprocessors=["nbconvert.preprocessors.ExtractOutputPreprocessor"] for containers is deprecated in traitlets 5.0. You can pass `--Exporter.preprocessors item` ... multiple times to add items to a list.
17135.1s 43 warn(
17135.1s 44 [NbConvertApp] WARNING | Config option `kernel_spec_manager_class` not recognized by `NbConvertApp`.
17135.1s 45 [NbConvertApp] Converting notebook __notebook__.ipynb to html
17136.1s 46 [NbConvertApp] Writing 336990 bytes to __results__.html