14.7s 1 3rd batch: for-rent data len: 26553
14.9s 2 Thread 33: Scraping for 1660 links ...
14.9s 3 Thread 34: Scraping for 1659 links ...
14.9s 4 Thread 35: Scraping for 1660 links ...
14.9s 5 Thread 36: Scraping for 1659 links ...
14.9s 6 Thread 37: Scraping for 1660 links ...
14.9s 7 Thread 38: Scraping for 1659 links ...
14.9s 8 Thread 39: Scraping for 1660 links ...
14.9s 9 Thread 40: Scraping for 1659 links ...
5891.8s 10 Thread 35: !!! Scraping completed
5891.8s 11 Thread 41: Scraping for 1660 links ...
6089.6s 12 Thread 36: !!! Scraping completed
6089.6s 13 Thread 42: Scraping for 1660 links ...
6183.8s 14 Thread 34: !!! Scraping completed
6183.8s 15 Thread 43: Scraping for 1659 links ...
6244.8s 16 Thread 37: !!! Scraping completed
6244.8s 17 Thread 44: Scraping for 1660 links ...
6257.9s 18 Thread 40: !!! Scraping completed
6257.9s 19 Thread 45: Scraping for 1659 links ...
6541.2s 20 Thread 38: !!! Scraping completed
6541.2s 21 Thread 46: Scraping for 1660 links ...
6571.2s 22 Thread 39: !!! Scraping completed
6571.2s 23 Thread 47: Scraping for 1659 links ...
6717.8s 24 Thread 33: !!! Scraping completed
6717.8s 25 Thread 48: Scraping for 1660 links ...
14935.6s 26 Thread 41: !!! Scraping completed
14995.0s 27 Thread 42: !!! Scraping completed
15572.8s 28 Thread 45: !!! Scraping completed
15801.9s 29 Thread 43: !!! Scraping completed
15887.5s 30 Thread 46: !!! Scraping completed
16002.5s 31 Thread 47: !!! Scraping completed
16013.2s 32 Thread 44: !!! Scraping completed
16082.3s 33 Thread 48: !!! Scraping completed
16086.3s 34 Total output length: 26505
16090.2s 35 /opt/conda/lib/python3.10/site-packages/traitlets/traitlets.py:2930: FutureWarning: --Exporter.preprocessors=["remove_papermill_header.RemovePapermillHeader"] for containers is deprecated in traitlets 5.0. You can pass `--Exporter.preprocessors item` ... multiple times to add items to a list.
16090.2s 36 warn(
16090.2s 37 [NbConvertApp] WARNING | Config option `kernel_spec_manager_class` not recognized by `NbConvertApp`.
16090.2s 38 [NbConvertApp] Converting notebook __notebook__.ipynb to notebook
16090.7s 39 [NbConvertApp] Writing 23162 bytes to __notebook__.ipynb
16092.4s 40 /opt/conda/lib/python3.10/site-packages/traitlets/traitlets.py:2930: FutureWarning: --Exporter.preprocessors=["nbconvert.preprocessors.ExtractOutputPreprocessor"] for containers is deprecated in traitlets 5.0. You can pass `--Exporter.preprocessors item` ... multiple times to add items to a list.
16092.4s 41 warn(
16092.4s 42 [NbConvertApp] WARNING | Config option `kernel_spec_manager_class` not recognized by `NbConvertApp`.
16092.5s 43 [NbConvertApp] Converting notebook __notebook__.ipynb to html
16093.5s 44 [NbConvertApp] Writing 336710 bytes to __results__.html