15.5s 1 4th batch: for-rent data len: 26553
15.7s 2 Thread 49: Scraping for 1660 links ...
15.7s 3 Thread 50: Scraping for 1659 links ...
15.7s 4 Thread 51: Scraping for 1660 links ...
15.7s 5 Thread 52: Scraping for 1659 links ...
15.7s 6 Thread 53: Scraping for 1660 links ...
15.7s 7 Thread 54: Scraping for 1659 links ...
15.7s 8 Thread 55: Scraping for 1660 links ...
15.7s 9 Thread 56: Scraping for 1660 links ...
2391.2s 10 Error at https://propertyhub.in.th/en/listings/for-rent-lumpini-ville-sukhumvit109-bearing-1-bed-26-5-sq-m-7th-floor---489930
2933.3s 11 Error at https://propertyhub.in.th/en/listings/rich-park-triple-station--b45f09ef---3745410
4785.5s 12 Error at https://propertyhub.in.th/en/listings/for-rent-rye-sukhumvit-101-1-nice-room-separate-kitchen-7th-floor---3774220
10301.7s 13 Thread 51: !!! Scraping completed
10301.7s 14 Thread 57: Scraping for 1659 links ...
10346.0s 15 Thread 54: !!! Scraping completed
10346.0s 16 Thread 58: Scraping for 1660 links ...
10383.4s 17 Thread 52: !!! Scraping completed (1 errors, 3 invalid links)
10383.4s 18 Thread 59: Scraping for 1659 links ...
10485.1s 19 Thread 56: !!! Scraping completed
10485.1s 20 Thread 60: Scraping for 1660 links ...
10537.4s 21 Thread 53: !!! Scraping completed (1 errors, 2 invalid links)
10537.4s 22 Thread 61: Scraping for 1659 links ...
10643.5s 23 Thread 50: !!! Scraping completed
10643.5s 24 Thread 62: Scraping for 1660 links ...
10665.6s 25 Thread 49: !!! Scraping completed
10665.6s 26 Thread 63: Scraping for 1659 links ...
10944.1s 27 Thread 55: !!! Scraping completed (1 errors, 0 invalid links)
10944.1s 28 Thread 64: Scraping for 1660 links ...
16658.3s 29 Thread 63: !!! Scraping completed
16723.8s 30 Thread 57: !!! Scraping completed
16740.7s 31 Thread 58: !!! Scraping completed
16825.2s 32 Thread 64: !!! Scraping completed
16868.3s 33 Thread 60: !!! Scraping completed
16884.8s 34 Thread 61: !!! Scraping completed
16924.6s 35 Thread 62: !!! Scraping completed
16933.9s 36 Thread 59: !!! Scraping completed
16938.3s 37 Total output length: 26414
16942.5s 38 /opt/conda/lib/python3.10/site-packages/traitlets/traitlets.py:2930: FutureWarning: --Exporter.preprocessors=["remove_papermill_header.RemovePapermillHeader"] for containers is deprecated in traitlets 5.0. You can pass `--Exporter.preprocessors item` ... multiple times to add items to a list.
16942.5s 39 warn(
16942.5s 40 [NbConvertApp] WARNING | Config option `kernel_spec_manager_class` not recognized by `NbConvertApp`.
16942.6s 41 [NbConvertApp] Converting notebook __notebook__.ipynb to notebook
16943.1s 42 [NbConvertApp] Writing 23621 bytes to __notebook__.ipynb
16945.3s 43 /opt/conda/lib/python3.10/site-packages/traitlets/traitlets.py:2930: FutureWarning: --Exporter.preprocessors=["nbconvert.preprocessors.ExtractOutputPreprocessor"] for containers is deprecated in traitlets 5.0. You can pass `--Exporter.preprocessors item` ... multiple times to add items to a list.
16945.3s 44 warn(
16945.3s 45 [NbConvertApp] WARNING | Config option `kernel_spec_manager_class` not recognized by `NbConvertApp`.
16945.3s 46 [NbConvertApp] Converting notebook __notebook__.ipynb to html
16946.5s 47 [NbConvertApp] Writing 337135 bytes to __results__.html