17.2s 1 2nd batch: for-sale data len: 26253
17.4s 2 Thread 17: Scraping for 1641 links ...
17.4s 3 Thread 18: Scraping for 1641 links ...
17.4s 4 Thread 19: Scraping for 1640 links ...
17.4s 5 Thread 20: Scraping for 1641 links ...
17.4s 6 Thread 21: Scraping for 1641 links ...
17.4s 7 Thread 22: Scraping for 1641 links ...
17.4s 8 Thread 23: Scraping for 1641 links ...
17.4s 9 Thread 24: Scraping for 1641 links ...
2417.0s 10 Error at https://propertyhub.in.th/en/listings/aspire-sukhumvit-48--b21a09a6---3710025
3230.8s 11 Error at https://propertyhub.in.th/en/listings/sn2-416-sale-u-vibha-ladprao-zloth---3629458
10811.5s 12 Thread 21: !!! Scraping completed
10811.5s 13 Thread 25: Scraping for 1640 links ...
10835.2s 14 Thread 20: !!! Scraping completed (1 errors, 2 invalid links)
10835.2s 15 Thread 26: Scraping for 1641 links ...
10970.2s 16 Thread 24: !!! Scraping completed
10970.2s 17 Thread 27: Scraping for 1641 links ...
11084.2s 18 Thread 19: !!! Scraping completed
11084.2s 19 Thread 28: Scraping for 1641 links ...
11096.6s 20 Thread 22: !!! Scraping completed
11096.6s 21 Thread 29: Scraping for 1641 links ...
11271.9s 22 Thread 23: !!! Scraping completed
11271.9s 23 Thread 30: Scraping for 1640 links ...
11475.5s 24 Thread 18: !!! Scraping completed
11475.5s 25 Thread 31: Scraping for 1641 links ...
11990.6s 26 Thread 17: !!! Scraping completed (1 errors, 1 invalid links)
11990.6s 27 Thread 32: Scraping for 1641 links ...
16851.2s 28 Thread 29: !!! Scraping completed
17111.3s 29 Thread 30: !!! Scraping completed
17136.4s 30 Thread 27: !!! Scraping completed
17143.4s 31 Thread 26: !!! Scraping completed
17195.4s 32 Thread 31: !!! Scraping completed
17214.1s 33 Thread 28: !!! Scraping completed
17231.2s 34 Thread 32: !!! Scraping completed
17272.4s 35 Thread 25: !!! Scraping completed
17278.1s 36 Total output length: 26211
17282.5s 37 /opt/conda/lib/python3.10/site-packages/traitlets/traitlets.py:2930: FutureWarning: --Exporter.preprocessors=["remove_papermill_header.RemovePapermillHeader"] for containers is deprecated in traitlets 5.0. You can pass `--Exporter.preprocessors item` ... multiple times to add items to a list.
17282.5s 38 warn(
17282.5s 39 [NbConvertApp] WARNING | Config option `kernel_spec_manager_class` not recognized by `NbConvertApp`.
17282.5s 40 [NbConvertApp] Converting notebook __notebook__.ipynb to notebook
17283.0s 41 [NbConvertApp] Writing 23418 bytes to __notebook__.ipynb
17285.1s 42 /opt/conda/lib/python3.10/site-packages/traitlets/traitlets.py:2930: FutureWarning: --Exporter.preprocessors=["nbconvert.preprocessors.ExtractOutputPreprocessor"] for containers is deprecated in traitlets 5.0. You can pass `--Exporter.preprocessors item` ... multiple times to add items to a list.
17285.1s 43 warn(
17285.1s 44 [NbConvertApp] WARNING | Config option `kernel_spec_manager_class` not recognized by `NbConvertApp`.
17285.1s 45 [NbConvertApp] Converting notebook __notebook__.ipynb to html
17286.3s 46 [NbConvertApp] Writing 336945 bytes to __results__.html