17.2s 1 1st batch: for-rent data len: 26553
17.4s 2 Thread 1: Scraping 1660 links ...
17.4s 3 Thread 2: Scraping 1659 links ...
17.4s 4 Thread 3: Scraping 1660 links ...
17.4s 5 Thread 4: Scraping 1659 links ...
17.4s 6 Thread 5: Scraping 1660 links ...
17.4s 7 Thread 6: Scraping 1659 links ...
17.4s 8 Thread 7: Scraping 1660 links ...
17.4s 9 Thread 8: Scraping 1659 links ...
8023.6s 10 Thread 3: !!! Scraping completed
8023.6s 11 Thread 9: Scraping 1660 links ...
8163.5s 12 Thread 4: !!! Scraping completed
8163.5s 13 Thread 10: Scraping 1660 links ...
8172.7s 14 Thread 1: !!! Scraping completed
8172.7s 15 Thread 11: Scraping 1659 links ...
8183.3s 16 Thread 2: !!! Scraping completed
8183.3s 17 Thread 12: Scraping 1660 links ...
8257.4s 18 Thread 6: !!! Scraping completed
8257.4s 19 Thread 13: Scraping 1659 links ...
8363.4s 20 Thread 8: !!! Scraping completed
8363.4s 21 Thread 14: Scraping 1660 links ...
8458.7s 22 Thread 7: !!! Scraping completed
8458.7s 23 Thread 15: Scraping 1659 links ...
8509.4s 24 Thread 5: !!! Scraping completed
8509.4s 25 Thread 16: Scraping 1660 links ...
9264.9s 26 Error at https://propertyhub.in.th/en/listings/best-view-super-high-fl-40-1-bed-mrt-sukhumvit-20-m-bts-asok-230-m-condo-for-rent---3649023
19933.3s 27 Thread 9: !!! Scraping completed (1 errors, 3 invalid links)
20031.9s 28 Thread 10: !!! Scraping completed
20254.9s 29 Thread 13: !!! Scraping completed
20306.2s 30 Thread 11: !!! Scraping completed
20328.0s 31 Thread 16: !!! Scraping completed
20353.0s 32 Thread 12: !!! Scraping completed
20417.6s 33 Thread 15: !!! Scraping completed
20566.5s 34 Thread 14: !!! Scraping completed
20573.6s 35 Total output length: 26524
20578.2s 36 /opt/conda/lib/python3.10/site-packages/traitlets/traitlets.py:2930: FutureWarning: --Exporter.preprocessors=["remove_papermill_header.RemovePapermillHeader"] for containers is deprecated in traitlets 5.0. You can pass `--Exporter.preprocessors item` ... multiple times to add items to a list.
20578.2s 37 warn(
20578.2s 38 [NbConvertApp] WARNING | Config option `kernel_spec_manager_class` not recognized by `NbConvertApp`.
20578.2s 39 [NbConvertApp] Converting notebook __notebook__.ipynb to notebook
20578.8s 40 [NbConvertApp] Writing 23258 bytes to __notebook__.ipynb
20580.8s 41 /opt/conda/lib/python3.10/site-packages/traitlets/traitlets.py:2930: FutureWarning: --Exporter.preprocessors=["nbconvert.preprocessors.ExtractOutputPreprocessor"] for containers is deprecated in traitlets 5.0. You can pass `--Exporter.preprocessors item` ... multiple times to add items to a list.
20580.8s 42 warn(
20580.8s 43 [NbConvertApp] WARNING | Config option `kernel_spec_manager_class` not recognized by `NbConvertApp`.
20580.8s 44 [NbConvertApp] Converting notebook __notebook__.ipynb to html
20582.1s 45 [NbConvertApp] Writing 336692 bytes to __results__.html