17.5s 1 2nd batch: for-rent data len: 26553
17.7s 2 Thread 17: Scraping for 1660 links ...
17.7s 3 Thread 18: Scraping for 1659 links ...
17.7s 4 Thread 19: Scraping for 1660 links ...
17.7s 5 Thread 20: Scraping for 1659 links ...
17.7s 6 Thread 21: Scraping for 1660 links ...
17.7s 7 Thread 22: Scraping for 1659 links ...
17.7s 8 Thread 23: Scraping for 1660 links ...
17.7s 9 Thread 24: Scraping for 1660 links ...
8484.2s 10 Thread 18: !!! Scraping completed
8484.2s 11 Thread 25: Scraping for 1659 links ...
8631.4s 12 Thread 17: !!! Scraping completed
8631.4s 13 Thread 26: Scraping for 1660 links ...
8854.7s 14 Thread 19: !!! Scraping completed
8854.7s 15 Thread 27: Scraping for 1659 links ...
9004.1s 16 Thread 22: !!! Scraping completed
9004.1s 17 Thread 28: Scraping for 1660 links ...
9019.7s 18 Thread 24: !!! Scraping completed
9019.7s 19 Thread 29: Scraping for 1659 links ...
9076.0s 20 Thread 20: !!! Scraping completed
9076.0s 21 Thread 30: Scraping for 1660 links ...
9187.8s 22 Thread 21: !!! Scraping completed
9187.8s 23 Thread 31: Scraping for 1659 links ...
9808.8s 24 Thread 23: !!! Scraping completed
9808.8s 25 Thread 32: Scraping for 1660 links ...
11310.2s 26 Error at https://propertyhub.in.th/en/listings/for-rent-centric-ratchada-huai-khwang-1-bedroom-12th-floor-near-mrt-huai-khwang-⭕line-id-972wwrmd---3751204
13305.8s 27 Error at https://propertyhub.in.th/en/listings/new-room-rent-2bed1bath-ideo-q-victory-48sqm-38-000---3371393
20044.8s 28 Thread 25: !!! Scraping completed
20258.4s 29 Thread 26: !!! Scraping completed (1 errors, 1 invalid links)
20270.5s 30 Thread 31: !!! Scraping completed
20312.9s 31 Thread 30: !!! Scraping completed
20406.3s 32 Thread 28: !!! Scraping completed
20494.9s 33 Thread 27: !!! Scraping completed (1 errors, 2 invalid links)
20596.5s 34 Thread 29: !!! Scraping completed
20614.9s 35 Thread 32: !!! Scraping completed
20621.4s 36 Total output length: 26532
20625.9s 37 /opt/conda/lib/python3.10/site-packages/traitlets/traitlets.py:2930: FutureWarning: --Exporter.preprocessors=["remove_papermill_header.RemovePapermillHeader"] for containers is deprecated in traitlets 5.0. You can pass `--Exporter.preprocessors item` ... multiple times to add items to a list.
20625.9s 38 warn(
20625.9s 39 [NbConvertApp] WARNING | Config option `kernel_spec_manager_class` not recognized by `NbConvertApp`.
20625.9s 40 [NbConvertApp] Converting notebook __notebook__.ipynb to notebook
20626.4s 41 [NbConvertApp] Writing 23515 bytes to __notebook__.ipynb
20628.5s 42 /opt/conda/lib/python3.10/site-packages/traitlets/traitlets.py:2930: FutureWarning: --Exporter.preprocessors=["nbconvert.preprocessors.ExtractOutputPreprocessor"] for containers is deprecated in traitlets 5.0. You can pass `--Exporter.preprocessors item` ... multiple times to add items to a list.
20628.5s 43 warn(
20628.5s 44 [NbConvertApp] WARNING | Config option `kernel_spec_manager_class` not recognized by `NbConvertApp`.
20628.5s 45 [NbConvertApp] Converting notebook __notebook__.ipynb to html
20629.7s 46 [NbConvertApp] Writing 337031 bytes to __results__.html